2021-04-23 12:54:41.153532: I tensorflow/stream_executor/platform/default/dso_loader.cc:48] Successfully opened dynamic library libcudart.so.10.1
Some weights of BertU were not initialized from the model checkpoint at bert-large-cased and are newly initialized: ['bert.img_embeddings.img_linear.weight', 'bert.img_embeddings.img_linear.bias', 'bert.img_embeddings.img_layer_norm.weight', 'bert.img_embeddings.img_layer_norm.bias', 'bert.img_embeddings.pos_layer_norm.weight', 'bert.img_embeddings.pos_layer_norm.bias', 'bert.img_embeddings.pos_linear.weight', 'bert.img_embeddings.pos_linear.bias', 'bert.img_embeddings.LayerNorm.weight', 'bert.img_embeddings.LayerNorm.bias']
You should probably TRAIN this model on a down-stream task to be able to use it for predictions and inference.
Load 8596 data from split(s) train.
Start to load Faster-RCNN detected objects from data/HM_img.tsv
Loaded 8596 images in file data/HM_img.tsv in 48 seconds.
Use 8596 data in torch dataset

Load 500 data from split(s) dev_seen.
Start to load Faster-RCNN detected objects from data/HM_img.tsv
Loaded 500 images in file data/HM_img.tsv in 38 seconds.
Use 500 data in torch dataset

UNEXPECTED:  []
MISSING:  ['bert.img_embeddings.img_linear.weight', 'bert.img_embeddings.img_linear.bias', 'bert.img_embeddings.img_layer_norm.weight', 'bert.img_embeddings.img_layer_norm.bias', 'bert.img_embeddings.pos_layer_norm.weight', 'bert.img_embeddings.pos_layer_norm.bias', 'bert.img_embeddings.pos_linear.weight', 'bert.img_embeddings.pos_linear.bias', 'bert.img_embeddings.LayerNorm.weight', 'bert.img_embeddings.LayerNorm.bias']
ERRORS:  []
REINITING:  Linear(in_features=1024, out_features=2048, bias=True)
REINITING:  GeLU()
REINITING:  LayerNorm((2048,), eps=1e-12, elementwise_affine=True)
REINITING:  Linear(in_features=2048, out_features=2, bias=True)
REINITING:  Sequential(
  (0): Linear(in_features=1024, out_features=2048, bias=True)
  (1): GeLU()
  (2): LayerNorm((2048,), eps=1e-12, elementwise_affine=True)
  (3): Linear(in_features=2048, out_features=2, bias=True)
)
Total Iters: 5372
Splits in Train data: ['train']
Splits in Valid data: ['dev_seen']
Batches: 2149
/home/ML_courses/DL2020/efratblaier/vilio_env/lib/python3.7/site-packages/torchcontrib/optim/swa.py:130: UserWarning: Casting swa_start, swa_freq to int
  warnings.warn("Casting swa_start, swa_freq to int")
/opt/conda/conda-bld/pytorch_1595629403081/work/aten/src/ATen/native/cuda/ScatterGatherKernel.cu:86: operator(): block: [280,0,0], thread: [0,0,0] Assertion `idx_dim >= 0 && idx_dim < index_size && "index out of bounds"` failed.
/opt/conda/conda-bld/pytorch_1595629403081/work/aten/src/ATen/native/cuda/ScatterGatherKernel.cu:86: operator(): block: [280,0,0], thread: [1,0,0] Assertion `idx_dim >= 0 && idx_dim < index_size && "index out of bounds"` failed.
/opt/conda/conda-bld/pytorch_1595629403081/work/aten/src/ATen/native/cuda/ScatterGatherKernel.cu:86: operator(): block: [280,0,0], thread: [2,0,0] Assertion `idx_dim >= 0 && idx_dim < index_size && "index out of bounds"` failed.
/opt/conda/conda-bld/pytorch_1595629403081/work/aten/src/ATen/native/cuda/ScatterGatherKernel.cu:86: operator(): block: [280,0,0], thread: [3,0,0] Assertion `idx_dim >= 0 && idx_dim < index_size && "index out of bounds"` failed.
/opt/conda/conda-bld/pytorch_1595629403081/work/aten/src/ATen/native/cuda/ScatterGatherKernel.cu:86: operator(): block: [280,0,0], thread: [4,0,0] Assertion `idx_dim >= 0 && idx_dim < index_size && "index out of bounds"` failed.
/opt/conda/conda-bld/pytorch_1595629403081/work/aten/src/ATen/native/cuda/ScatterGatherKernel.cu:86: operator(): block: [280,0,0], thread: [5,0,0] Assertion `idx_dim >= 0 && idx_dim < index_size && "index out of bounds"` failed.
/opt/conda/conda-bld/pytorch_1595629403081/work/aten/src/ATen/native/cuda/ScatterGatherKernel.cu:86: operator(): block: [280,0,0], thread: [6,0,0] Assertion `idx_dim >= 0 && idx_dim < index_size && "index out of bounds"` failed.
/opt/conda/conda-bld/pytorch_1595629403081/work/aten/src/ATen/native/cuda/ScatterGatherKernel.cu:86: operator(): block: [280,0,0], thread: [7,0,0] Assertion `idx_dim >= 0 && idx_dim < index_size && "index out of bounds"` failed.
/opt/conda/conda-bld/pytorch_1595629403081/work/aten/src/ATen/native/cuda/ScatterGatherKernel.cu:86: operator(): block: [280,0,0], thread: [8,0,0] Assertion `idx_dim >= 0 && idx_dim < index_size && "index out of bounds"` failed.
/opt/conda/conda-bld/pytorch_1595629403081/work/aten/src/ATen/native/cuda/ScatterGatherKernel.cu:86: operator(): block: [280,0,0], thread: [9,0,0] Assertion `idx_dim >= 0 && idx_dim < index_size && "index out of bounds"` failed.
/opt/conda/conda-bld/pytorch_1595629403081/work/aten/src/ATen/native/cuda/ScatterGatherKernel.cu:86: operator(): block: [280,0,0], thread: [10,0,0] Assertion `idx_dim >= 0 && idx_dim < index_size && "index out of bounds"` failed.
/opt/conda/conda-bld/pytorch_1595629403081/work/aten/src/ATen/native/cuda/ScatterGatherKernel.cu:86: operator(): block: [280,0,0], thread: [11,0,0] Assertion `idx_dim >= 0 && idx_dim < index_size && "index out of bounds"` failed.
/opt/conda/conda-bld/pytorch_1595629403081/work/aten/src/ATen/native/cuda/ScatterGatherKernel.cu:86: operator(): block: [280,0,0], thread: [12,0,0] Assertion `idx_dim >= 0 && idx_dim < index_size && "index out of bounds"` failed.
/opt/conda/conda-bld/pytorch_1595629403081/work/aten/src/ATen/native/cuda/ScatterGatherKernel.cu:86: operator(): block: [280,0,0], thread: [13,0,0] Assertion `idx_dim >= 0 && idx_dim < index_size && "index out of bounds"` failed.
/opt/conda/conda-bld/pytorch_1595629403081/work/aten/src/ATen/native/cuda/ScatterGatherKernel.cu:86: operator(): block: [280,0,0], thread: [14,0,0] Assertion `idx_dim >= 0 && idx_dim < index_size && "index out of bounds"` failed.
/opt/conda/conda-bld/pytorch_1595629403081/work/aten/src/ATen/native/cuda/ScatterGatherKernel.cu:86: operator(): block: [280,0,0], thread: [15,0,0] Assertion `idx_dim >= 0 && idx_dim < index_size && "index out of bounds"` failed.
/opt/conda/conda-bld/pytorch_1595629403081/work/aten/src/ATen/native/cuda/ScatterGatherKernel.cu:86: operator(): block: [280,0,0], thread: [16,0,0] Assertion `idx_dim >= 0 && idx_dim < index_size && "index out of bounds"` failed.
/opt/conda/conda-bld/pytorch_1595629403081/work/aten/src/ATen/native/cuda/ScatterGatherKernel.cu:86: operator(): block: [280,0,0], thread: [17,0,0] Assertion `idx_dim >= 0 && idx_dim < index_size && "index out of bounds"` failed.
/opt/conda/conda-bld/pytorch_1595629403081/work/aten/src/ATen/native/cuda/ScatterGatherKernel.cu:86: operator(): block: [280,0,0], thread: [18,0,0] Assertion `idx_dim >= 0 && idx_dim < index_size && "index out of bounds"` failed.
/opt/conda/conda-bld/pytorch_1595629403081/work/aten/src/ATen/native/cuda/ScatterGatherKernel.cu:86: operator(): block: [280,0,0], thread: [19,0,0] Assertion `idx_dim >= 0 && idx_dim < index_size && "index out of bounds"` failed.
/opt/conda/conda-bld/pytorch_1595629403081/work/aten/src/ATen/native/cuda/ScatterGatherKernel.cu:86: operator(): block: [280,0,0], thread: [20,0,0] Assertion `idx_dim >= 0 && idx_dim < index_size && "index out of bounds"` failed.
/opt/conda/conda-bld/pytorch_1595629403081/work/aten/src/ATen/native/cuda/ScatterGatherKernel.cu:86: operator(): block: [280,0,0], thread: [21,0,0] Assertion `idx_dim >= 0 && idx_dim < index_size && "index out of bounds"` failed.
/opt/conda/conda-bld/pytorch_1595629403081/work/aten/src/ATen/native/cuda/ScatterGatherKernel.cu:86: operator(): block: [280,0,0], thread: [22,0,0] Assertion `idx_dim >= 0 && idx_dim < index_size && "index out of bounds"` failed.
/opt/conda/conda-bld/pytorch_1595629403081/work/aten/src/ATen/native/cuda/ScatterGatherKernel.cu:86: operator(): block: [280,0,0], thread: [23,0,0] Assertion `idx_dim >= 0 && idx_dim < index_size && "index out of bounds"` failed.
/opt/conda/conda-bld/pytorch_1595629403081/work/aten/src/ATen/native/cuda/ScatterGatherKernel.cu:86: operator(): block: [280,0,0], thread: [24,0,0] Assertion `idx_dim >= 0 && idx_dim < index_size && "index out of bounds"` failed.
/opt/conda/conda-bld/pytorch_1595629403081/work/aten/src/ATen/native/cuda/ScatterGatherKernel.cu:86: operator(): block: [280,0,0], thread: [25,0,0] Assertion `idx_dim >= 0 && idx_dim < index_size && "index out of bounds"` failed.
/opt/conda/conda-bld/pytorch_1595629403081/work/aten/src/ATen/native/cuda/ScatterGatherKernel.cu:86: operator(): block: [280,0,0], thread: [26,0,0] Assertion `idx_dim >= 0 && idx_dim < index_size && "index out of bounds"` failed.
/opt/conda/conda-bld/pytorch_1595629403081/work/aten/src/ATen/native/cuda/ScatterGatherKernel.cu:86: operator(): block: [280,0,0], thread: [27,0,0] Assertion `idx_dim >= 0 && idx_dim < index_size && "index out of bounds"` failed.
/opt/conda/conda-bld/pytorch_1595629403081/work/aten/src/ATen/native/cuda/ScatterGatherKernel.cu:86: operator(): block: [280,0,0], thread: [28,0,0] Assertion `idx_dim >= 0 && idx_dim < index_size && "index out of bounds"` failed.
/opt/conda/conda-bld/pytorch_1595629403081/work/aten/src/ATen/native/cuda/ScatterGatherKernel.cu:86: operator(): block: [280,0,0], thread: [29,0,0] Assertion `idx_dim >= 0 && idx_dim < index_size && "index out of bounds"` failed.
/opt/conda/conda-bld/pytorch_1595629403081/work/aten/src/ATen/native/cuda/ScatterGatherKernel.cu:86: operator(): block: [280,0,0], thread: [30,0,0] Assertion `idx_dim >= 0 && idx_dim < index_size && "index out of bounds"` failed.
/opt/conda/conda-bld/pytorch_1595629403081/work/aten/src/ATen/native/cuda/ScatterGatherKernel.cu:86: operator(): block: [280,0,0], thread: [31,0,0] Assertion `idx_dim >= 0 && idx_dim < index_size && "index out of bounds"` failed.
/opt/conda/conda-bld/pytorch_1595629403081/work/aten/src/ATen/native/cuda/ScatterGatherKernel.cu:86: operator(): block: [290,0,0], thread: [32,0,0] Assertion `idx_dim >= 0 && idx_dim < index_size && "index out of bounds"` failed.
/opt/conda/conda-bld/pytorch_1595629403081/work/aten/src/ATen/native/cuda/ScatterGatherKernel.cu:86: operator(): block: [290,0,0], thread: [33,0,0] Assertion `idx_dim >= 0 && idx_dim < index_size && "index out of bounds"` failed.
/opt/conda/conda-bld/pytorch_1595629403081/work/aten/src/ATen/native/cuda/ScatterGatherKernel.cu:86: operator(): block: [290,0,0], thread: [34,0,0] Assertion `idx_dim >= 0 && idx_dim < index_size && "index out of bounds"` failed.
/opt/conda/conda-bld/pytorch_1595629403081/work/aten/src/ATen/native/cuda/ScatterGatherKernel.cu:86: operator(): block: [290,0,0], thread: [35,0,0] Assertion `idx_dim >= 0 && idx_dim < index_size && "index out of bounds"` failed.
/opt/conda/conda-bld/pytorch_1595629403081/work/aten/src/ATen/native/cuda/ScatterGatherKernel.cu:86: operator(): block: [290,0,0], thread: [36,0,0] Assertion `idx_dim >= 0 && idx_dim < index_size && "index out of bounds"` failed.
/opt/conda/conda-bld/pytorch_1595629403081/work/aten/src/ATen/native/cuda/ScatterGatherKernel.cu:86: operator(): block: [290,0,0], thread: [37,0,0] Assertion `idx_dim >= 0 && idx_dim < index_size && "index out of bounds"` failed.
/opt/conda/conda-bld/pytorch_1595629403081/work/aten/src/ATen/native/cuda/ScatterGatherKernel.cu:86: operator(): block: [290,0,0], thread: [38,0,0] Assertion `idx_dim >= 0 && idx_dim < index_size && "index out of bounds"` failed.
/opt/conda/conda-bld/pytorch_1595629403081/work/aten/src/ATen/native/cuda/ScatterGatherKernel.cu:86: operator(): block: [290,0,0], thread: [39,0,0] Assertion `idx_dim >= 0 && idx_dim < index_size && "index out of bounds"` failed.
/opt/conda/conda-bld/pytorch_1595629403081/work/aten/src/ATen/native/cuda/ScatterGatherKernel.cu:86: operator(): block: [290,0,0], thread: [40,0,0] Assertion `idx_dim >= 0 && idx_dim < index_size && "index out of bounds"` failed.
/opt/conda/conda-bld/pytorch_1595629403081/work/aten/src/ATen/native/cuda/ScatterGatherKernel.cu:86: operator(): block: [290,0,0], thread: [41,0,0] Assertion `idx_dim >= 0 && idx_dim < index_size && "index out of bounds"` failed.
/opt/conda/conda-bld/pytorch_1595629403081/work/aten/src/ATen/native/cuda/ScatterGatherKernel.cu:86: operator(): block: [290,0,0], thread: [42,0,0] Assertion `idx_dim >= 0 && idx_dim < index_size && "index out of bounds"` failed.
/opt/conda/conda-bld/pytorch_1595629403081/work/aten/src/ATen/native/cuda/ScatterGatherKernel.cu:86: operator(): block: [290,0,0], thread: [43,0,0] Assertion `idx_dim >= 0 && idx_dim < index_size && "index out of bounds"` failed.
/opt/conda/conda-bld/pytorch_1595629403081/work/aten/src/ATen/native/cuda/ScatterGatherKernel.cu:86: operator(): block: [290,0,0], thread: [44,0,0] Assertion `idx_dim >= 0 && idx_dim < index_size && "index out of bounds"` failed.
/opt/conda/conda-bld/pytorch_1595629403081/work/aten/src/ATen/native/cuda/ScatterGatherKernel.cu:86: operator(): block: [290,0,0], thread: [45,0,0] Assertion `idx_dim >= 0 && idx_dim < index_size && "index out of bounds"` failed.
/opt/conda/conda-bld/pytorch_1595629403081/work/aten/src/ATen/native/cuda/ScatterGatherKernel.cu:86: operator(): block: [290,0,0], thread: [46,0,0] Assertion `idx_dim >= 0 && idx_dim < index_size && "index out of bounds"` failed.
/opt/conda/conda-bld/pytorch_1595629403081/work/aten/src/ATen/native/cuda/ScatterGatherKernel.cu:86: operator(): block: [290,0,0], thread: [47,0,0] Assertion `idx_dim >= 0 && idx_dim < index_size && "index out of bounds"` failed.
/opt/conda/conda-bld/pytorch_1595629403081/work/aten/src/ATen/native/cuda/ScatterGatherKernel.cu:86: operator(): block: [290,0,0], thread: [48,0,0] Assertion `idx_dim >= 0 && idx_dim < index_size && "index out of bounds"` failed.
/opt/conda/conda-bld/pytorch_1595629403081/work/aten/src/ATen/native/cuda/ScatterGatherKernel.cu:86: operator(): block: [290,0,0], thread: [49,0,0] Assertion `idx_dim >= 0 && idx_dim < index_size && "index out of bounds"` failed.
/opt/conda/conda-bld/pytorch_1595629403081/work/aten/src/ATen/native/cuda/ScatterGatherKernel.cu:86: operator(): block: [290,0,0], thread: [50,0,0] Assertion `idx_dim >= 0 && idx_dim < index_size && "index out of bounds"` failed.
/opt/conda/conda-bld/pytorch_1595629403081/work/aten/src/ATen/native/cuda/ScatterGatherKernel.cu:86: operator(): block: [290,0,0], thread: [51,0,0] Assertion `idx_dim >= 0 && idx_dim < index_size && "index out of bounds"` failed.
/opt/conda/conda-bld/pytorch_1595629403081/work/aten/src/ATen/native/cuda/ScatterGatherKernel.cu:86: operator(): block: [290,0,0], thread: [52,0,0] Assertion `idx_dim >= 0 && idx_dim < index_size && "index out of bounds"` failed.
/opt/conda/conda-bld/pytorch_1595629403081/work/aten/src/ATen/native/cuda/ScatterGatherKernel.cu:86: operator(): block: [290,0,0], thread: [53,0,0] Assertion `idx_dim >= 0 && idx_dim < index_size && "index out of bounds"` failed.
/opt/conda/conda-bld/pytorch_1595629403081/work/aten/src/ATen/native/cuda/ScatterGatherKernel.cu:86: operator(): block: [290,0,0], thread: [54,0,0] Assertion `idx_dim >= 0 && idx_dim < index_size && "index out of bounds"` failed.
/opt/conda/conda-bld/pytorch_1595629403081/work/aten/src/ATen/native/cuda/ScatterGatherKernel.cu:86: operator(): block: [290,0,0], thread: [55,0,0] Assertion `idx_dim >= 0 && idx_dim < index_size && "index out of bounds"` failed.
/opt/conda/conda-bld/pytorch_1595629403081/work/aten/src/ATen/native/cuda/ScatterGatherKernel.cu:86: operator(): block: [290,0,0], thread: [56,0,0] Assertion `idx_dim >= 0 && idx_dim < index_size && "index out of bounds"` failed.
/opt/conda/conda-bld/pytorch_1595629403081/work/aten/src/ATen/native/cuda/ScatterGatherKernel.cu:86: operator(): block: [290,0,0], thread: [57,0,0] Assertion `idx_dim >= 0 && idx_dim < index_size && "index out of bounds"` failed.
/opt/conda/conda-bld/pytorch_1595629403081/work/aten/src/ATen/native/cuda/ScatterGatherKernel.cu:86: operator(): block: [290,0,0], thread: [58,0,0] Assertion `idx_dim >= 0 && idx_dim < index_size && "index out of bounds"` failed.
/opt/conda/conda-bld/pytorch_1595629403081/work/aten/src/ATen/native/cuda/ScatterGatherKernel.cu:86: operator(): block: [290,0,0], thread: [59,0,0] Assertion `idx_dim >= 0 && idx_dim < index_size && "index out of bounds"` failed.
/opt/conda/conda-bld/pytorch_1595629403081/work/aten/src/ATen/native/cuda/ScatterGatherKernel.cu:86: operator(): block: [290,0,0], thread: [60,0,0] Assertion `idx_dim >= 0 && idx_dim < index_size && "index out of bounds"` failed.
/opt/conda/conda-bld/pytorch_1595629403081/work/aten/src/ATen/native/cuda/ScatterGatherKernel.cu:86: operator(): block: [290,0,0], thread: [61,0,0] Assertion `idx_dim >= 0 && idx_dim < index_size && "index out of bounds"` failed.
/opt/conda/conda-bld/pytorch_1595629403081/work/aten/src/ATen/native/cuda/ScatterGatherKernel.cu:86: operator(): block: [290,0,0], thread: [62,0,0] Assertion `idx_dim >= 0 && idx_dim < index_size && "index out of bounds"` failed.
/opt/conda/conda-bld/pytorch_1595629403081/work/aten/src/ATen/native/cuda/ScatterGatherKernel.cu:86: operator(): block: [290,0,0], thread: [63,0,0] Assertion `idx_dim >= 0 && idx_dim < index_size && "index out of bounds"` failed.
/opt/conda/conda-bld/pytorch_1595629403081/work/aten/src/ATen/native/cuda/ScatterGatherKernel.cu:86: operator(): block: [424,0,0], thread: [0,0,0] Assertion `idx_dim >= 0 && idx_dim < index_size && "index out of bounds"` failed.
/opt/conda/conda-bld/pytorch_1595629403081/work/aten/src/ATen/native/cuda/ScatterGatherKernel.cu:86: operator(): block: [424,0,0], thread: [1,0,0] Assertion `idx_dim >= 0 && idx_dim < index_size && "index out of bounds"` failed.
/opt/conda/conda-bld/pytorch_1595629403081/work/aten/src/ATen/native/cuda/ScatterGatherKernel.cu:86: operator(): block: [424,0,0], thread: [2,0,0] Assertion `idx_dim >= 0 && idx_dim < index_size && "index out of bounds"` failed.
/opt/conda/conda-bld/pytorch_1595629403081/work/aten/src/ATen/native/cuda/ScatterGatherKernel.cu:86: operator(): block: [424,0,0], thread: [3,0,0] Assertion `idx_dim >= 0 && idx_dim < index_size && "index out of bounds"` failed.
/opt/conda/conda-bld/pytorch_1595629403081/work/aten/src/ATen/native/cuda/ScatterGatherKernel.cu:86: operator(): block: [424,0,0], thread: [4,0,0] Assertion `idx_dim >= 0 && idx_dim < index_size && "index out of bounds"` failed.
/opt/conda/conda-bld/pytorch_1595629403081/work/aten/src/ATen/native/cuda/ScatterGatherKernel.cu:86: operator(): block: [424,0,0], thread: [5,0,0] Assertion `idx_dim >= 0 && idx_dim < index_size && "index out of bounds"` failed.
/opt/conda/conda-bld/pytorch_1595629403081/work/aten/src/ATen/native/cuda/ScatterGatherKernel.cu:86: operator(): block: [424,0,0], thread: [6,0,0] Assertion `idx_dim >= 0 && idx_dim < index_size && "index out of bounds"` failed.
/opt/conda/conda-bld/pytorch_1595629403081/work/aten/src/ATen/native/cuda/ScatterGatherKernel.cu:86: operator(): block: [424,0,0], thread: [7,0,0] Assertion `idx_dim >= 0 && idx_dim < index_size && "index out of bounds"` failed.
/opt/conda/conda-bld/pytorch_1595629403081/work/aten/src/ATen/native/cuda/ScatterGatherKernel.cu:86: operator(): block: [424,0,0], thread: [8,0,0] Assertion `idx_dim >= 0 && idx_dim < index_size && "index out of bounds"` failed.
/opt/conda/conda-bld/pytorch_1595629403081/work/aten/src/ATen/native/cuda/ScatterGatherKernel.cu:86: operator(): block: [424,0,0], thread: [9,0,0] Assertion `idx_dim >= 0 && idx_dim < index_size && "index out of bounds"` failed.
/opt/conda/conda-bld/pytorch_1595629403081/work/aten/src/ATen/native/cuda/ScatterGatherKernel.cu:86: operator(): block: [424,0,0], thread: [10,0,0] Assertion `idx_dim >= 0 && idx_dim < index_size && "index out of bounds"` failed.
/opt/conda/conda-bld/pytorch_1595629403081/work/aten/src/ATen/native/cuda/ScatterGatherKernel.cu:86: operator(): block: [424,0,0], thread: [11,0,0] Assertion `idx_dim >= 0 && idx_dim < index_size && "index out of bounds"` failed.
/opt/conda/conda-bld/pytorch_1595629403081/work/aten/src/ATen/native/cuda/ScatterGatherKernel.cu:86: operator(): block: [424,0,0], thread: [12,0,0] Assertion `idx_dim >= 0 && idx_dim < index_size && "index out of bounds"` failed.
/opt/conda/conda-bld/pytorch_1595629403081/work/aten/src/ATen/native/cuda/ScatterGatherKernel.cu:86: operator(): block: [424,0,0], thread: [13,0,0] Assertion `idx_dim >= 0 && idx_dim < index_size && "index out of bounds"` failed.
/opt/conda/conda-bld/pytorch_1595629403081/work/aten/src/ATen/native/cuda/ScatterGatherKernel.cu:86: operator(): block: [424,0,0], thread: [14,0,0] Assertion `idx_dim >= 0 && idx_dim < index_size && "index out of bounds"` failed.
/opt/conda/conda-bld/pytorch_1595629403081/work/aten/src/ATen/native/cuda/ScatterGatherKernel.cu:86: operator(): block: [424,0,0], thread: [15,0,0] Assertion `idx_dim >= 0 && idx_dim < index_size && "index out of bounds"` failed.
/opt/conda/conda-bld/pytorch_1595629403081/work/aten/src/ATen/native/cuda/ScatterGatherKernel.cu:86: operator(): block: [424,0,0], thread: [16,0,0] Assertion `idx_dim >= 0 && idx_dim < index_size && "index out of bounds"` failed.
/opt/conda/conda-bld/pytorch_1595629403081/work/aten/src/ATen/native/cuda/ScatterGatherKernel.cu:86: operator(): block: [424,0,0], thread: [17,0,0] Assertion `idx_dim >= 0 && idx_dim < index_size && "index out of bounds"` failed.
/opt/conda/conda-bld/pytorch_1595629403081/work/aten/src/ATen/native/cuda/ScatterGatherKernel.cu:86: operator(): block: [424,0,0], thread: [18,0,0] Assertion `idx_dim >= 0 && idx_dim < index_size && "index out of bounds"` failed.
/opt/conda/conda-bld/pytorch_1595629403081/work/aten/src/ATen/native/cuda/ScatterGatherKernel.cu:86: operator(): block: [424,0,0], thread: [19,0,0] Assertion `idx_dim >= 0 && idx_dim < index_size && "index out of bounds"` failed.
/opt/conda/conda-bld/pytorch_1595629403081/work/aten/src/ATen/native/cuda/ScatterGatherKernel.cu:86: operator(): block: [424,0,0], thread: [20,0,0] Assertion `idx_dim >= 0 && idx_dim < index_size && "index out of bounds"` failed.
/opt/conda/conda-bld/pytorch_1595629403081/work/aten/src/ATen/native/cuda/ScatterGatherKernel.cu:86: operator(): block: [424,0,0], thread: [21,0,0] Assertion `idx_dim >= 0 && idx_dim < index_size && "index out of bounds"` failed.
/opt/conda/conda-bld/pytorch_1595629403081/work/aten/src/ATen/native/cuda/ScatterGatherKernel.cu:86: operator(): block: [424,0,0], thread: [22,0,0] Assertion `idx_dim >= 0 && idx_dim < index_size && "index out of bounds"` failed.
/opt/conda/conda-bld/pytorch_1595629403081/work/aten/src/ATen/native/cuda/ScatterGatherKernel.cu:86: operator(): block: [424,0,0], thread: [23,0,0] Assertion `idx_dim >= 0 && idx_dim < index_size && "index out of bounds"` failed.
/opt/conda/conda-bld/pytorch_1595629403081/work/aten/src/ATen/native/cuda/ScatterGatherKernel.cu:86: operator(): block: [424,0,0], thread: [24,0,0] Assertion `idx_dim >= 0 && idx_dim < index_size && "index out of bounds"` failed.
/opt/conda/conda-bld/pytorch_1595629403081/work/aten/src/ATen/native/cuda/ScatterGatherKernel.cu:86: operator(): block: [424,0,0], thread: [25,0,0] Assertion `idx_dim >= 0 && idx_dim < index_size && "index out of bounds"` failed.
/opt/conda/conda-bld/pytorch_1595629403081/work/aten/src/ATen/native/cuda/ScatterGatherKernel.cu:86: operator(): block: [424,0,0], thread: [26,0,0] Assertion `idx_dim >= 0 && idx_dim < index_size && "index out of bounds"` failed.
/opt/conda/conda-bld/pytorch_1595629403081/work/aten/src/ATen/native/cuda/ScatterGatherKernel.cu:86: operator(): block: [424,0,0], thread: [27,0,0] Assertion `idx_dim >= 0 && idx_dim < index_size && "index out of bounds"` failed.
/opt/conda/conda-bld/pytorch_1595629403081/work/aten/src/ATen/native/cuda/ScatterGatherKernel.cu:86: operator(): block: [424,0,0], thread: [28,0,0] Assertion `idx_dim >= 0 && idx_dim < index_size && "index out of bounds"` failed.
/opt/conda/conda-bld/pytorch_1595629403081/work/aten/src/ATen/native/cuda/ScatterGatherKernel.cu:86: operator(): block: [424,0,0], thread: [29,0,0] Assertion `idx_dim >= 0 && idx_dim < index_size && "index out of bounds"` failed.
/opt/conda/conda-bld/pytorch_1595629403081/work/aten/src/ATen/native/cuda/ScatterGatherKernel.cu:86: operator(): block: [424,0,0], thread: [30,0,0] Assertion `idx_dim >= 0 && idx_dim < index_size && "index out of bounds"` failed.
/opt/conda/conda-bld/pytorch_1595629403081/work/aten/src/ATen/native/cuda/ScatterGatherKernel.cu:86: operator(): block: [424,0,0], thread: [31,0,0] Assertion `idx_dim >= 0 && idx_dim < index_size && "index out of bounds"` failed.
/opt/conda/conda-bld/pytorch_1595629403081/work/aten/src/ATen/native/cuda/ScatterGatherKernel.cu:86: operator(): block: [376,0,0], thread: [0,0,0] Assertion `idx_dim >= 0 && idx_dim < index_size && "index out of bounds"` failed.
/opt/conda/conda-bld/pytorch_1595629403081/work/aten/src/ATen/native/cuda/ScatterGatherKernel.cu:86: operator(): block: [376,0,0], thread: [1,0,0] Assertion `idx_dim >= 0 && idx_dim < index_size && "index out of bounds"` failed.
/opt/conda/conda-bld/pytorch_1595629403081/work/aten/src/ATen/native/cuda/ScatterGatherKernel.cu:86: operator(): block: [376,0,0], thread: [2,0,0] Assertion `idx_dim >= 0 && idx_dim < index_size && "index out of bounds"` failed.
/opt/conda/conda-bld/pytorch_1595629403081/work/aten/src/ATen/native/cuda/ScatterGatherKernel.cu:86: operator(): block: [376,0,0], thread: [3,0,0] Assertion `idx_dim >= 0 && idx_dim < index_size && "index out of bounds"` failed.
/opt/conda/conda-bld/pytorch_1595629403081/work/aten/src/ATen/native/cuda/ScatterGatherKernel.cu:86: operator(): block: [376,0,0], thread: [4,0,0] Assertion `idx_dim >= 0 && idx_dim < index_size && "index out of bounds"` failed.
/opt/conda/conda-bld/pytorch_1595629403081/work/aten/src/ATen/native/cuda/ScatterGatherKernel.cu:86: operator(): block: [376,0,0], thread: [5,0,0] Assertion `idx_dim >= 0 && idx_dim < index_size && "index out of bounds"` failed.
/opt/conda/conda-bld/pytorch_1595629403081/work/aten/src/ATen/native/cuda/ScatterGatherKernel.cu:86: operator(): block: [376,0,0], thread: [6,0,0] Assertion `idx_dim >= 0 && idx_dim < index_size && "index out of bounds"` failed.
/opt/conda/conda-bld/pytorch_1595629403081/work/aten/src/ATen/native/cuda/ScatterGatherKernel.cu:86: operator(): block: [376,0,0], thread: [7,0,0] Assertion `idx_dim >= 0 && idx_dim < index_size && "index out of bounds"` failed.
/opt/conda/conda-bld/pytorch_1595629403081/work/aten/src/ATen/native/cuda/ScatterGatherKernel.cu:86: operator(): block: [376,0,0], thread: [8,0,0] Assertion `idx_dim >= 0 && idx_dim < index_size && "index out of bounds"` failed.
/opt/conda/conda-bld/pytorch_1595629403081/work/aten/src/ATen/native/cuda/ScatterGatherKernel.cu:86: operator(): block: [376,0,0], thread: [9,0,0] Assertion `idx_dim >= 0 && idx_dim < index_size && "index out of bounds"` failed.
/opt/conda/conda-bld/pytorch_1595629403081/work/aten/src/ATen/native/cuda/ScatterGatherKernel.cu:86: operator(): block: [376,0,0], thread: [10,0,0] Assertion `idx_dim >= 0 && idx_dim < index_size && "index out of bounds"` failed.
/opt/conda/conda-bld/pytorch_1595629403081/work/aten/src/ATen/native/cuda/ScatterGatherKernel.cu:86: operator(): block: [376,0,0], thread: [11,0,0] Assertion `idx_dim >= 0 && idx_dim < index_size && "index out of bounds"` failed.
/opt/conda/conda-bld/pytorch_1595629403081/work/aten/src/ATen/native/cuda/ScatterGatherKernel.cu:86: operator(): block: [376,0,0], thread: [12,0,0] Assertion `idx_dim >= 0 && idx_dim < index_size && "index out of bounds"` failed.
/opt/conda/conda-bld/pytorch_1595629403081/work/aten/src/ATen/native/cuda/ScatterGatherKernel.cu:86: operator(): block: [376,0,0], thread: [13,0,0] Assertion `idx_dim >= 0 && idx_dim < index_size && "index out of bounds"` failed.
/opt/conda/conda-bld/pytorch_1595629403081/work/aten/src/ATen/native/cuda/ScatterGatherKernel.cu:86: operator(): block: [376,0,0], thread: [14,0,0] Assertion `idx_dim >= 0 && idx_dim < index_size && "index out of bounds"` failed.
/opt/conda/conda-bld/pytorch_1595629403081/work/aten/src/ATen/native/cuda/ScatterGatherKernel.cu:86: operator(): block: [376,0,0], thread: [15,0,0] Assertion `idx_dim >= 0 && idx_dim < index_size && "index out of bounds"` failed.
/opt/conda/conda-bld/pytorch_1595629403081/work/aten/src/ATen/native/cuda/ScatterGatherKernel.cu:86: operator(): block: [376,0,0], thread: [16,0,0] Assertion `idx_dim >= 0 && idx_dim < index_size && "index out of bounds"` failed.
/opt/conda/conda-bld/pytorch_1595629403081/work/aten/src/ATen/native/cuda/ScatterGatherKernel.cu:86: operator(): block: [376,0,0], thread: [17,0,0] Assertion `idx_dim >= 0 && idx_dim < index_size && "index out of bounds"` failed.
/opt/conda/conda-bld/pytorch_1595629403081/work/aten/src/ATen/native/cuda/ScatterGatherKernel.cu:86: operator(): block: [376,0,0], thread: [18,0,0] Assertion `idx_dim >= 0 && idx_dim < index_size && "index out of bounds"` failed.
/opt/conda/conda-bld/pytorch_1595629403081/work/aten/src/ATen/native/cuda/ScatterGatherKernel.cu:86: operator(): block: [376,0,0], thread: [19,0,0] Assertion `idx_dim >= 0 && idx_dim < index_size && "index out of bounds"` failed.
/opt/conda/conda-bld/pytorch_1595629403081/work/aten/src/ATen/native/cuda/ScatterGatherKernel.cu:86: operator(): block: [376,0,0], thread: [20,0,0] Assertion `idx_dim >= 0 && idx_dim < index_size && "index out of bounds"` failed.
/opt/conda/conda-bld/pytorch_1595629403081/work/aten/src/ATen/native/cuda/ScatterGatherKernel.cu:86: operator(): block: [376,0,0], thread: [21,0,0] Assertion `idx_dim >= 0 && idx_dim < index_size && "index out of bounds"` failed.
/opt/conda/conda-bld/pytorch_1595629403081/work/aten/src/ATen/native/cuda/ScatterGatherKernel.cu:86: operator(): block: [376,0,0], thread: [22,0,0] Assertion `idx_dim >= 0 && idx_dim < index_size && "index out of bounds"` failed.
/opt/conda/conda-bld/pytorch_1595629403081/work/aten/src/ATen/native/cuda/ScatterGatherKernel.cu:86: operator(): block: [376,0,0], thread: [23,0,0] Assertion `idx_dim >= 0 && idx_dim < index_size && "index out of bounds"` failed.
/opt/conda/conda-bld/pytorch_1595629403081/work/aten/src/ATen/native/cuda/ScatterGatherKernel.cu:86: operator(): block: [376,0,0], thread: [24,0,0] Assertion `idx_dim >= 0 && idx_dim < index_size && "index out of bounds"` failed.
/opt/conda/conda-bld/pytorch_1595629403081/work/aten/src/ATen/native/cuda/ScatterGatherKernel.cu:86: operator(): block: [376,0,0], thread: [25,0,0] Assertion `idx_dim >= 0 && idx_dim < index_size && "index out of bounds"` failed.
/opt/conda/conda-bld/pytorch_1595629403081/work/aten/src/ATen/native/cuda/ScatterGatherKernel.cu:86: operator(): block: [376,0,0], thread: [26,0,0] Assertion `idx_dim >= 0 && idx_dim < index_size && "index out of bounds"` failed.
/opt/conda/conda-bld/pytorch_1595629403081/work/aten/src/ATen/native/cuda/ScatterGatherKernel.cu:86: operator(): block: [376,0,0], thread: [27,0,0] Assertion `idx_dim >= 0 && idx_dim < index_size && "index out of bounds"` failed.
/opt/conda/conda-bld/pytorch_1595629403081/work/aten/src/ATen/native/cuda/ScatterGatherKernel.cu:86: operator(): block: [376,0,0], thread: [28,0,0] Assertion `idx_dim >= 0 && idx_dim < index_size && "index out of bounds"` failed.
/opt/conda/conda-bld/pytorch_1595629403081/work/aten/src/ATen/native/cuda/ScatterGatherKernel.cu:86: operator(): block: [376,0,0], thread: [29,0,0] Assertion `idx_dim >= 0 && idx_dim < index_size && "index out of bounds"` failed.
/opt/conda/conda-bld/pytorch_1595629403081/work/aten/src/ATen/native/cuda/ScatterGatherKernel.cu:86: operator(): block: [376,0,0], thread: [30,0,0] Assertion `idx_dim >= 0 && idx_dim < index_size && "index out of bounds"` failed.
/opt/conda/conda-bld/pytorch_1595629403081/work/aten/src/ATen/native/cuda/ScatterGatherKernel.cu:86: operator(): block: [376,0,0], thread: [31,0,0] Assertion `idx_dim >= 0 && idx_dim < index_size && "index out of bounds"` failed.
/opt/conda/conda-bld/pytorch_1595629403081/work/aten/src/ATen/native/cuda/ScatterGatherKernel.cu:86: operator(): block: [328,0,0], thread: [0,0,0] Assertion `idx_dim >= 0 && idx_dim < index_size && "index out of bounds"` failed.
/opt/conda/conda-bld/pytorch_1595629403081/work/aten/src/ATen/native/cuda/ScatterGatherKernel.cu:86: operator(): block: [328,0,0], thread: [1,0,0] Assertion `idx_dim >= 0 && idx_dim < index_size && "index out of bounds"` failed.
/opt/conda/conda-bld/pytorch_1595629403081/work/aten/src/ATen/native/cuda/ScatterGatherKernel.cu:86: operator(): block: [328,0,0], thread: [2,0,0] Assertion `idx_dim >= 0 && idx_dim < index_size && "index out of bounds"` failed.
/opt/conda/conda-bld/pytorch_1595629403081/work/aten/src/ATen/native/cuda/ScatterGatherKernel.cu:86: operator(): block: [328,0,0], thread: [3,0,0] Assertion `idx_dim >= 0 && idx_dim < index_size && "index out of bounds"` failed.
/opt/conda/conda-bld/pytorch_1595629403081/work/aten/src/ATen/native/cuda/ScatterGatherKernel.cu:86: operator(): block: [328,0,0], thread: [4,0,0] Assertion `idx_dim >= 0 && idx_dim < index_size && "index out of bounds"` failed.
/opt/conda/conda-bld/pytorch_1595629403081/work/aten/src/ATen/native/cuda/ScatterGatherKernel.cu:86: operator(): block: [328,0,0], thread: [5,0,0] Assertion `idx_dim >= 0 && idx_dim < index_size && "index out of bounds"` failed.
/opt/conda/conda-bld/pytorch_1595629403081/work/aten/src/ATen/native/cuda/ScatterGatherKernel.cu:86: operator(): block: [328,0,0], thread: [6,0,0] Assertion `idx_dim >= 0 && idx_dim < index_size && "index out of bounds"` failed.
/opt/conda/conda-bld/pytorch_1595629403081/work/aten/src/ATen/native/cuda/ScatterGatherKernel.cu:86: operator(): block: [328,0,0], thread: [7,0,0] Assertion `idx_dim >= 0 && idx_dim < index_size && "index out of bounds"` failed.
/opt/conda/conda-bld/pytorch_1595629403081/work/aten/src/ATen/native/cuda/ScatterGatherKernel.cu:86: operator(): block: [328,0,0], thread: [8,0,0] Assertion `idx_dim >= 0 && idx_dim < index_size && "index out of bounds"` failed.
/opt/conda/conda-bld/pytorch_1595629403081/work/aten/src/ATen/native/cuda/ScatterGatherKernel.cu:86: operator(): block: [328,0,0], thread: [9,0,0] Assertion `idx_dim >= 0 && idx_dim < index_size && "index out of bounds"` failed.
/opt/conda/conda-bld/pytorch_1595629403081/work/aten/src/ATen/native/cuda/ScatterGatherKernel.cu:86: operator(): block: [328,0,0], thread: [10,0,0] Assertion `idx_dim >= 0 && idx_dim < index_size && "index out of bounds"` failed.
/opt/conda/conda-bld/pytorch_1595629403081/work/aten/src/ATen/native/cuda/ScatterGatherKernel.cu:86: operator(): block: [328,0,0], thread: [11,0,0] Assertion `idx_dim >= 0 && idx_dim < index_size && "index out of bounds"` failed.
/opt/conda/conda-bld/pytorch_1595629403081/work/aten/src/ATen/native/cuda/ScatterGatherKernel.cu:86: operator(): block: [328,0,0], thread: [12,0,0] Assertion `idx_dim >= 0 && idx_dim < index_size && "index out of bounds"` failed.
/opt/conda/conda-bld/pytorch_1595629403081/work/aten/src/ATen/native/cuda/ScatterGatherKernel.cu:86: operator(): block: [328,0,0], thread: [13,0,0] Assertion `idx_dim >= 0 && idx_dim < index_size && "index out of bounds"` failed.
/opt/conda/conda-bld/pytorch_1595629403081/work/aten/src/ATen/native/cuda/ScatterGatherKernel.cu:86: operator(): block: [328,0,0], thread: [14,0,0] Assertion `idx_dim >= 0 && idx_dim < index_size && "index out of bounds"` failed.
/opt/conda/conda-bld/pytorch_1595629403081/work/aten/src/ATen/native/cuda/ScatterGatherKernel.cu:86: operator(): block: [328,0,0], thread: [15,0,0] Assertion `idx_dim >= 0 && idx_dim < index_size && "index out of bounds"` failed.
/opt/conda/conda-bld/pytorch_1595629403081/work/aten/src/ATen/native/cuda/ScatterGatherKernel.cu:86: operator(): block: [328,0,0], thread: [16,0,0] Assertion `idx_dim >= 0 && idx_dim < index_size && "index out of bounds"` failed.
/opt/conda/conda-bld/pytorch_1595629403081/work/aten/src/ATen/native/cuda/ScatterGatherKernel.cu:86: operator(): block: [328,0,0], thread: [17,0,0] Assertion `idx_dim >= 0 && idx_dim < index_size && "index out of bounds"` failed.
/opt/conda/conda-bld/pytorch_1595629403081/work/aten/src/ATen/native/cuda/ScatterGatherKernel.cu:86: operator(): block: [328,0,0], thread: [18,0,0] Assertion `idx_dim >= 0 && idx_dim < index_size && "index out of bounds"` failed.
/opt/conda/conda-bld/pytorch_1595629403081/work/aten/src/ATen/native/cuda/ScatterGatherKernel.cu:86: operator(): block: [328,0,0], thread: [19,0,0] Assertion `idx_dim >= 0 && idx_dim < index_size && "index out of bounds"` failed.
/opt/conda/conda-bld/pytorch_1595629403081/work/aten/src/ATen/native/cuda/ScatterGatherKernel.cu:86: operator(): block: [328,0,0], thread: [20,0,0] Assertion `idx_dim >= 0 && idx_dim < index_size && "index out of bounds"` failed.
/opt/conda/conda-bld/pytorch_1595629403081/work/aten/src/ATen/native/cuda/ScatterGatherKernel.cu:86: operator(): block: [328,0,0], thread: [21,0,0] Assertion `idx_dim >= 0 && idx_dim < index_size && "index out of bounds"` failed.
/opt/conda/conda-bld/pytorch_1595629403081/work/aten/src/ATen/native/cuda/ScatterGatherKernel.cu:86: operator(): block: [328,0,0], thread: [22,0,0] Assertion `idx_dim >= 0 && idx_dim < index_size && "index out of bounds"` failed.
/opt/conda/conda-bld/pytorch_1595629403081/work/aten/src/ATen/native/cuda/ScatterGatherKernel.cu:86: operator(): block: [328,0,0], thread: [23,0,0] Assertion `idx_dim >= 0 && idx_dim < index_size && "index out of bounds"` failed.
/opt/conda/conda-bld/pytorch_1595629403081/work/aten/src/ATen/native/cuda/ScatterGatherKernel.cu:86: operator(): block: [328,0,0], thread: [24,0,0] Assertion `idx_dim >= 0 && idx_dim < index_size && "index out of bounds"` failed.
/opt/conda/conda-bld/pytorch_1595629403081/work/aten/src/ATen/native/cuda/ScatterGatherKernel.cu:86: operator(): block: [328,0,0], thread: [25,0,0] Assertion `idx_dim >= 0 && idx_dim < index_size && "index out of bounds"` failed.
/opt/conda/conda-bld/pytorch_1595629403081/work/aten/src/ATen/native/cuda/ScatterGatherKernel.cu:86: operator(): block: [328,0,0], thread: [26,0,0] Assertion `idx_dim >= 0 && idx_dim < index_size && "index out of bounds"` failed.
/opt/conda/conda-bld/pytorch_1595629403081/work/aten/src/ATen/native/cuda/ScatterGatherKernel.cu:86: operator(): block: [328,0,0], thread: [27,0,0] Assertion `idx_dim >= 0 && idx_dim < index_size && "index out of bounds"` failed.
/opt/conda/conda-bld/pytorch_1595629403081/work/aten/src/ATen/native/cuda/ScatterGatherKernel.cu:86: operator(): block: [328,0,0], thread: [28,0,0] Assertion `idx_dim >= 0 && idx_dim < index_size && "index out of bounds"` failed.
/opt/conda/conda-bld/pytorch_1595629403081/work/aten/src/ATen/native/cuda/ScatterGatherKernel.cu:86: operator(): block: [328,0,0], thread: [29,0,0] Assertion `idx_dim >= 0 && idx_dim < index_size && "index out of bounds"` failed.
/opt/conda/conda-bld/pytorch_1595629403081/work/aten/src/ATen/native/cuda/ScatterGatherKernel.cu:86: operator(): block: [328,0,0], thread: [30,0,0] Assertion `idx_dim >= 0 && idx_dim < index_size && "index out of bounds"` failed.
/opt/conda/conda-bld/pytorch_1595629403081/work/aten/src/ATen/native/cuda/ScatterGatherKernel.cu:86: operator(): block: [328,0,0], thread: [31,0,0] Assertion `idx_dim >= 0 && idx_dim < index_size && "index out of bounds"` failed.
/opt/conda/conda-bld/pytorch_1595629403081/work/aten/src/ATen/native/cuda/ScatterGatherKernel.cu:86: operator(): block: [338,0,0], thread: [32,0,0] Assertion `idx_dim >= 0 && idx_dim < index_size && "index out of bounds"` failed.
/opt/conda/conda-bld/pytorch_1595629403081/work/aten/src/ATen/native/cuda/ScatterGatherKernel.cu:86: operator(): block: [338,0,0], thread: [33,0,0] Assertion `idx_dim >= 0 && idx_dim < index_size && "index out of bounds"` failed.
/opt/conda/conda-bld/pytorch_1595629403081/work/aten/src/ATen/native/cuda/ScatterGatherKernel.cu:86: operator(): block: [338,0,0], thread: [34,0,0] Assertion `idx_dim >= 0 && idx_dim < index_size && "index out of bounds"` failed.
/opt/conda/conda-bld/pytorch_1595629403081/work/aten/src/ATen/native/cuda/ScatterGatherKernel.cu:86: operator(): block: [338,0,0], thread: [35,0,0] Assertion `idx_dim >= 0 && idx_dim < index_size && "index out of bounds"` failed.
/opt/conda/conda-bld/pytorch_1595629403081/work/aten/src/ATen/native/cuda/ScatterGatherKernel.cu:86: operator(): block: [338,0,0], thread: [36,0,0] Assertion `idx_dim >= 0 && idx_dim < index_size && "index out of bounds"` failed.
/opt/conda/conda-bld/pytorch_1595629403081/work/aten/src/ATen/native/cuda/ScatterGatherKernel.cu:86: operator(): block: [338,0,0], thread: [37,0,0] Assertion `idx_dim >= 0 && idx_dim < index_size && "index out of bounds"` failed.
/opt/conda/conda-bld/pytorch_1595629403081/work/aten/src/ATen/native/cuda/ScatterGatherKernel.cu:86: operator(): block: [338,0,0], thread: [38,0,0] Assertion `idx_dim >= 0 && idx_dim < index_size && "index out of bounds"` failed.
/opt/conda/conda-bld/pytorch_1595629403081/work/aten/src/ATen/native/cuda/ScatterGatherKernel.cu:86: operator(): block: [338,0,0], thread: [39,0,0] Assertion `idx_dim >= 0 && idx_dim < index_size && "index out of bounds"` failed.
/opt/conda/conda-bld/pytorch_1595629403081/work/aten/src/ATen/native/cuda/ScatterGatherKernel.cu:86: operator(): block: [338,0,0], thread: [40,0,0] Assertion `idx_dim >= 0 && idx_dim < index_size && "index out of bounds"` failed.
/opt/conda/conda-bld/pytorch_1595629403081/work/aten/src/ATen/native/cuda/ScatterGatherKernel.cu:86: operator(): block: [338,0,0], thread: [41,0,0] Assertion `idx_dim >= 0 && idx_dim < index_size && "index out of bounds"` failed.
/opt/conda/conda-bld/pytorch_1595629403081/work/aten/src/ATen/native/cuda/ScatterGatherKernel.cu:86: operator(): block: [338,0,0], thread: [42,0,0] Assertion `idx_dim >= 0 && idx_dim < index_size && "index out of bounds"` failed.
/opt/conda/conda-bld/pytorch_1595629403081/work/aten/src/ATen/native/cuda/ScatterGatherKernel.cu:86: operator(): block: [338,0,0], thread: [43,0,0] Assertion `idx_dim >= 0 && idx_dim < index_size && "index out of bounds"` failed.
/opt/conda/conda-bld/pytorch_1595629403081/work/aten/src/ATen/native/cuda/ScatterGatherKernel.cu:86: operator(): block: [338,0,0], thread: [44,0,0] Assertion `idx_dim >= 0 && idx_dim < index_size && "index out of bounds"` failed.
/opt/conda/conda-bld/pytorch_1595629403081/work/aten/src/ATen/native/cuda/ScatterGatherKernel.cu:86: operator(): block: [338,0,0], thread: [45,0,0] Assertion `idx_dim >= 0 && idx_dim < index_size && "index out of bounds"` failed.
/opt/conda/conda-bld/pytorch_1595629403081/work/aten/src/ATen/native/cuda/ScatterGatherKernel.cu:86: operator(): block: [338,0,0], thread: [46,0,0] Assertion `idx_dim >= 0 && idx_dim < index_size && "index out of bounds"` failed.
/opt/conda/conda-bld/pytorch_1595629403081/work/aten/src/ATen/native/cuda/ScatterGatherKernel.cu:86: operator(): block: [338,0,0], thread: [47,0,0] Assertion `idx_dim >= 0 && idx_dim < index_size && "index out of bounds"` failed.
/opt/conda/conda-bld/pytorch_1595629403081/work/aten/src/ATen/native/cuda/ScatterGatherKernel.cu:86: operator(): block: [338,0,0], thread: [48,0,0] Assertion `idx_dim >= 0 && idx_dim < index_size && "index out of bounds"` failed.
/opt/conda/conda-bld/pytorch_1595629403081/work/aten/src/ATen/native/cuda/ScatterGatherKernel.cu:86: operator(): block: [338,0,0], thread: [49,0,0] Assertion `idx_dim >= 0 && idx_dim < index_size && "index out of bounds"` failed.
/opt/conda/conda-bld/pytorch_1595629403081/work/aten/src/ATen/native/cuda/ScatterGatherKernel.cu:86: operator(): block: [338,0,0], thread: [50,0,0] Assertion `idx_dim >= 0 && idx_dim < index_size && "index out of bounds"` failed.
/opt/conda/conda-bld/pytorch_1595629403081/work/aten/src/ATen/native/cuda/ScatterGatherKernel.cu:86: operator(): block: [338,0,0], thread: [51,0,0] Assertion `idx_dim >= 0 && idx_dim < index_size && "index out of bounds"` failed.
/opt/conda/conda-bld/pytorch_1595629403081/work/aten/src/ATen/native/cuda/ScatterGatherKernel.cu:86: operator(): block: [338,0,0], thread: [52,0,0] Assertion `idx_dim >= 0 && idx_dim < index_size && "index out of bounds"` failed.
/opt/conda/conda-bld/pytorch_1595629403081/work/aten/src/ATen/native/cuda/ScatterGatherKernel.cu:86: operator(): block: [338,0,0], thread: [53,0,0] Assertion `idx_dim >= 0 && idx_dim < index_size && "index out of bounds"` failed.
/opt/conda/conda-bld/pytorch_1595629403081/work/aten/src/ATen/native/cuda/ScatterGatherKernel.cu:86: operator(): block: [338,0,0], thread: [54,0,0] Assertion `idx_dim >= 0 && idx_dim < index_size && "index out of bounds"` failed.
/opt/conda/conda-bld/pytorch_1595629403081/work/aten/src/ATen/native/cuda/ScatterGatherKernel.cu:86: operator(): block: [338,0,0], thread: [55,0,0] Assertion `idx_dim >= 0 && idx_dim < index_size && "index out of bounds"` failed.
/opt/conda/conda-bld/pytorch_1595629403081/work/aten/src/ATen/native/cuda/ScatterGatherKernel.cu:86: operator(): block: [338,0,0], thread: [56,0,0] Assertion `idx_dim >= 0 && idx_dim < index_size && "index out of bounds"` failed.
/opt/conda/conda-bld/pytorch_1595629403081/work/aten/src/ATen/native/cuda/ScatterGatherKernel.cu:86: operator(): block: [338,0,0], thread: [57,0,0] Assertion `idx_dim >= 0 && idx_dim < index_size && "index out of bounds"` failed.
/opt/conda/conda-bld/pytorch_1595629403081/work/aten/src/ATen/native/cuda/ScatterGatherKernel.cu:86: operator(): block: [338,0,0], thread: [58,0,0] Assertion `idx_dim >= 0 && idx_dim < index_size && "index out of bounds"` failed.
/opt/conda/conda-bld/pytorch_1595629403081/work/aten/src/ATen/native/cuda/ScatterGatherKernel.cu:86: operator(): block: [338,0,0], thread: [59,0,0] Assertion `idx_dim >= 0 && idx_dim < index_size && "index out of bounds"` failed.
/opt/conda/conda-bld/pytorch_1595629403081/work/aten/src/ATen/native/cuda/ScatterGatherKernel.cu:86: operator(): block: [338,0,0], thread: [60,0,0] Assertion `idx_dim >= 0 && idx_dim < index_size && "index out of bounds"` failed.
/opt/conda/conda-bld/pytorch_1595629403081/work/aten/src/ATen/native/cuda/ScatterGatherKernel.cu:86: operator(): block: [338,0,0], thread: [61,0,0] Assertion `idx_dim >= 0 && idx_dim < index_size && "index out of bounds"` failed.
/opt/conda/conda-bld/pytorch_1595629403081/work/aten/src/ATen/native/cuda/ScatterGatherKernel.cu:86: operator(): block: [338,0,0], thread: [62,0,0] Assertion `idx_dim >= 0 && idx_dim < index_size && "index out of bounds"` failed.
/opt/conda/conda-bld/pytorch_1595629403081/work/aten/src/ATen/native/cuda/ScatterGatherKernel.cu:86: operator(): block: [338,0,0], thread: [63,0,0] Assertion `idx_dim >= 0 && idx_dim < index_size && "index out of bounds"` failed.
/opt/conda/conda-bld/pytorch_1595629403081/work/aten/src/ATen/native/cuda/ScatterGatherKernel.cu:86: operator(): block: [400,0,0], thread: [32,0,0] Assertion `idx_dim >= 0 && idx_dim < index_size && "index out of bounds"` failed.
/opt/conda/conda-bld/pytorch_1595629403081/work/aten/src/ATen/native/cuda/ScatterGatherKernel.cu:86: operator(): block: [400,0,0], thread: [33,0,0] Assertion `idx_dim >= 0 && idx_dim < index_size && "index out of bounds"` failed.
/opt/conda/conda-bld/pytorch_1595629403081/work/aten/src/ATen/native/cuda/ScatterGatherKernel.cu:86: operator(): block: [400,0,0], thread: [34,0,0] Assertion `idx_dim >= 0 && idx_dim < index_size && "index out of bounds"` failed.
/opt/conda/conda-bld/pytorch_1595629403081/work/aten/src/ATen/native/cuda/ScatterGatherKernel.cu:86: operator(): block: [400,0,0], thread: [35,0,0] Assertion `idx_dim >= 0 && idx_dim < index_size && "index out of bounds"` failed.
/opt/conda/conda-bld/pytorch_1595629403081/work/aten/src/ATen/native/cuda/ScatterGatherKernel.cu:86: operator(): block: [400,0,0], thread: [36,0,0] Assertion `idx_dim >= 0 && idx_dim < index_size && "index out of bounds"` failed.
/opt/conda/conda-bld/pytorch_1595629403081/work/aten/src/ATen/native/cuda/ScatterGatherKernel.cu:86: operator(): block: [400,0,0], thread: [37,0,0] Assertion `idx_dim >= 0 && idx_dim < index_size && "index out of bounds"` failed.
/opt/conda/conda-bld/pytorch_1595629403081/work/aten/src/ATen/native/cuda/ScatterGatherKernel.cu:86: operator(): block: [400,0,0], thread: [38,0,0] Assertion `idx_dim >= 0 && idx_dim < index_size && "index out of bounds"` failed.
/opt/conda/conda-bld/pytorch_1595629403081/work/aten/src/ATen/native/cuda/ScatterGatherKernel.cu:86: operator(): block: [400,0,0], thread: [39,0,0] Assertion `idx_dim >= 0 && idx_dim < index_size && "index out of bounds"` failed.
/opt/conda/conda-bld/pytorch_1595629403081/work/aten/src/ATen/native/cuda/ScatterGatherKernel.cu:86: operator(): block: [400,0,0], thread: [40,0,0] Assertion `idx_dim >= 0 && idx_dim < index_size && "index out of bounds"` failed.
/opt/conda/conda-bld/pytorch_1595629403081/work/aten/src/ATen/native/cuda/ScatterGatherKernel.cu:86: operator(): block: [400,0,0], thread: [41,0,0] Assertion `idx_dim >= 0 && idx_dim < index_size && "index out of bounds"` failed.
/opt/conda/conda-bld/pytorch_1595629403081/work/aten/src/ATen/native/cuda/ScatterGatherKernel.cu:86: operator(): block: [400,0,0], thread: [42,0,0] Assertion `idx_dim >= 0 && idx_dim < index_size && "index out of bounds"` failed.
/opt/conda/conda-bld/pytorch_1595629403081/work/aten/src/ATen/native/cuda/ScatterGatherKernel.cu:86: operator(): block: [400,0,0], thread: [43,0,0] Assertion `idx_dim >= 0 && idx_dim < index_size && "index out of bounds"` failed.
/opt/conda/conda-bld/pytorch_1595629403081/work/aten/src/ATen/native/cuda/ScatterGatherKernel.cu:86: operator(): block: [400,0,0], thread: [44,0,0] Assertion `idx_dim >= 0 && idx_dim < index_size && "index out of bounds"` failed.
/opt/conda/conda-bld/pytorch_1595629403081/work/aten/src/ATen/native/cuda/ScatterGatherKernel.cu:86: operator(): block: [400,0,0], thread: [45,0,0] Assertion `idx_dim >= 0 && idx_dim < index_size && "index out of bounds"` failed.
/opt/conda/conda-bld/pytorch_1595629403081/work/aten/src/ATen/native/cuda/ScatterGatherKernel.cu:86: operator(): block: [400,0,0], thread: [46,0,0] Assertion `idx_dim >= 0 && idx_dim < index_size && "index out of bounds"` failed.
/opt/conda/conda-bld/pytorch_1595629403081/work/aten/src/ATen/native/cuda/ScatterGatherKernel.cu:86: operator(): block: [400,0,0], thread: [47,0,0] Assertion `idx_dim >= 0 && idx_dim < index_size && "index out of bounds"` failed.
/opt/conda/conda-bld/pytorch_1595629403081/work/aten/src/ATen/native/cuda/ScatterGatherKernel.cu:86: operator(): block: [400,0,0], thread: [48,0,0] Assertion `idx_dim >= 0 && idx_dim < index_size && "index out of bounds"` failed.
/opt/conda/conda-bld/pytorch_1595629403081/work/aten/src/ATen/native/cuda/ScatterGatherKernel.cu:86: operator(): block: [400,0,0], thread: [49,0,0] Assertion `idx_dim >= 0 && idx_dim < index_size && "index out of bounds"` failed.
/opt/conda/conda-bld/pytorch_1595629403081/work/aten/src/ATen/native/cuda/ScatterGatherKernel.cu:86: operator(): block: [400,0,0], thread: [50,0,0] Assertion `idx_dim >= 0 && idx_dim < index_size && "index out of bounds"` failed.
/opt/conda/conda-bld/pytorch_1595629403081/work/aten/src/ATen/native/cuda/ScatterGatherKernel.cu:86: operator(): block: [400,0,0], thread: [51,0,0] Assertion `idx_dim >= 0 && idx_dim < index_size && "index out of bounds"` failed.
/opt/conda/conda-bld/pytorch_1595629403081/work/aten/src/ATen/native/cuda/ScatterGatherKernel.cu:86: operator(): block: [400,0,0], thread: [52,0,0] Assertion `idx_dim >= 0 && idx_dim < index_size && "index out of bounds"` failed.
/opt/conda/conda-bld/pytorch_1595629403081/work/aten/src/ATen/native/cuda/ScatterGatherKernel.cu:86: operator(): block: [400,0,0], thread: [53,0,0] Assertion `idx_dim >= 0 && idx_dim < index_size && "index out of bounds"` failed.
/opt/conda/conda-bld/pytorch_1595629403081/work/aten/src/ATen/native/cuda/ScatterGatherKernel.cu:86: operator(): block: [400,0,0], thread: [54,0,0] Assertion `idx_dim >= 0 && idx_dim < index_size && "index out of bounds"` failed.
/opt/conda/conda-bld/pytorch_1595629403081/work/aten/src/ATen/native/cuda/ScatterGatherKernel.cu:86: operator(): block: [400,0,0], thread: [55,0,0] Assertion `idx_dim >= 0 && idx_dim < index_size && "index out of bounds"` failed.
/opt/conda/conda-bld/pytorch_1595629403081/work/aten/src/ATen/native/cuda/ScatterGatherKernel.cu:86: operator(): block: [400,0,0], thread: [56,0,0] Assertion `idx_dim >= 0 && idx_dim < index_size && "index out of bounds"` failed.
/opt/conda/conda-bld/pytorch_1595629403081/work/aten/src/ATen/native/cuda/ScatterGatherKernel.cu:86: operator(): block: [400,0,0], thread: [57,0,0] Assertion `idx_dim >= 0 && idx_dim < index_size && "index out of bounds"` failed.
/opt/conda/conda-bld/pytorch_1595629403081/work/aten/src/ATen/native/cuda/ScatterGatherKernel.cu:86: operator(): block: [400,0,0], thread: [58,0,0] Assertion `idx_dim >= 0 && idx_dim < index_size && "index out of bounds"` failed.
/opt/conda/conda-bld/pytorch_1595629403081/work/aten/src/ATen/native/cuda/ScatterGatherKernel.cu:86: operator(): block: [400,0,0], thread: [59,0,0] Assertion `idx_dim >= 0 && idx_dim < index_size && "index out of bounds"` failed.
/opt/conda/conda-bld/pytorch_1595629403081/work/aten/src/ATen/native/cuda/ScatterGatherKernel.cu:86: operator(): block: [400,0,0], thread: [60,0,0] Assertion `idx_dim >= 0 && idx_dim < index_size && "index out of bounds"` failed.
/opt/conda/conda-bld/pytorch_1595629403081/work/aten/src/ATen/native/cuda/ScatterGatherKernel.cu:86: operator(): block: [400,0,0], thread: [61,0,0] Assertion `idx_dim >= 0 && idx_dim < index_size && "index out of bounds"` failed.
/opt/conda/conda-bld/pytorch_1595629403081/work/aten/src/ATen/native/cuda/ScatterGatherKernel.cu:86: operator(): block: [400,0,0], thread: [62,0,0] Assertion `idx_dim >= 0 && idx_dim < index_size && "index out of bounds"` failed.
/opt/conda/conda-bld/pytorch_1595629403081/work/aten/src/ATen/native/cuda/ScatterGatherKernel.cu:86: operator(): block: [400,0,0], thread: [63,0,0] Assertion `idx_dim >= 0 && idx_dim < index_size && "index out of bounds"` failed.
/opt/conda/conda-bld/pytorch_1595629403081/work/aten/src/ATen/native/cuda/ScatterGatherKernel.cu:86: operator(): block: [472,0,0], thread: [0,0,0] Assertion `idx_dim >= 0 && idx_dim < index_size && "index out of bounds"` failed.
/opt/conda/conda-bld/pytorch_1595629403081/work/aten/src/ATen/native/cuda/ScatterGatherKernel.cu:86: operator(): block: [472,0,0], thread: [1,0,0] Assertion `idx_dim >= 0 && idx_dim < index_size && "index out of bounds"` failed.
/opt/conda/conda-bld/pytorch_1595629403081/work/aten/src/ATen/native/cuda/ScatterGatherKernel.cu:86: operator(): block: [472,0,0], thread: [2,0,0] Assertion `idx_dim >= 0 && idx_dim < index_size && "index out of bounds"` failed.
/opt/conda/conda-bld/pytorch_1595629403081/work/aten/src/ATen/native/cuda/ScatterGatherKernel.cu:86: operator(): block: [472,0,0], thread: [3,0,0] Assertion `idx_dim >= 0 && idx_dim < index_size && "index out of bounds"` failed.
/opt/conda/conda-bld/pytorch_1595629403081/work/aten/src/ATen/native/cuda/ScatterGatherKernel.cu:86: operator(): block: [472,0,0], thread: [4,0,0] Assertion `idx_dim >= 0 && idx_dim < index_size && "index out of bounds"` failed.
/opt/conda/conda-bld/pytorch_1595629403081/work/aten/src/ATen/native/cuda/ScatterGatherKernel.cu:86: operator(): block: [472,0,0], thread: [5,0,0] Assertion `idx_dim >= 0 && idx_dim < index_size && "index out of bounds"` failed.
/opt/conda/conda-bld/pytorch_1595629403081/work/aten/src/ATen/native/cuda/ScatterGatherKernel.cu:86: operator(): block: [472,0,0], thread: [6,0,0] Assertion `idx_dim >= 0 && idx_dim < index_size && "index out of bounds"` failed.
/opt/conda/conda-bld/pytorch_1595629403081/work/aten/src/ATen/native/cuda/ScatterGatherKernel.cu:86: operator(): block: [472,0,0], thread: [7,0,0] Assertion `idx_dim >= 0 && idx_dim < index_size && "index out of bounds"` failed.
/opt/conda/conda-bld/pytorch_1595629403081/work/aten/src/ATen/native/cuda/ScatterGatherKernel.cu:86: operator(): block: [472,0,0], thread: [8,0,0] Assertion `idx_dim >= 0 && idx_dim < index_size && "index out of bounds"` failed.
/opt/conda/conda-bld/pytorch_1595629403081/work/aten/src/ATen/native/cuda/ScatterGatherKernel.cu:86: operator(): block: [472,0,0], thread: [9,0,0] Assertion `idx_dim >= 0 && idx_dim < index_size && "index out of bounds"` failed.
/opt/conda/conda-bld/pytorch_1595629403081/work/aten/src/ATen/native/cuda/ScatterGatherKernel.cu:86: operator(): block: [472,0,0], thread: [10,0,0] Assertion `idx_dim >= 0 && idx_dim < index_size && "index out of bounds"` failed.
/opt/conda/conda-bld/pytorch_1595629403081/work/aten/src/ATen/native/cuda/ScatterGatherKernel.cu:86: operator(): block: [472,0,0], thread: [11,0,0] Assertion `idx_dim >= 0 && idx_dim < index_size && "index out of bounds"` failed.
/opt/conda/conda-bld/pytorch_1595629403081/work/aten/src/ATen/native/cuda/ScatterGatherKernel.cu:86: operator(): block: [472,0,0], thread: [12,0,0] Assertion `idx_dim >= 0 && idx_dim < index_size && "index out of bounds"` failed.
/opt/conda/conda-bld/pytorch_1595629403081/work/aten/src/ATen/native/cuda/ScatterGatherKernel.cu:86: operator(): block: [472,0,0], thread: [13,0,0] Assertion `idx_dim >= 0 && idx_dim < index_size && "index out of bounds"` failed.
/opt/conda/conda-bld/pytorch_1595629403081/work/aten/src/ATen/native/cuda/ScatterGatherKernel.cu:86: operator(): block: [472,0,0], thread: [14,0,0] Assertion `idx_dim >= 0 && idx_dim < index_size && "index out of bounds"` failed.
/opt/conda/conda-bld/pytorch_1595629403081/work/aten/src/ATen/native/cuda/ScatterGatherKernel.cu:86: operator(): block: [472,0,0], thread: [15,0,0] Assertion `idx_dim >= 0 && idx_dim < index_size && "index out of bounds"` failed.
/opt/conda/conda-bld/pytorch_1595629403081/work/aten/src/ATen/native/cuda/ScatterGatherKernel.cu:86: operator(): block: [472,0,0], thread: [16,0,0] Assertion `idx_dim >= 0 && idx_dim < index_size && "index out of bounds"` failed.
/opt/conda/conda-bld/pytorch_1595629403081/work/aten/src/ATen/native/cuda/ScatterGatherKernel.cu:86: operator(): block: [472,0,0], thread: [17,0,0] Assertion `idx_dim >= 0 && idx_dim < index_size && "index out of bounds"` failed.
/opt/conda/conda-bld/pytorch_1595629403081/work/aten/src/ATen/native/cuda/ScatterGatherKernel.cu:86: operator(): block: [472,0,0], thread: [18,0,0] Assertion `idx_dim >= 0 && idx_dim < index_size && "index out of bounds"` failed.
/opt/conda/conda-bld/pytorch_1595629403081/work/aten/src/ATen/native/cuda/ScatterGatherKernel.cu:86: operator(): block: [472,0,0], thread: [19,0,0] Assertion `idx_dim >= 0 && idx_dim < index_size && "index out of bounds"` failed.
/opt/conda/conda-bld/pytorch_1595629403081/work/aten/src/ATen/native/cuda/ScatterGatherKernel.cu:86: operator(): block: [472,0,0], thread: [20,0,0] Assertion `idx_dim >= 0 && idx_dim < index_size && "index out of bounds"` failed.
/opt/conda/conda-bld/pytorch_1595629403081/work/aten/src/ATen/native/cuda/ScatterGatherKernel.cu:86: operator(): block: [472,0,0], thread: [21,0,0] Assertion `idx_dim >= 0 && idx_dim < index_size && "index out of bounds"` failed.
/opt/conda/conda-bld/pytorch_1595629403081/work/aten/src/ATen/native/cuda/ScatterGatherKernel.cu:86: operator(): block: [472,0,0], thread: [22,0,0] Assertion `idx_dim >= 0 && idx_dim < index_size && "index out of bounds"` failed.
/opt/conda/conda-bld/pytorch_1595629403081/work/aten/src/ATen/native/cuda/ScatterGatherKernel.cu:86: operator(): block: [472,0,0], thread: [23,0,0] Assertion `idx_dim >= 0 && idx_dim < index_size && "index out of bounds"` failed.
/opt/conda/conda-bld/pytorch_1595629403081/work/aten/src/ATen/native/cuda/ScatterGatherKernel.cu:86: operator(): block: [472,0,0], thread: [24,0,0] Assertion `idx_dim >= 0 && idx_dim < index_size && "index out of bounds"` failed.
/opt/conda/conda-bld/pytorch_1595629403081/work/aten/src/ATen/native/cuda/ScatterGatherKernel.cu:86: operator(): block: [472,0,0], thread: [25,0,0] Assertion `idx_dim >= 0 && idx_dim < index_size && "index out of bounds"` failed.
/opt/conda/conda-bld/pytorch_1595629403081/work/aten/src/ATen/native/cuda/ScatterGatherKernel.cu:86: operator(): block: [472,0,0], thread: [26,0,0] Assertion `idx_dim >= 0 && idx_dim < index_size && "index out of bounds"` failed.
/opt/conda/conda-bld/pytorch_1595629403081/work/aten/src/ATen/native/cuda/ScatterGatherKernel.cu:86: operator(): block: [472,0,0], thread: [27,0,0] Assertion `idx_dim >= 0 && idx_dim < index_size && "index out of bounds"` failed.
/opt/conda/conda-bld/pytorch_1595629403081/work/aten/src/ATen/native/cuda/ScatterGatherKernel.cu:86: operator(): block: [472,0,0], thread: [28,0,0] Assertion `idx_dim >= 0 && idx_dim < index_size && "index out of bounds"` failed.
/opt/conda/conda-bld/pytorch_1595629403081/work/aten/src/ATen/native/cuda/ScatterGatherKernel.cu:86: operator(): block: [472,0,0], thread: [29,0,0] Assertion `idx_dim >= 0 && idx_dim < index_size && "index out of bounds"` failed.
/opt/conda/conda-bld/pytorch_1595629403081/work/aten/src/ATen/native/cuda/ScatterGatherKernel.cu:86: operator(): block: [472,0,0], thread: [30,0,0] Assertion `idx_dim >= 0 && idx_dim < index_size && "index out of bounds"` failed.
/opt/conda/conda-bld/pytorch_1595629403081/work/aten/src/ATen/native/cuda/ScatterGatherKernel.cu:86: operator(): block: [472,0,0], thread: [31,0,0] Assertion `idx_dim >= 0 && idx_dim < index_size && "index out of bounds"` failed.
torch.Size([4, 36, 2048])
torch.Size([4, 36, 2048])
30
130
torch.Size([4, 30])
torch.Size([4, 36, 2048])
torch.Size([4, 36, 7])
torch.Size([4, 130])
tensor([[  0,   1,   2,   3,   4,   5,   6,   7,   8,   9,  10,  11,  12,  13,
          14,  15,  16,  17,  18,  19,  20,  21,  22,  30,  31,  32,  33,  34,
          35,  36,  37,  38,  39,  40,  41,  42,  43,  44,  45,  46,  47,  48,
          49,  50,  51,  52,  53,  54,  55,  56,  57,  58,  59,  60,  61,  62,
          63,  64,  65,  59,  60,  61,  62,  63,  64,  65,  66,  67,  68,  69,
          70,  71,  72,  73,  74,  75,  76,  77,  78,  79,  80,  81,  82,  83,
          84,  85,  86,  87,  88,  89,  90,  91,  92,  93,  94,  95,  96,  97,
          98,  99, 100, 101, 102, 103, 104, 105, 106, 107, 108, 109, 110, 111,
         112, 113, 114, 115, 116, 117, 118, 119, 120, 121, 122, 123, 124, 125,
         126, 127, 128, 129],
        [  0,   1,   2,   3,   4,   5,   6,   7,   8,   9,  30,  31,  32,  33,
          34,  35,  36,  37,  38,  39,  40,  41,  42,  43,  44,  45,  46,  47,
          48,  49,  50,  51,  52,  53,  54,  55,  56,  57,  58,  59,  60,  61,
          62,  63,  64,  65,  46,  47,  48,  49,  50,  51,  52,  53,  54,  55,
          56,  57,  58,  59,  60,  61,  62,  63,  64,  65,  66,  67,  68,  69,
          70,  71,  72,  73,  74,  75,  76,  77,  78,  79,  80,  81,  82,  83,
          84,  85,  86,  87,  88,  89,  90,  91,  92,  93,  94,  95,  96,  97,
          98,  99, 100, 101, 102, 103, 104, 105, 106, 107, 108, 109, 110, 111,
         112, 113, 114, 115, 116, 117, 118, 119, 120, 121, 122, 123, 124, 125,
         126, 127, 128, 129],
        [  0,   1,   2,   3,   4,   5,   6,   7,   8,   9,  10,  11,  12,  13,
          14,  15,  16,  17,  18,  19,  30,  31,  32,  33,  34,  35,  36,  37,
          38,  39,  40,  41,  42,  43,  44,  45,  46,  47,  48,  49,  50,  51,
          52,  53,  54,  55,  56,  57,  58,  59,  60,  61,  62,  63,  64,  65,
          56,  57,  58,  59,  60,  61,  62,  63,  64,  65,  66,  67,  68,  69,
          70,  71,  72,  73,  74,  75,  76,  77,  78,  79,  80,  81,  82,  83,
          84,  85,  86,  87,  88,  89,  90,  91,  92,  93,  94,  95,  96,  97,
          98,  99, 100, 101, 102, 103, 104, 105, 106, 107, 108, 109, 110, 111,
         112, 113, 114, 115, 116, 117, 118, 119, 120, 121, 122, 123, 124, 125,
         126, 127, 128, 129],
        [  0,   1,   2,   3,   4,   5,   6,   7,   8,   9,  10,  11,  12,  13,
          14,  15,  16,  17,  18,  19,  20,  21,  22,  23,  24,  25,  26,  27,
          28,  29,  30,  31,  32,  33,  34,  35,  36,  37,  38,  39,  40,  41,
          42,  43,  44,  45,  46,  47,  48,  49,  50,  51,  52,  53,  54,  55,
          56,  57,  58,  59,  60,  61,  62,  63,  64,  65,  66,  67,  68,  69,
          70,  71,  72,  73,  74,  75,  76,  77,  78,  79,  80,  81,  82,  83,
          84,  85,  86,  87,  88,  89,  90,  91,  92,  93,  94,  95,  96,  97,
          98,  99, 100, 101, 102, 103, 104, 105, 106, 107, 108, 109, 110, 111,
         112, 113, 114, 115, 116, 117, 118, 119, 120, 121, 122, 123, 124, 125,
         126, 127, 128, 129]])
Traceback (most recent call last):
  File "hm.py", line 401, in <module>
    main()
  File "hm.py", line 368, in main
    hm.train(hm.train_tuple, hm.valid_tuple)
  File "hm.py", line 203, in train
    loss.backward()
  File "/home/ML_courses/DL2020/efratblaier/vilio_env/lib/python3.7/site-packages/torch/tensor.py", line 185, in backward
    torch.autograd.backward(self, gradient, retain_graph, create_graph)
  File "/home/ML_courses/DL2020/efratblaier/vilio_env/lib/python3.7/site-packages/torch/autograd/__init__.py", line 127, in backward
    allow_unreachable=True)  # allow_unreachable flag
RuntimeError: CUDA error: CUBLAS_STATUS_ALLOC_FAILED when calling `cublasCreate(handle)`
Exception raised from createCublasHandle at /opt/conda/conda-bld/pytorch_1595629403081/work/aten/src/ATen/cuda/CublasHandlePool.cpp:8 (most recent call first):
frame #0: c10::Error::Error(c10::SourceLocation, std::string) + 0x4d (0x7f0aebe1077d in /home/ML_courses/DL2020/efratblaier/vilio_env/lib/python3.7/site-packages/torch/lib/libc10.so)
frame #1: <unknown function> + 0xcfc185 (0x7f0aecf72185 in /home/ML_courses/DL2020/efratblaier/vilio_env/lib/python3.7/site-packages/torch/lib/libtorch_cuda.so)
frame #2: at::cuda::getCurrentCUDABlasHandle() + 0xb75 (0x7f0aecf73065 in /home/ML_courses/DL2020/efratblaier/vilio_env/lib/python3.7/site-packages/torch/lib/libtorch_cuda.so)
frame #3: <unknown function> + 0xcef217 (0x7f0aecf65217 in /home/ML_courses/DL2020/efratblaier/vilio_env/lib/python3.7/site-packages/torch/lib/libtorch_cuda.so)
frame #4: at::native::(anonymous namespace)::addmm_out_cuda_impl(at::Tensor&, at::Tensor const&, at::Tensor const&, at::Tensor const&, c10::Scalar, c10::Scalar) + 0xf7e (0x7f0aee2c985e in /home/ML_courses/DL2020/efratblaier/vilio_env/lib/python3.7/site-packages/torch/lib/libtorch_cuda.so)
frame #5: at::native::mm_cuda(at::Tensor const&, at::Tensor const&) + 0xb3 (0x7f0aee2cb353 in /home/ML_courses/DL2020/efratblaier/vilio_env/lib/python3.7/site-packages/torch/lib/libtorch_cuda.so)
frame #6: <unknown function> + 0xd14ea0 (0x7f0aecf8aea0 in /home/ML_courses/DL2020/efratblaier/vilio_env/lib/python3.7/site-packages/torch/lib/libtorch_cuda.so)
frame #7: <unknown function> + 0x7b1990 (0x7f0b1ea3b990 in /home/ML_courses/DL2020/efratblaier/vilio_env/lib/python3.7/site-packages/torch/lib/libtorch_cpu.so)
frame #8: at::Tensor c10::Dispatcher::call<at::Tensor, at::Tensor const&, at::Tensor const&>(c10::TypedOperatorHandle<at::Tensor (at::Tensor const&, at::Tensor const&)> const&, at::Tensor const&, at::Tensor const&) const + 0xbc (0x7f0b1f223c7c in /home/ML_courses/DL2020/efratblaier/vilio_env/lib/python3.7/site-packages/torch/lib/libtorch_cpu.so)
frame #9: at::mm(at::Tensor const&, at::Tensor const&) + 0x4b (0x7f0b1f174b0b in /home/ML_courses/DL2020/efratblaier/vilio_env/lib/python3.7/site-packages/torch/lib/libtorch_cpu.so)
frame #10: <unknown function> + 0x2c2be8f (0x7f0b20eb5e8f in /home/ML_courses/DL2020/efratblaier/vilio_env/lib/python3.7/site-packages/torch/lib/libtorch_cpu.so)
frame #11: <unknown function> + 0x7b1990 (0x7f0b1ea3b990 in /home/ML_courses/DL2020/efratblaier/vilio_env/lib/python3.7/site-packages/torch/lib/libtorch_cpu.so)
frame #12: at::Tensor c10::Dispatcher::call<at::Tensor, at::Tensor const&, at::Tensor const&>(c10::TypedOperatorHandle<at::Tensor (at::Tensor const&, at::Tensor const&)> const&, at::Tensor const&, at::Tensor const&) const + 0xbc (0x7f0b1f223c7c in /home/ML_courses/DL2020/efratblaier/vilio_env/lib/python3.7/site-packages/torch/lib/libtorch_cpu.so)
frame #13: at::Tensor::mm(at::Tensor const&) const + 0x4b (0x7f0b1f30a10b in /home/ML_courses/DL2020/efratblaier/vilio_env/lib/python3.7/site-packages/torch/lib/libtorch_cpu.so)
frame #14: <unknown function> + 0x2a6d094 (0x7f0b20cf7094 in /home/ML_courses/DL2020/efratblaier/vilio_env/lib/python3.7/site-packages/torch/lib/libtorch_cpu.so)
frame #15: torch::autograd::generated::AddmmBackward::apply(std::vector<at::Tensor, std::allocator<at::Tensor> >&&) + 0x2d5 (0x7f0b20cfd055 in /home/ML_courses/DL2020/efratblaier/vilio_env/lib/python3.7/site-packages/torch/lib/libtorch_cpu.so)
frame #16: <unknown function> + 0x30d1017 (0x7f0b2135b017 in /home/ML_courses/DL2020/efratblaier/vilio_env/lib/python3.7/site-packages/torch/lib/libtorch_cpu.so)
frame #17: torch::autograd::Engine::evaluate_function(std::shared_ptr<torch::autograd::GraphTask>&, torch::autograd::Node*, torch::autograd::InputBuffer&, std::shared_ptr<torch::autograd::ReadyQueue> const&) + 0x1400 (0x7f0b21356860 in /home/ML_courses/DL2020/efratblaier/vilio_env/lib/python3.7/site-packages/torch/lib/libtorch_cpu.so)
frame #18: torch::autograd::Engine::thread_main(std::shared_ptr<torch::autograd::GraphTask> const&) + 0x451 (0x7f0b21357401 in /home/ML_courses/DL2020/efratblaier/vilio_env/lib/python3.7/site-packages/torch/lib/libtorch_cpu.so)
frame #19: torch::autograd::Engine::thread_init(int, std::shared_ptr<torch::autograd::ReadyQueue> const&, bool) + 0x89 (0x7f0b2134f579 in /home/ML_courses/DL2020/efratblaier/vilio_env/lib/python3.7/site-packages/torch/lib/libtorch_cpu.so)
frame #20: torch::autograd::python::PythonEngine::thread_init(int, std::shared_ptr<torch::autograd::ReadyQueue> const&, bool) + 0x4a (0x7f0b2567e99a in /home/ML_courses/DL2020/efratblaier/vilio_env/lib/python3.7/site-packages/torch/lib/libtorch_python.so)
frame #21: <unknown function> + 0xc819d (0x7f0b281b519d in /home/ML_courses/DL2020/efratblaier/vilio_env/lib/python3.7/site-packages/torch/lib/../../../.././libstdc++.so.6)
frame #22: <unknown function> + 0x76db (0x7f0b49eb36db in /lib/x86_64-linux-gnu/libpthread.so.0)
frame #23: clone + 0x3f (0x7f0b49bdc88f in /lib/x86_64-linux-gnu/libc.so.6)

