2021-04-26 21:58:55.542614: I tensorflow/stream_executor/platform/default/dso_loader.cc:48] Successfully opened dynamic library libcudart.so.10.1
Some weights of BertU were not initialized from the model checkpoint at bert-large-cased and are newly initialized: ['bert.img_embeddings.img_linear.weight', 'bert.img_embeddings.img_linear.bias', 'bert.img_embeddings.img_layer_norm.weight', 'bert.img_embeddings.img_layer_norm.bias', 'bert.img_embeddings.pos_layer_norm.weight', 'bert.img_embeddings.pos_layer_norm.bias', 'bert.img_embeddings.pos_linear.weight', 'bert.img_embeddings.pos_linear.bias', 'bert.img_embeddings.LayerNorm.weight', 'bert.img_embeddings.LayerNorm.bias']
You should probably TRAIN this model on a down-stream task to be able to use it for predictions and inference.
Load 8596 data from split(s) train.
Start to load Faster-RCNN detected objects from data/HM_img.tsv
Loaded 8596 images in file data/HM_img.tsv in 56 seconds.
Use 8596 data in torch dataset

Load 500 data from split(s) dev_seen.
Start to load Faster-RCNN detected objects from data/HM_img.tsv
Loaded 500 images in file data/HM_img.tsv in 41 seconds.
Use 500 data in torch dataset

UNEXPECTED:  []
MISSING:  ['bert.img_embeddings.img_linear.weight', 'bert.img_embeddings.img_linear.bias', 'bert.img_embeddings.img_layer_norm.weight', 'bert.img_embeddings.img_layer_norm.bias', 'bert.img_embeddings.pos_layer_norm.weight', 'bert.img_embeddings.pos_layer_norm.bias', 'bert.img_embeddings.pos_linear.weight', 'bert.img_embeddings.pos_linear.bias', 'bert.img_embeddings.LayerNorm.weight', 'bert.img_embeddings.LayerNorm.bias']
ERRORS:  []
REINITING:  Linear(in_features=1024, out_features=2048, bias=True)
REINITING:  GeLU()
REINITING:  LayerNorm((2048,), eps=1e-12, elementwise_affine=True)
REINITING:  Linear(in_features=2048, out_features=2, bias=True)
REINITING:  Sequential(
  (0): Linear(in_features=1024, out_features=2048, bias=True)
  (1): GeLU()
  (2): LayerNorm((2048,), eps=1e-12, elementwise_affine=True)
  (3): Linear(in_features=2048, out_features=2, bias=True)
)
Load pre-trained model from ./data/LASTPRetrain_BU.pth
SAVING bert.embeddings.position_ids as embeddings.position_ids.
SAVING bert.embeddings.word_embeddings.weight as embeddings.word_embeddings.weight.
SAVING bert.embeddings.position_embeddings.weight as embeddings.position_embeddings.weight.
SAVING bert.embeddings.token_type_embeddings.weight as embeddings.token_type_embeddings.weight.
SAVING bert.embeddings.LayerNorm.weight as embeddings.LayerNorm.weight.
SAVING bert.embeddings.LayerNorm.bias as embeddings.LayerNorm.bias.
SAVING bert.img_embeddings.img_linear.weight as img_embeddings.img_linear.weight.
SAVING bert.img_embeddings.img_linear.bias as img_embeddings.img_linear.bias.
SAVING bert.img_embeddings.img_layer_norm.weight as img_embeddings.img_layer_norm.weight.
SAVING bert.img_embeddings.img_layer_norm.bias as img_embeddings.img_layer_norm.bias.
SAVING bert.img_embeddings.pos_layer_norm.weight as img_embeddings.pos_layer_norm.weight.
SAVING bert.img_embeddings.pos_layer_norm.bias as img_embeddings.pos_layer_norm.bias.
SAVING bert.img_embeddings.pos_linear.weight as img_embeddings.pos_linear.weight.
SAVING bert.img_embeddings.pos_linear.bias as img_embeddings.pos_linear.bias.
SAVING bert.img_embeddings.LayerNorm.weight as img_embeddings.LayerNorm.weight.
SAVING bert.img_embeddings.LayerNorm.bias as img_embeddings.LayerNorm.bias.
SAVING bert.encoder.layer.0.attention.self.query.weight as encoder.layer.0.attention.self.query.weight.
SAVING bert.encoder.layer.0.attention.self.query.bias as encoder.layer.0.attention.self.query.bias.
SAVING bert.encoder.layer.0.attention.self.key.weight as encoder.layer.0.attention.self.key.weight.
SAVING bert.encoder.layer.0.attention.self.key.bias as encoder.layer.0.attention.self.key.bias.
SAVING bert.encoder.layer.0.attention.self.value.weight as encoder.layer.0.attention.self.value.weight.
SAVING bert.encoder.layer.0.attention.self.value.bias as encoder.layer.0.attention.self.value.bias.
SAVING bert.encoder.layer.0.attention.output.dense.weight as encoder.layer.0.attention.output.dense.weight.
SAVING bert.encoder.layer.0.attention.output.dense.bias as encoder.layer.0.attention.output.dense.bias.
SAVING bert.encoder.layer.0.attention.output.LayerNorm.weight as encoder.layer.0.attention.output.LayerNorm.weight.
SAVING bert.encoder.layer.0.attention.output.LayerNorm.bias as encoder.layer.0.attention.output.LayerNorm.bias.
SAVING bert.encoder.layer.0.intermediate.dense.weight as encoder.layer.0.intermediate.dense.weight.
SAVING bert.encoder.layer.0.intermediate.dense.bias as encoder.layer.0.intermediate.dense.bias.
SAVING bert.encoder.layer.0.output.dense.weight as encoder.layer.0.output.dense.weight.
SAVING bert.encoder.layer.0.output.dense.bias as encoder.layer.0.output.dense.bias.
SAVING bert.encoder.layer.0.output.LayerNorm.weight as encoder.layer.0.output.LayerNorm.weight.
SAVING bert.encoder.layer.0.output.LayerNorm.bias as encoder.layer.0.output.LayerNorm.bias.
SAVING bert.encoder.layer.1.attention.self.query.weight as encoder.layer.1.attention.self.query.weight.
SAVING bert.encoder.layer.1.attention.self.query.bias as encoder.layer.1.attention.self.query.bias.
SAVING bert.encoder.layer.1.attention.self.key.weight as encoder.layer.1.attention.self.key.weight.
SAVING bert.encoder.layer.1.attention.self.key.bias as encoder.layer.1.attention.self.key.bias.
SAVING bert.encoder.layer.1.attention.self.value.weight as encoder.layer.1.attention.self.value.weight.
SAVING bert.encoder.layer.1.attention.self.value.bias as encoder.layer.1.attention.self.value.bias.
SAVING bert.encoder.layer.1.attention.output.dense.weight as encoder.layer.1.attention.output.dense.weight.
SAVING bert.encoder.layer.1.attention.output.dense.bias as encoder.layer.1.attention.output.dense.bias.
SAVING bert.encoder.layer.1.attention.output.LayerNorm.weight as encoder.layer.1.attention.output.LayerNorm.weight.
SAVING bert.encoder.layer.1.attention.output.LayerNorm.bias as encoder.layer.1.attention.output.LayerNorm.bias.
SAVING bert.encoder.layer.1.intermediate.dense.weight as encoder.layer.1.intermediate.dense.weight.
SAVING bert.encoder.layer.1.intermediate.dense.bias as encoder.layer.1.intermediate.dense.bias.
SAVING bert.encoder.layer.1.output.dense.weight as encoder.layer.1.output.dense.weight.
SAVING bert.encoder.layer.1.output.dense.bias as encoder.layer.1.output.dense.bias.
SAVING bert.encoder.layer.1.output.LayerNorm.weight as encoder.layer.1.output.LayerNorm.weight.
SAVING bert.encoder.layer.1.output.LayerNorm.bias as encoder.layer.1.output.LayerNorm.bias.
SAVING bert.encoder.layer.2.attention.self.query.weight as encoder.layer.2.attention.self.query.weight.
SAVING bert.encoder.layer.2.attention.self.query.bias as encoder.layer.2.attention.self.query.bias.
SAVING bert.encoder.layer.2.attention.self.key.weight as encoder.layer.2.attention.self.key.weight.
SAVING bert.encoder.layer.2.attention.self.key.bias as encoder.layer.2.attention.self.key.bias.
SAVING bert.encoder.layer.2.attention.self.value.weight as encoder.layer.2.attention.self.value.weight.
SAVING bert.encoder.layer.2.attention.self.value.bias as encoder.layer.2.attention.self.value.bias.
SAVING bert.encoder.layer.2.attention.output.dense.weight as encoder.layer.2.attention.output.dense.weight.
SAVING bert.encoder.layer.2.attention.output.dense.bias as encoder.layer.2.attention.output.dense.bias.
SAVING bert.encoder.layer.2.attention.output.LayerNorm.weight as encoder.layer.2.attention.output.LayerNorm.weight.
SAVING bert.encoder.layer.2.attention.output.LayerNorm.bias as encoder.layer.2.attention.output.LayerNorm.bias.
SAVING bert.encoder.layer.2.intermediate.dense.weight as encoder.layer.2.intermediate.dense.weight.
SAVING bert.encoder.layer.2.intermediate.dense.bias as encoder.layer.2.intermediate.dense.bias.
SAVING bert.encoder.layer.2.output.dense.weight as encoder.layer.2.output.dense.weight.
SAVING bert.encoder.layer.2.output.dense.bias as encoder.layer.2.output.dense.bias.
SAVING bert.encoder.layer.2.output.LayerNorm.weight as encoder.layer.2.output.LayerNorm.weight.
SAVING bert.encoder.layer.2.output.LayerNorm.bias as encoder.layer.2.output.LayerNorm.bias.
SAVING bert.encoder.layer.3.attention.self.query.weight as encoder.layer.3.attention.self.query.weight.
SAVING bert.encoder.layer.3.attention.self.query.bias as encoder.layer.3.attention.self.query.bias.
SAVING bert.encoder.layer.3.attention.self.key.weight as encoder.layer.3.attention.self.key.weight.
SAVING bert.encoder.layer.3.attention.self.key.bias as encoder.layer.3.attention.self.key.bias.
SAVING bert.encoder.layer.3.attention.self.value.weight as encoder.layer.3.attention.self.value.weight.
SAVING bert.encoder.layer.3.attention.self.value.bias as encoder.layer.3.attention.self.value.bias.
SAVING bert.encoder.layer.3.attention.output.dense.weight as encoder.layer.3.attention.output.dense.weight.
SAVING bert.encoder.layer.3.attention.output.dense.bias as encoder.layer.3.attention.output.dense.bias.
SAVING bert.encoder.layer.3.attention.output.LayerNorm.weight as encoder.layer.3.attention.output.LayerNorm.weight.
SAVING bert.encoder.layer.3.attention.output.LayerNorm.bias as encoder.layer.3.attention.output.LayerNorm.bias.
SAVING bert.encoder.layer.3.intermediate.dense.weight as encoder.layer.3.intermediate.dense.weight.
SAVING bert.encoder.layer.3.intermediate.dense.bias as encoder.layer.3.intermediate.dense.bias.
SAVING bert.encoder.layer.3.output.dense.weight as encoder.layer.3.output.dense.weight.
SAVING bert.encoder.layer.3.output.dense.bias as encoder.layer.3.output.dense.bias.
SAVING bert.encoder.layer.3.output.LayerNorm.weight as encoder.layer.3.output.LayerNorm.weight.
SAVING bert.encoder.layer.3.output.LayerNorm.bias as encoder.layer.3.output.LayerNorm.bias.
SAVING bert.encoder.layer.4.attention.self.query.weight as encoder.layer.4.attention.self.query.weight.
SAVING bert.encoder.layer.4.attention.self.query.bias as encoder.layer.4.attention.self.query.bias.
SAVING bert.encoder.layer.4.attention.self.key.weight as encoder.layer.4.attention.self.key.weight.
SAVING bert.encoder.layer.4.attention.self.key.bias as encoder.layer.4.attention.self.key.bias.
SAVING bert.encoder.layer.4.attention.self.value.weight as encoder.layer.4.attention.self.value.weight.
SAVING bert.encoder.layer.4.attention.self.value.bias as encoder.layer.4.attention.self.value.bias.
SAVING bert.encoder.layer.4.attention.output.dense.weight as encoder.layer.4.attention.output.dense.weight.
SAVING bert.encoder.layer.4.attention.output.dense.bias as encoder.layer.4.attention.output.dense.bias.
SAVING bert.encoder.layer.4.attention.output.LayerNorm.weight as encoder.layer.4.attention.output.LayerNorm.weight.
SAVING bert.encoder.layer.4.attention.output.LayerNorm.bias as encoder.layer.4.attention.output.LayerNorm.bias.
SAVING bert.encoder.layer.4.intermediate.dense.weight as encoder.layer.4.intermediate.dense.weight.
SAVING bert.encoder.layer.4.intermediate.dense.bias as encoder.layer.4.intermediate.dense.bias.
SAVING bert.encoder.layer.4.output.dense.weight as encoder.layer.4.output.dense.weight.
SAVING bert.encoder.layer.4.output.dense.bias as encoder.layer.4.output.dense.bias.
SAVING bert.encoder.layer.4.output.LayerNorm.weight as encoder.layer.4.output.LayerNorm.weight.
SAVING bert.encoder.layer.4.output.LayerNorm.bias as encoder.layer.4.output.LayerNorm.bias.
SAVING bert.encoder.layer.5.attention.self.query.weight as encoder.layer.5.attention.self.query.weight.
SAVING bert.encoder.layer.5.attention.self.query.bias as encoder.layer.5.attention.self.query.bias.
SAVING bert.encoder.layer.5.attention.self.key.weight as encoder.layer.5.attention.self.key.weight.
SAVING bert.encoder.layer.5.attention.self.key.bias as encoder.layer.5.attention.self.key.bias.
SAVING bert.encoder.layer.5.attention.self.value.weight as encoder.layer.5.attention.self.value.weight.
SAVING bert.encoder.layer.5.attention.self.value.bias as encoder.layer.5.attention.self.value.bias.
SAVING bert.encoder.layer.5.attention.output.dense.weight as encoder.layer.5.attention.output.dense.weight.
SAVING bert.encoder.layer.5.attention.output.dense.bias as encoder.layer.5.attention.output.dense.bias.
SAVING bert.encoder.layer.5.attention.output.LayerNorm.weight as encoder.layer.5.attention.output.LayerNorm.weight.
SAVING bert.encoder.layer.5.attention.output.LayerNorm.bias as encoder.layer.5.attention.output.LayerNorm.bias.
SAVING bert.encoder.layer.5.intermediate.dense.weight as encoder.layer.5.intermediate.dense.weight.
SAVING bert.encoder.layer.5.intermediate.dense.bias as encoder.layer.5.intermediate.dense.bias.
SAVING bert.encoder.layer.5.output.dense.weight as encoder.layer.5.output.dense.weight.
SAVING bert.encoder.layer.5.output.dense.bias as encoder.layer.5.output.dense.bias.
SAVING bert.encoder.layer.5.output.LayerNorm.weight as encoder.layer.5.output.LayerNorm.weight.
SAVING bert.encoder.layer.5.output.LayerNorm.bias as encoder.layer.5.output.LayerNorm.bias.
SAVING bert.encoder.layer.6.attention.self.query.weight as encoder.layer.6.attention.self.query.weight.
SAVING bert.encoder.layer.6.attention.self.query.bias as encoder.layer.6.attention.self.query.bias.
SAVING bert.encoder.layer.6.attention.self.key.weight as encoder.layer.6.attention.self.key.weight.
SAVING bert.encoder.layer.6.attention.self.key.bias as encoder.layer.6.attention.self.key.bias.
SAVING bert.encoder.layer.6.attention.self.value.weight as encoder.layer.6.attention.self.value.weight.
SAVING bert.encoder.layer.6.attention.self.value.bias as encoder.layer.6.attention.self.value.bias.
SAVING bert.encoder.layer.6.attention.output.dense.weight as encoder.layer.6.attention.output.dense.weight.
SAVING bert.encoder.layer.6.attention.output.dense.bias as encoder.layer.6.attention.output.dense.bias.
SAVING bert.encoder.layer.6.attention.output.LayerNorm.weight as encoder.layer.6.attention.output.LayerNorm.weight.
SAVING bert.encoder.layer.6.attention.output.LayerNorm.bias as encoder.layer.6.attention.output.LayerNorm.bias.
SAVING bert.encoder.layer.6.intermediate.dense.weight as encoder.layer.6.intermediate.dense.weight.
SAVING bert.encoder.layer.6.intermediate.dense.bias as encoder.layer.6.intermediate.dense.bias.
SAVING bert.encoder.layer.6.output.dense.weight as encoder.layer.6.output.dense.weight.
SAVING bert.encoder.layer.6.output.dense.bias as encoder.layer.6.output.dense.bias.
SAVING bert.encoder.layer.6.output.LayerNorm.weight as encoder.layer.6.output.LayerNorm.weight.
SAVING bert.encoder.layer.6.output.LayerNorm.bias as encoder.layer.6.output.LayerNorm.bias.
SAVING bert.encoder.layer.7.attention.self.query.weight as encoder.layer.7.attention.self.query.weight.
SAVING bert.encoder.layer.7.attention.self.query.bias as encoder.layer.7.attention.self.query.bias.
SAVING bert.encoder.layer.7.attention.self.key.weight as encoder.layer.7.attention.self.key.weight.
SAVING bert.encoder.layer.7.attention.self.key.bias as encoder.layer.7.attention.self.key.bias.
SAVING bert.encoder.layer.7.attention.self.value.weight as encoder.layer.7.attention.self.value.weight.
SAVING bert.encoder.layer.7.attention.self.value.bias as encoder.layer.7.attention.self.value.bias.
SAVING bert.encoder.layer.7.attention.output.dense.weight as encoder.layer.7.attention.output.dense.weight.
SAVING bert.encoder.layer.7.attention.output.dense.bias as encoder.layer.7.attention.output.dense.bias.
SAVING bert.encoder.layer.7.attention.output.LayerNorm.weight as encoder.layer.7.attention.output.LayerNorm.weight.
SAVING bert.encoder.layer.7.attention.output.LayerNorm.bias as encoder.layer.7.attention.output.LayerNorm.bias.
SAVING bert.encoder.layer.7.intermediate.dense.weight as encoder.layer.7.intermediate.dense.weight.
SAVING bert.encoder.layer.7.intermediate.dense.bias as encoder.layer.7.intermediate.dense.bias.
SAVING bert.encoder.layer.7.output.dense.weight as encoder.layer.7.output.dense.weight.
SAVING bert.encoder.layer.7.output.dense.bias as encoder.layer.7.output.dense.bias.
SAVING bert.encoder.layer.7.output.LayerNorm.weight as encoder.layer.7.output.LayerNorm.weight.
SAVING bert.encoder.layer.7.output.LayerNorm.bias as encoder.layer.7.output.LayerNorm.bias.
SAVING bert.encoder.layer.8.attention.self.query.weight as encoder.layer.8.attention.self.query.weight.
SAVING bert.encoder.layer.8.attention.self.query.bias as encoder.layer.8.attention.self.query.bias.
SAVING bert.encoder.layer.8.attention.self.key.weight as encoder.layer.8.attention.self.key.weight.
SAVING bert.encoder.layer.8.attention.self.key.bias as encoder.layer.8.attention.self.key.bias.
SAVING bert.encoder.layer.8.attention.self.value.weight as encoder.layer.8.attention.self.value.weight.
SAVING bert.encoder.layer.8.attention.self.value.bias as encoder.layer.8.attention.self.value.bias.
SAVING bert.encoder.layer.8.attention.output.dense.weight as encoder.layer.8.attention.output.dense.weight.
SAVING bert.encoder.layer.8.attention.output.dense.bias as encoder.layer.8.attention.output.dense.bias.
SAVING bert.encoder.layer.8.attention.output.LayerNorm.weight as encoder.layer.8.attention.output.LayerNorm.weight.
SAVING bert.encoder.layer.8.attention.output.LayerNorm.bias as encoder.layer.8.attention.output.LayerNorm.bias.
SAVING bert.encoder.layer.8.intermediate.dense.weight as encoder.layer.8.intermediate.dense.weight.
SAVING bert.encoder.layer.8.intermediate.dense.bias as encoder.layer.8.intermediate.dense.bias.
SAVING bert.encoder.layer.8.output.dense.weight as encoder.layer.8.output.dense.weight.
SAVING bert.encoder.layer.8.output.dense.bias as encoder.layer.8.output.dense.bias.
SAVING bert.encoder.layer.8.output.LayerNorm.weight as encoder.layer.8.output.LayerNorm.weight.
SAVING bert.encoder.layer.8.output.LayerNorm.bias as encoder.layer.8.output.LayerNorm.bias.
SAVING bert.encoder.layer.9.attention.self.query.weight as encoder.layer.9.attention.self.query.weight.
SAVING bert.encoder.layer.9.attention.self.query.bias as encoder.layer.9.attention.self.query.bias.
SAVING bert.encoder.layer.9.attention.self.key.weight as encoder.layer.9.attention.self.key.weight.
SAVING bert.encoder.layer.9.attention.self.key.bias as encoder.layer.9.attention.self.key.bias.
SAVING bert.encoder.layer.9.attention.self.value.weight as encoder.layer.9.attention.self.value.weight.
SAVING bert.encoder.layer.9.attention.self.value.bias as encoder.layer.9.attention.self.value.bias.
SAVING bert.encoder.layer.9.attention.output.dense.weight as encoder.layer.9.attention.output.dense.weight.
SAVING bert.encoder.layer.9.attention.output.dense.bias as encoder.layer.9.attention.output.dense.bias.
SAVING bert.encoder.layer.9.attention.output.LayerNorm.weight as encoder.layer.9.attention.output.LayerNorm.weight.
SAVING bert.encoder.layer.9.attention.output.LayerNorm.bias as encoder.layer.9.attention.output.LayerNorm.bias.
SAVING bert.encoder.layer.9.intermediate.dense.weight as encoder.layer.9.intermediate.dense.weight.
SAVING bert.encoder.layer.9.intermediate.dense.bias as encoder.layer.9.intermediate.dense.bias.
SAVING bert.encoder.layer.9.output.dense.weight as encoder.layer.9.output.dense.weight.
SAVING bert.encoder.layer.9.output.dense.bias as encoder.layer.9.output.dense.bias.
SAVING bert.encoder.layer.9.output.LayerNorm.weight as encoder.layer.9.output.LayerNorm.weight.
SAVING bert.encoder.layer.9.output.LayerNorm.bias as encoder.layer.9.output.LayerNorm.bias.
SAVING bert.encoder.layer.10.attention.self.query.weight as encoder.layer.10.attention.self.query.weight.
SAVING bert.encoder.layer.10.attention.self.query.bias as encoder.layer.10.attention.self.query.bias.
SAVING bert.encoder.layer.10.attention.self.key.weight as encoder.layer.10.attention.self.key.weight.
SAVING bert.encoder.layer.10.attention.self.key.bias as encoder.layer.10.attention.self.key.bias.
SAVING bert.encoder.layer.10.attention.self.value.weight as encoder.layer.10.attention.self.value.weight.
SAVING bert.encoder.layer.10.attention.self.value.bias as encoder.layer.10.attention.self.value.bias.
SAVING bert.encoder.layer.10.attention.output.dense.weight as encoder.layer.10.attention.output.dense.weight.
SAVING bert.encoder.layer.10.attention.output.dense.bias as encoder.layer.10.attention.output.dense.bias.
SAVING bert.encoder.layer.10.attention.output.LayerNorm.weight as encoder.layer.10.attention.output.LayerNorm.weight.
SAVING bert.encoder.layer.10.attention.output.LayerNorm.bias as encoder.layer.10.attention.output.LayerNorm.bias.
SAVING bert.encoder.layer.10.intermediate.dense.weight as encoder.layer.10.intermediate.dense.weight.
SAVING bert.encoder.layer.10.intermediate.dense.bias as encoder.layer.10.intermediate.dense.bias.
SAVING bert.encoder.layer.10.output.dense.weight as encoder.layer.10.output.dense.weight.
SAVING bert.encoder.layer.10.output.dense.bias as encoder.layer.10.output.dense.bias.
SAVING bert.encoder.layer.10.output.LayerNorm.weight as encoder.layer.10.output.LayerNorm.weight.
SAVING bert.encoder.layer.10.output.LayerNorm.bias as encoder.layer.10.output.LayerNorm.bias.
SAVING bert.encoder.layer.11.attention.self.query.weight as encoder.layer.11.attention.self.query.weight.
SAVING bert.encoder.layer.11.attention.self.query.bias as encoder.layer.11.attention.self.query.bias.
SAVING bert.encoder.layer.11.attention.self.key.weight as encoder.layer.11.attention.self.key.weight.
SAVING bert.encoder.layer.11.attention.self.key.bias as encoder.layer.11.attention.self.key.bias.
SAVING bert.encoder.layer.11.attention.self.value.weight as encoder.layer.11.attention.self.value.weight.
SAVING bert.encoder.layer.11.attention.self.value.bias as encoder.layer.11.attention.self.value.bias.
SAVING bert.encoder.layer.11.attention.output.dense.weight as encoder.layer.11.attention.output.dense.weight.
SAVING bert.encoder.layer.11.attention.output.dense.bias as encoder.layer.11.attention.output.dense.bias.
SAVING bert.encoder.layer.11.attention.output.LayerNorm.weight as encoder.layer.11.attention.output.LayerNorm.weight.
SAVING bert.encoder.layer.11.attention.output.LayerNorm.bias as encoder.layer.11.attention.output.LayerNorm.bias.
SAVING bert.encoder.layer.11.intermediate.dense.weight as encoder.layer.11.intermediate.dense.weight.
SAVING bert.encoder.layer.11.intermediate.dense.bias as encoder.layer.11.intermediate.dense.bias.
SAVING bert.encoder.layer.11.output.dense.weight as encoder.layer.11.output.dense.weight.
SAVING bert.encoder.layer.11.output.dense.bias as encoder.layer.11.output.dense.bias.
SAVING bert.encoder.layer.11.output.LayerNorm.weight as encoder.layer.11.output.LayerNorm.weight.
SAVING bert.encoder.layer.11.output.LayerNorm.bias as encoder.layer.11.output.LayerNorm.bias.
SAVING bert.encoder.layer.12.attention.self.query.weight as encoder.layer.12.attention.self.query.weight.
SAVING bert.encoder.layer.12.attention.self.query.bias as encoder.layer.12.attention.self.query.bias.
SAVING bert.encoder.layer.12.attention.self.key.weight as encoder.layer.12.attention.self.key.weight.
SAVING bert.encoder.layer.12.attention.self.key.bias as encoder.layer.12.attention.self.key.bias.
SAVING bert.encoder.layer.12.attention.self.value.weight as encoder.layer.12.attention.self.value.weight.
SAVING bert.encoder.layer.12.attention.self.value.bias as encoder.layer.12.attention.self.value.bias.
SAVING bert.encoder.layer.12.attention.output.dense.weight as encoder.layer.12.attention.output.dense.weight.
SAVING bert.encoder.layer.12.attention.output.dense.bias as encoder.layer.12.attention.output.dense.bias.
SAVING bert.encoder.layer.12.attention.output.LayerNorm.weight as encoder.layer.12.attention.output.LayerNorm.weight.
SAVING bert.encoder.layer.12.attention.output.LayerNorm.bias as encoder.layer.12.attention.output.LayerNorm.bias.
SAVING bert.encoder.layer.12.intermediate.dense.weight as encoder.layer.12.intermediate.dense.weight.
SAVING bert.encoder.layer.12.intermediate.dense.bias as encoder.layer.12.intermediate.dense.bias.
SAVING bert.encoder.layer.12.output.dense.weight as encoder.layer.12.output.dense.weight.
SAVING bert.encoder.layer.12.output.dense.bias as encoder.layer.12.output.dense.bias.
SAVING bert.encoder.layer.12.output.LayerNorm.weight as encoder.layer.12.output.LayerNorm.weight.
SAVING bert.encoder.layer.12.output.LayerNorm.bias as encoder.layer.12.output.LayerNorm.bias.
SAVING bert.encoder.layer.13.attention.self.query.weight as encoder.layer.13.attention.self.query.weight.
SAVING bert.encoder.layer.13.attention.self.query.bias as encoder.layer.13.attention.self.query.bias.
SAVING bert.encoder.layer.13.attention.self.key.weight as encoder.layer.13.attention.self.key.weight.
SAVING bert.encoder.layer.13.attention.self.key.bias as encoder.layer.13.attention.self.key.bias.
SAVING bert.encoder.layer.13.attention.self.value.weight as encoder.layer.13.attention.self.value.weight.
SAVING bert.encoder.layer.13.attention.self.value.bias as encoder.layer.13.attention.self.value.bias.
SAVING bert.encoder.layer.13.attention.output.dense.weight as encoder.layer.13.attention.output.dense.weight.
SAVING bert.encoder.layer.13.attention.output.dense.bias as encoder.layer.13.attention.output.dense.bias.
SAVING bert.encoder.layer.13.attention.output.LayerNorm.weight as encoder.layer.13.attention.output.LayerNorm.weight.
SAVING bert.encoder.layer.13.attention.output.LayerNorm.bias as encoder.layer.13.attention.output.LayerNorm.bias.
SAVING bert.encoder.layer.13.intermediate.dense.weight as encoder.layer.13.intermediate.dense.weight.
SAVING bert.encoder.layer.13.intermediate.dense.bias as encoder.layer.13.intermediate.dense.bias.
SAVING bert.encoder.layer.13.output.dense.weight as encoder.layer.13.output.dense.weight.
SAVING bert.encoder.layer.13.output.dense.bias as encoder.layer.13.output.dense.bias.
SAVING bert.encoder.layer.13.output.LayerNorm.weight as encoder.layer.13.output.LayerNorm.weight.
SAVING bert.encoder.layer.13.output.LayerNorm.bias as encoder.layer.13.output.LayerNorm.bias.
SAVING bert.encoder.layer.14.attention.self.query.weight as encoder.layer.14.attention.self.query.weight.
SAVING bert.encoder.layer.14.attention.self.query.bias as encoder.layer.14.attention.self.query.bias.
SAVING bert.encoder.layer.14.attention.self.key.weight as encoder.layer.14.attention.self.key.weight.
SAVING bert.encoder.layer.14.attention.self.key.bias as encoder.layer.14.attention.self.key.bias.
SAVING bert.encoder.layer.14.attention.self.value.weight as encoder.layer.14.attention.self.value.weight.
SAVING bert.encoder.layer.14.attention.self.value.bias as encoder.layer.14.attention.self.value.bias.
SAVING bert.encoder.layer.14.attention.output.dense.weight as encoder.layer.14.attention.output.dense.weight.
SAVING bert.encoder.layer.14.attention.output.dense.bias as encoder.layer.14.attention.output.dense.bias.
SAVING bert.encoder.layer.14.attention.output.LayerNorm.weight as encoder.layer.14.attention.output.LayerNorm.weight.
SAVING bert.encoder.layer.14.attention.output.LayerNorm.bias as encoder.layer.14.attention.output.LayerNorm.bias.
SAVING bert.encoder.layer.14.intermediate.dense.weight as encoder.layer.14.intermediate.dense.weight.
SAVING bert.encoder.layer.14.intermediate.dense.bias as encoder.layer.14.intermediate.dense.bias.
SAVING bert.encoder.layer.14.output.dense.weight as encoder.layer.14.output.dense.weight.
SAVING bert.encoder.layer.14.output.dense.bias as encoder.layer.14.output.dense.bias.
SAVING bert.encoder.layer.14.output.LayerNorm.weight as encoder.layer.14.output.LayerNorm.weight.
SAVING bert.encoder.layer.14.output.LayerNorm.bias as encoder.layer.14.output.LayerNorm.bias.
SAVING bert.encoder.layer.15.attention.self.query.weight as encoder.layer.15.attention.self.query.weight.
SAVING bert.encoder.layer.15.attention.self.query.bias as encoder.layer.15.attention.self.query.bias.
SAVING bert.encoder.layer.15.attention.self.key.weight as encoder.layer.15.attention.self.key.weight.
SAVING bert.encoder.layer.15.attention.self.key.bias as encoder.layer.15.attention.self.key.bias.
SAVING bert.encoder.layer.15.attention.self.value.weight as encoder.layer.15.attention.self.value.weight.
SAVING bert.encoder.layer.15.attention.self.value.bias as encoder.layer.15.attention.self.value.bias.
SAVING bert.encoder.layer.15.attention.output.dense.weight as encoder.layer.15.attention.output.dense.weight.
SAVING bert.encoder.layer.15.attention.output.dense.bias as encoder.layer.15.attention.output.dense.bias.
SAVING bert.encoder.layer.15.attention.output.LayerNorm.weight as encoder.layer.15.attention.output.LayerNorm.weight.
SAVING bert.encoder.layer.15.attention.output.LayerNorm.bias as encoder.layer.15.attention.output.LayerNorm.bias.
SAVING bert.encoder.layer.15.intermediate.dense.weight as encoder.layer.15.intermediate.dense.weight.
SAVING bert.encoder.layer.15.intermediate.dense.bias as encoder.layer.15.intermediate.dense.bias.
SAVING bert.encoder.layer.15.output.dense.weight as encoder.layer.15.output.dense.weight.
SAVING bert.encoder.layer.15.output.dense.bias as encoder.layer.15.output.dense.bias.
SAVING bert.encoder.layer.15.output.LayerNorm.weight as encoder.layer.15.output.LayerNorm.weight.
SAVING bert.encoder.layer.15.output.LayerNorm.bias as encoder.layer.15.output.LayerNorm.bias.
SAVING bert.encoder.layer.16.attention.self.query.weight as encoder.layer.16.attention.self.query.weight.
SAVING bert.encoder.layer.16.attention.self.query.bias as encoder.layer.16.attention.self.query.bias.
SAVING bert.encoder.layer.16.attention.self.key.weight as encoder.layer.16.attention.self.key.weight.
SAVING bert.encoder.layer.16.attention.self.key.bias as encoder.layer.16.attention.self.key.bias.
SAVING bert.encoder.layer.16.attention.self.value.weight as encoder.layer.16.attention.self.value.weight.
SAVING bert.encoder.layer.16.attention.self.value.bias as encoder.layer.16.attention.self.value.bias.
SAVING bert.encoder.layer.16.attention.output.dense.weight as encoder.layer.16.attention.output.dense.weight.
SAVING bert.encoder.layer.16.attention.output.dense.bias as encoder.layer.16.attention.output.dense.bias.
SAVING bert.encoder.layer.16.attention.output.LayerNorm.weight as encoder.layer.16.attention.output.LayerNorm.weight.
SAVING bert.encoder.layer.16.attention.output.LayerNorm.bias as encoder.layer.16.attention.output.LayerNorm.bias.
SAVING bert.encoder.layer.16.intermediate.dense.weight as encoder.layer.16.intermediate.dense.weight.
SAVING bert.encoder.layer.16.intermediate.dense.bias as encoder.layer.16.intermediate.dense.bias.
SAVING bert.encoder.layer.16.output.dense.weight as encoder.layer.16.output.dense.weight.
SAVING bert.encoder.layer.16.output.dense.bias as encoder.layer.16.output.dense.bias.
SAVING bert.encoder.layer.16.output.LayerNorm.weight as encoder.layer.16.output.LayerNorm.weight.
SAVING bert.encoder.layer.16.output.LayerNorm.bias as encoder.layer.16.output.LayerNorm.bias.
SAVING bert.encoder.layer.17.attention.self.query.weight as encoder.layer.17.attention.self.query.weight.
SAVING bert.encoder.layer.17.attention.self.query.bias as encoder.layer.17.attention.self.query.bias.
SAVING bert.encoder.layer.17.attention.self.key.weight as encoder.layer.17.attention.self.key.weight.
SAVING bert.encoder.layer.17.attention.self.key.bias as encoder.layer.17.attention.self.key.bias.
SAVING bert.encoder.layer.17.attention.self.value.weight as encoder.layer.17.attention.self.value.weight.
SAVING bert.encoder.layer.17.attention.self.value.bias as encoder.layer.17.attention.self.value.bias.
SAVING bert.encoder.layer.17.attention.output.dense.weight as encoder.layer.17.attention.output.dense.weight.
SAVING bert.encoder.layer.17.attention.output.dense.bias as encoder.layer.17.attention.output.dense.bias.
SAVING bert.encoder.layer.17.attention.output.LayerNorm.weight as encoder.layer.17.attention.output.LayerNorm.weight.
SAVING bert.encoder.layer.17.attention.output.LayerNorm.bias as encoder.layer.17.attention.output.LayerNorm.bias.
SAVING bert.encoder.layer.17.intermediate.dense.weight as encoder.layer.17.intermediate.dense.weight.
SAVING bert.encoder.layer.17.intermediate.dense.bias as encoder.layer.17.intermediate.dense.bias.
SAVING bert.encoder.layer.17.output.dense.weight as encoder.layer.17.output.dense.weight.
SAVING bert.encoder.layer.17.output.dense.bias as encoder.layer.17.output.dense.bias.
SAVING bert.encoder.layer.17.output.LayerNorm.weight as encoder.layer.17.output.LayerNorm.weight.
SAVING bert.encoder.layer.17.output.LayerNorm.bias as encoder.layer.17.output.LayerNorm.bias.
SAVING bert.encoder.layer.18.attention.self.query.weight as encoder.layer.18.attention.self.query.weight.
SAVING bert.encoder.layer.18.attention.self.query.bias as encoder.layer.18.attention.self.query.bias.
SAVING bert.encoder.layer.18.attention.self.key.weight as encoder.layer.18.attention.self.key.weight.
SAVING bert.encoder.layer.18.attention.self.key.bias as encoder.layer.18.attention.self.key.bias.
SAVING bert.encoder.layer.18.attention.self.value.weight as encoder.layer.18.attention.self.value.weight.
SAVING bert.encoder.layer.18.attention.self.value.bias as encoder.layer.18.attention.self.value.bias.
SAVING bert.encoder.layer.18.attention.output.dense.weight as encoder.layer.18.attention.output.dense.weight.
SAVING bert.encoder.layer.18.attention.output.dense.bias as encoder.layer.18.attention.output.dense.bias.
SAVING bert.encoder.layer.18.attention.output.LayerNorm.weight as encoder.layer.18.attention.output.LayerNorm.weight.
SAVING bert.encoder.layer.18.attention.output.LayerNorm.bias as encoder.layer.18.attention.output.LayerNorm.bias.
SAVING bert.encoder.layer.18.intermediate.dense.weight as encoder.layer.18.intermediate.dense.weight.
SAVING bert.encoder.layer.18.intermediate.dense.bias as encoder.layer.18.intermediate.dense.bias.
SAVING bert.encoder.layer.18.output.dense.weight as encoder.layer.18.output.dense.weight.
SAVING bert.encoder.layer.18.output.dense.bias as encoder.layer.18.output.dense.bias.
SAVING bert.encoder.layer.18.output.LayerNorm.weight as encoder.layer.18.output.LayerNorm.weight.
SAVING bert.encoder.layer.18.output.LayerNorm.bias as encoder.layer.18.output.LayerNorm.bias.
SAVING bert.encoder.layer.19.attention.self.query.weight as encoder.layer.19.attention.self.query.weight.
SAVING bert.encoder.layer.19.attention.self.query.bias as encoder.layer.19.attention.self.query.bias.
SAVING bert.encoder.layer.19.attention.self.key.weight as encoder.layer.19.attention.self.key.weight.
SAVING bert.encoder.layer.19.attention.self.key.bias as encoder.layer.19.attention.self.key.bias.
SAVING bert.encoder.layer.19.attention.self.value.weight as encoder.layer.19.attention.self.value.weight.
SAVING bert.encoder.layer.19.attention.self.value.bias as encoder.layer.19.attention.self.value.bias.
SAVING bert.encoder.layer.19.attention.output.dense.weight as encoder.layer.19.attention.output.dense.weight.
SAVING bert.encoder.layer.19.attention.output.dense.bias as encoder.layer.19.attention.output.dense.bias.
SAVING bert.encoder.layer.19.attention.output.LayerNorm.weight as encoder.layer.19.attention.output.LayerNorm.weight.
SAVING bert.encoder.layer.19.attention.output.LayerNorm.bias as encoder.layer.19.attention.output.LayerNorm.bias.
SAVING bert.encoder.layer.19.intermediate.dense.weight as encoder.layer.19.intermediate.dense.weight.
SAVING bert.encoder.layer.19.intermediate.dense.bias as encoder.layer.19.intermediate.dense.bias.
SAVING bert.encoder.layer.19.output.dense.weight as encoder.layer.19.output.dense.weight.
SAVING bert.encoder.layer.19.output.dense.bias as encoder.layer.19.output.dense.bias.
SAVING bert.encoder.layer.19.output.LayerNorm.weight as encoder.layer.19.output.LayerNorm.weight.
SAVING bert.encoder.layer.19.output.LayerNorm.bias as encoder.layer.19.output.LayerNorm.bias.
SAVING bert.encoder.layer.20.attention.self.query.weight as encoder.layer.20.attention.self.query.weight.
SAVING bert.encoder.layer.20.attention.self.query.bias as encoder.layer.20.attention.self.query.bias.
SAVING bert.encoder.layer.20.attention.self.key.weight as encoder.layer.20.attention.self.key.weight.
SAVING bert.encoder.layer.20.attention.self.key.bias as encoder.layer.20.attention.self.key.bias.
SAVING bert.encoder.layer.20.attention.self.value.weight as encoder.layer.20.attention.self.value.weight.
SAVING bert.encoder.layer.20.attention.self.value.bias as encoder.layer.20.attention.self.value.bias.
SAVING bert.encoder.layer.20.attention.output.dense.weight as encoder.layer.20.attention.output.dense.weight.
SAVING bert.encoder.layer.20.attention.output.dense.bias as encoder.layer.20.attention.output.dense.bias.
SAVING bert.encoder.layer.20.attention.output.LayerNorm.weight as encoder.layer.20.attention.output.LayerNorm.weight.
SAVING bert.encoder.layer.20.attention.output.LayerNorm.bias as encoder.layer.20.attention.output.LayerNorm.bias.
SAVING bert.encoder.layer.20.intermediate.dense.weight as encoder.layer.20.intermediate.dense.weight.
SAVING bert.encoder.layer.20.intermediate.dense.bias as encoder.layer.20.intermediate.dense.bias.
SAVING bert.encoder.layer.20.output.dense.weight as encoder.layer.20.output.dense.weight.
SAVING bert.encoder.layer.20.output.dense.bias as encoder.layer.20.output.dense.bias.
SAVING bert.encoder.layer.20.output.LayerNorm.weight as encoder.layer.20.output.LayerNorm.weight.
SAVING bert.encoder.layer.20.output.LayerNorm.bias as encoder.layer.20.output.LayerNorm.bias.
SAVING bert.encoder.layer.21.attention.self.query.weight as encoder.layer.21.attention.self.query.weight.
SAVING bert.encoder.layer.21.attention.self.query.bias as encoder.layer.21.attention.self.query.bias.
SAVING bert.encoder.layer.21.attention.self.key.weight as encoder.layer.21.attention.self.key.weight.
SAVING bert.encoder.layer.21.attention.self.key.bias as encoder.layer.21.attention.self.key.bias.
SAVING bert.encoder.layer.21.attention.self.value.weight as encoder.layer.21.attention.self.value.weight.
SAVING bert.encoder.layer.21.attention.self.value.bias as encoder.layer.21.attention.self.value.bias.
SAVING bert.encoder.layer.21.attention.output.dense.weight as encoder.layer.21.attention.output.dense.weight.
SAVING bert.encoder.layer.21.attention.output.dense.bias as encoder.layer.21.attention.output.dense.bias.
SAVING bert.encoder.layer.21.attention.output.LayerNorm.weight as encoder.layer.21.attention.output.LayerNorm.weight.
SAVING bert.encoder.layer.21.attention.output.LayerNorm.bias as encoder.layer.21.attention.output.LayerNorm.bias.
SAVING bert.encoder.layer.21.intermediate.dense.weight as encoder.layer.21.intermediate.dense.weight.
SAVING bert.encoder.layer.21.intermediate.dense.bias as encoder.layer.21.intermediate.dense.bias.
SAVING bert.encoder.layer.21.output.dense.weight as encoder.layer.21.output.dense.weight.
SAVING bert.encoder.layer.21.output.dense.bias as encoder.layer.21.output.dense.bias.
SAVING bert.encoder.layer.21.output.LayerNorm.weight as encoder.layer.21.output.LayerNorm.weight.
SAVING bert.encoder.layer.21.output.LayerNorm.bias as encoder.layer.21.output.LayerNorm.bias.
SAVING bert.encoder.layer.22.attention.self.query.weight as encoder.layer.22.attention.self.query.weight.
SAVING bert.encoder.layer.22.attention.self.query.bias as encoder.layer.22.attention.self.query.bias.
SAVING bert.encoder.layer.22.attention.self.key.weight as encoder.layer.22.attention.self.key.weight.
SAVING bert.encoder.layer.22.attention.self.key.bias as encoder.layer.22.attention.self.key.bias.
SAVING bert.encoder.layer.22.attention.self.value.weight as encoder.layer.22.attention.self.value.weight.
SAVING bert.encoder.layer.22.attention.self.value.bias as encoder.layer.22.attention.self.value.bias.
SAVING bert.encoder.layer.22.attention.output.dense.weight as encoder.layer.22.attention.output.dense.weight.
SAVING bert.encoder.layer.22.attention.output.dense.bias as encoder.layer.22.attention.output.dense.bias.
SAVING bert.encoder.layer.22.attention.output.LayerNorm.weight as encoder.layer.22.attention.output.LayerNorm.weight.
SAVING bert.encoder.layer.22.attention.output.LayerNorm.bias as encoder.layer.22.attention.output.LayerNorm.bias.
SAVING bert.encoder.layer.22.intermediate.dense.weight as encoder.layer.22.intermediate.dense.weight.
SAVING bert.encoder.layer.22.intermediate.dense.bias as encoder.layer.22.intermediate.dense.bias.
SAVING bert.encoder.layer.22.output.dense.weight as encoder.layer.22.output.dense.weight.
SAVING bert.encoder.layer.22.output.dense.bias as encoder.layer.22.output.dense.bias.
SAVING bert.encoder.layer.22.output.LayerNorm.weight as encoder.layer.22.output.LayerNorm.weight.
SAVING bert.encoder.layer.22.output.LayerNorm.bias as encoder.layer.22.output.LayerNorm.bias.
SAVING bert.encoder.layer.23.attention.self.query.weight as encoder.layer.23.attention.self.query.weight.
SAVING bert.encoder.layer.23.attention.self.query.bias as encoder.layer.23.attention.self.query.bias.
SAVING bert.encoder.layer.23.attention.self.key.weight as encoder.layer.23.attention.self.key.weight.
SAVING bert.encoder.layer.23.attention.self.key.bias as encoder.layer.23.attention.self.key.bias.
SAVING bert.encoder.layer.23.attention.self.value.weight as encoder.layer.23.attention.self.value.weight.
SAVING bert.encoder.layer.23.attention.self.value.bias as encoder.layer.23.attention.self.value.bias.
SAVING bert.encoder.layer.23.attention.output.dense.weight as encoder.layer.23.attention.output.dense.weight.
SAVING bert.encoder.layer.23.attention.output.dense.bias as encoder.layer.23.attention.output.dense.bias.
SAVING bert.encoder.layer.23.attention.output.LayerNorm.weight as encoder.layer.23.attention.output.LayerNorm.weight.
SAVING bert.encoder.layer.23.attention.output.LayerNorm.bias as encoder.layer.23.attention.output.LayerNorm.bias.
SAVING bert.encoder.layer.23.intermediate.dense.weight as encoder.layer.23.intermediate.dense.weight.
SAVING bert.encoder.layer.23.intermediate.dense.bias as encoder.layer.23.intermediate.dense.bias.
SAVING bert.encoder.layer.23.output.dense.weight as encoder.layer.23.output.dense.weight.
SAVING bert.encoder.layer.23.output.dense.bias as encoder.layer.23.output.dense.bias.
SAVING bert.encoder.layer.23.output.LayerNorm.weight as encoder.layer.23.output.LayerNorm.weight.
SAVING bert.encoder.layer.23.output.LayerNorm.bias as encoder.layer.23.output.LayerNorm.bias.
SAVING bert.pooler.dense.weight as pooler.dense.weight.
SAVING bert.pooler.dense.bias as pooler.dense.bias.

Weights in loaded but not in model:
cls.predictions.bias
cls.predictions.decoder.weight
cls.predictions.transform.LayerNorm.bias
cls.predictions.transform.LayerNorm.weight
cls.predictions.transform.dense.bias
cls.predictions.transform.dense.weight
cls.seq_relationship.bias
cls.seq_relationship.weight
ctm_output.bias
ctm_output.weight

Weights in model but not in loaded:

Total Iters: 5375
Splits in Train data: ['train']
Splits in Valid data: ['dev_seen']
Batches: 1075
/home/ML_courses/DL2020/efratblaier/vilio_env/lib/python3.7/site-packages/torchcontrib/optim/swa.py:130: UserWarning: Casting swa_start, swa_freq to int
  warnings.warn("Casting swa_start, swa_freq to int")
tensor([-1.9010, -0.1618], device='cuda:0')

Epoch(U) 0(250): Train AC 58.73 RA 49.0164 LOSS 1457.9021

Epoch(U) 0(250): DEV AC 50.20 RA 48.2277 
Epoch(U) 0(250): BEST AC 50.20 RA 48.2277 

Epoch(U) 0(500): Train AC 60.96 RA 50.7355 LOSS 1326.2869

Epoch(U) 0(500): DEV AC 54.60 RA 55.1023 
Epoch(U) 0(500): BEST AC 54.60 RA 55.1023 
tensor([-0.6791, -0.7074], device='cuda:0')

Epoch(U) 1(750): Train AC 68.19 RA 66.4714 LOSS 1217.8271

Epoch(U) 1(750): DEV AC 58.80 RA 63.6108 
Epoch(U) 1(750): BEST AC 58.80 RA 63.6108 

Epoch(U) 1(1000): Train AC 70.92 RA 72.6551 LOSS 1085.6776

Epoch(U) 1(1000): DEV AC 58.20 RA 68.2626 
Epoch(U) 1(1000): BEST AC 58.20 RA 68.2626 
tensor([-1.0539, -0.4286], device='cuda:0')

Epoch(U) 2(1250): Train AC 83.17 RA 89.5663 LOSS 841.3991

Epoch(U) 2(1250): DEV AC 64.00 RA 71.3495 
Epoch(U) 2(1250): BEST AC 64.00 RA 71.3495 

Epoch(U) 2(1500): Train AC 83.67 RA 90.0828 LOSS 741.4410

Epoch(U) 2(1500): DEV AC 64.20 RA 70.8694 
Epoch(U) 2(1500): BEST AC 64.00 RA 71.3495 
tensor([-0.0410, -3.2145], device='cuda:0')

Epoch(U) 3(1750): Train AC 93.35 RA 97.6313 LOSS 537.4808

Epoch(U) 3(1750): DEV AC 66.00 RA 72.3896 
Epoch(U) 3(1750): BEST AC 66.00 RA 72.3896 

Epoch(U) 3(2000): Train AC 93.04 RA 97.5595 LOSS 411.0027

Epoch(U) 3(2000): DEV AC 65.40 RA 71.8727 
Epoch(U) 3(2000): BEST AC 66.00 RA 72.3896 
tensor([-4.9190, -0.0073], device='cuda:0')

Epoch(U) 4(2250): Train AC 96.94 RA 99.0955 LOSS 325.1676

Epoch(U) 4(2250): DEV AC 63.20 RA 70.9366 
Epoch(U) 4(2250): BEST AC 66.00 RA 72.3896 

Epoch(U) 4(2500): Train AC 96.98 RA 99.3534 LOSS 226.1026

Epoch(U) 4(2500): DEV AC 63.20 RA 72.1256 
Epoch(U) 4(2500): BEST AC 66.00 RA 72.3896 
tensor([-0.3207, -1.2933], device='cuda:0')

Epoch(U) 5(2750): Train AC 98.85 RA 99.6918 LOSS 264.8028

Epoch(U) 5(2750): DEV AC 64.40 RA 70.1669 
Epoch(U) 5(2750): BEST AC 66.00 RA 72.3896 

Epoch(U) 5(3000): Train AC 98.97 RA 99.7859 LOSS 98.8590

Epoch(U) 5(3000): DEV AC 63.20 RA 71.0574 
Epoch(U) 5(3000): BEST AC 66.00 RA 72.3896 
tensor([-4.3645e-04, -7.7370e+00], device='cuda:0')

Epoch(U) 6(3250): Train AC 99.78 RA 100.0000 LOSS 186.0575

Epoch(U) 6(3250): DEV AC 62.60 RA 70.6062 
Epoch(U) 6(3250): BEST AC 66.00 RA 72.3896 

Epoch(U) 6(3500): Train AC 99.26 RA 99.8635 LOSS 80.7980

Epoch(U) 6(3500): DEV AC 62.20 RA 69.9037 
Epoch(U) 6(3500): BEST AC 66.00 RA 72.3896 

Epoch(U) 6(3750): Train AC 99.16 RA 99.8795 LOSS 96.4507

Epoch(U) 6(3750): DEV AC 64.00 RA 71.1943 
Epoch(U) 6(3750): BEST AC 66.00 RA 72.3896 
tensor([-1.4901e-05, -1.1115e+01], device='cuda:0')

Epoch(U) 7(4000): Train AC 99.64 RA 99.9773 LOSS 32.7767

Epoch(U) 7(4000): DEV AC 66.40 RA 71.5279 
Epoch(U) 7(4000): BEST AC 66.00 RA 72.3896 

Epoch(U) 7(4250): Train AC 99.30 RA 99.8661 LOSS 108.6072

Epoch(U) 7(4250): DEV AC 65.60 RA 72.5088 
Epoch(U) 7(4250): BEST AC 65.60 RA 72.5088 
tensor([-9.1527e+00, -1.0597e-04], device='cuda:0')

Epoch(U) 8(4500): Train AC 98.10 RA 99.6074 LOSS 178.2119

Epoch(U) 8(4500): DEV AC 62.60 RA 71.5207 
Epoch(U) 8(4500): BEST AC 65.60 RA 72.5088 

Epoch(U) 8(4750): Train AC 97.87 RA 99.5665 LOSS 221.2002

Epoch(U) 8(4750): DEV AC 64.60 RA 69.7300 
Epoch(U) 8(4750): BEST AC 65.60 RA 72.5088 
tensor([-8.3446e-06, -1.1696e+01], device='cuda:0')

Epoch(U) 9(5000): Train AC 98.65 RA 99.7718 LOSS 169.9934

Epoch(U) 9(5000): DEV AC 67.40 RA 72.1928 
Epoch(U) 9(5000): BEST AC 65.60 RA 72.5088 

Epoch(U) 9(5250): Train AC 98.35 RA 99.7116 LOSS 187.4785

Epoch(U) 9(5250): DEV AC 64.00 RA 71.8287 
Epoch(U) 9(5250): BEST AC 65.60 RA 72.5088 
Load 500 data from split(s) dev_seen.
Start to load Faster-RCNN detected objects from data/HM_img.tsv
Loaded 500 images in file data/HM_img.tsv in 44 seconds.
Use 500 data in torch dataset

<class 'pandas.core.frame.DataFrame'>
RangeIndex: 500 entries, 0 to 499
Data columns (total 3 columns):
 #   Column  Non-Null Count  Dtype  
---  ------  --------------  -----  
 0   id      500 non-null    int64  
 1   proba   500 non-null    float64
 2   label   500 non-null    int64  
dtypes: float64(1), int64(2)
memory usage: 11.8 KB
None
(0.652, 0.7146869149157479)
Load 1000 data from split(s) test_seen.
Start to load Faster-RCNN detected objects from data/HM_img.tsv
Loaded 1000 images in file data/HM_img.tsv in 43 seconds.
Use 1000 data in torch dataset

<class 'pandas.core.frame.DataFrame'>
RangeIndex: 1000 entries, 0 to 999
Data columns (total 3 columns):
 #   Column  Non-Null Count  Dtype  
---  ------  --------------  -----  
 0   id      1000 non-null   int64  
 1   proba   1000 non-null   float64
 2   label   1000 non-null   int64  
dtypes: float64(1), int64(2)
memory usage: 23.6 KB
None
