2021-04-27 09:04:01.178733: I tensorflow/stream_executor/platform/default/dso_loader.cc:48] Successfully opened dynamic library libcudart.so.10.1
Some weights of BertU were not initialized from the model checkpoint at bert-large-cased and are newly initialized: ['bert.img_embeddings.img_linear.weight', 'bert.img_embeddings.img_linear.bias', 'bert.img_embeddings.img_layer_norm.weight', 'bert.img_embeddings.img_layer_norm.bias', 'bert.img_embeddings.pos_layer_norm.weight', 'bert.img_embeddings.pos_layer_norm.bias', 'bert.img_embeddings.pos_linear.weight', 'bert.img_embeddings.pos_linear.bias', 'bert.img_embeddings.LayerNorm.weight', 'bert.img_embeddings.LayerNorm.bias']
You should probably TRAIN this model on a down-stream task to be able to use it for predictions and inference.
Load 8596 data from split(s) train.
Start to load Faster-RCNN detected objects from data/HM_img.tsv
Loaded 8596 images in file data/HM_img.tsv in 48 seconds.
Use 8596 data in torch dataset

Load 500 data from split(s) dev_seen.
Start to load Faster-RCNN detected objects from data/HM_img.tsv
Loaded 500 images in file data/HM_img.tsv in 38 seconds.
Use 500 data in torch dataset

UNEXPECTED:  []
MISSING:  ['bert.img_embeddings.img_linear.weight', 'bert.img_embeddings.img_linear.bias', 'bert.img_embeddings.img_layer_norm.weight', 'bert.img_embeddings.img_layer_norm.bias', 'bert.img_embeddings.pos_layer_norm.weight', 'bert.img_embeddings.pos_layer_norm.bias', 'bert.img_embeddings.pos_linear.weight', 'bert.img_embeddings.pos_linear.bias', 'bert.img_embeddings.LayerNorm.weight', 'bert.img_embeddings.LayerNorm.bias']
ERRORS:  []
REINITING:  Linear(in_features=1024, out_features=2048, bias=True)
REINITING:  GeLU()
REINITING:  LayerNorm((2048,), eps=1e-12, elementwise_affine=True)
REINITING:  Linear(in_features=2048, out_features=2, bias=True)
REINITING:  Sequential(
  (0): Linear(in_features=1024, out_features=2048, bias=True)
  (1): GeLU()
  (2): LayerNorm((2048,), eps=1e-12, elementwise_affine=True)
  (3): Linear(in_features=2048, out_features=2, bias=True)
)
Load pre-trained model from ./data/LASTPRetrain_withval_BU_10epochs.pth
SAVING bert.embeddings.position_ids as embeddings.position_ids.
SAVING bert.embeddings.word_embeddings.weight as embeddings.word_embeddings.weight.
SAVING bert.embeddings.position_embeddings.weight as embeddings.position_embeddings.weight.
SAVING bert.embeddings.token_type_embeddings.weight as embeddings.token_type_embeddings.weight.
SAVING bert.embeddings.LayerNorm.weight as embeddings.LayerNorm.weight.
SAVING bert.embeddings.LayerNorm.bias as embeddings.LayerNorm.bias.
SAVING bert.img_embeddings.img_linear.weight as img_embeddings.img_linear.weight.
SAVING bert.img_embeddings.img_linear.bias as img_embeddings.img_linear.bias.
SAVING bert.img_embeddings.img_layer_norm.weight as img_embeddings.img_layer_norm.weight.
SAVING bert.img_embeddings.img_layer_norm.bias as img_embeddings.img_layer_norm.bias.
SAVING bert.img_embeddings.pos_layer_norm.weight as img_embeddings.pos_layer_norm.weight.
SAVING bert.img_embeddings.pos_layer_norm.bias as img_embeddings.pos_layer_norm.bias.
SAVING bert.img_embeddings.pos_linear.weight as img_embeddings.pos_linear.weight.
SAVING bert.img_embeddings.pos_linear.bias as img_embeddings.pos_linear.bias.
SAVING bert.img_embeddings.LayerNorm.weight as img_embeddings.LayerNorm.weight.
SAVING bert.img_embeddings.LayerNorm.bias as img_embeddings.LayerNorm.bias.
SAVING bert.encoder.layer.0.attention.self.query.weight as encoder.layer.0.attention.self.query.weight.
SAVING bert.encoder.layer.0.attention.self.query.bias as encoder.layer.0.attention.self.query.bias.
SAVING bert.encoder.layer.0.attention.self.key.weight as encoder.layer.0.attention.self.key.weight.
SAVING bert.encoder.layer.0.attention.self.key.bias as encoder.layer.0.attention.self.key.bias.
SAVING bert.encoder.layer.0.attention.self.value.weight as encoder.layer.0.attention.self.value.weight.
SAVING bert.encoder.layer.0.attention.self.value.bias as encoder.layer.0.attention.self.value.bias.
SAVING bert.encoder.layer.0.attention.output.dense.weight as encoder.layer.0.attention.output.dense.weight.
SAVING bert.encoder.layer.0.attention.output.dense.bias as encoder.layer.0.attention.output.dense.bias.
SAVING bert.encoder.layer.0.attention.output.LayerNorm.weight as encoder.layer.0.attention.output.LayerNorm.weight.
SAVING bert.encoder.layer.0.attention.output.LayerNorm.bias as encoder.layer.0.attention.output.LayerNorm.bias.
SAVING bert.encoder.layer.0.intermediate.dense.weight as encoder.layer.0.intermediate.dense.weight.
SAVING bert.encoder.layer.0.intermediate.dense.bias as encoder.layer.0.intermediate.dense.bias.
SAVING bert.encoder.layer.0.output.dense.weight as encoder.layer.0.output.dense.weight.
SAVING bert.encoder.layer.0.output.dense.bias as encoder.layer.0.output.dense.bias.
SAVING bert.encoder.layer.0.output.LayerNorm.weight as encoder.layer.0.output.LayerNorm.weight.
SAVING bert.encoder.layer.0.output.LayerNorm.bias as encoder.layer.0.output.LayerNorm.bias.
SAVING bert.encoder.layer.1.attention.self.query.weight as encoder.layer.1.attention.self.query.weight.
SAVING bert.encoder.layer.1.attention.self.query.bias as encoder.layer.1.attention.self.query.bias.
SAVING bert.encoder.layer.1.attention.self.key.weight as encoder.layer.1.attention.self.key.weight.
SAVING bert.encoder.layer.1.attention.self.key.bias as encoder.layer.1.attention.self.key.bias.
SAVING bert.encoder.layer.1.attention.self.value.weight as encoder.layer.1.attention.self.value.weight.
SAVING bert.encoder.layer.1.attention.self.value.bias as encoder.layer.1.attention.self.value.bias.
SAVING bert.encoder.layer.1.attention.output.dense.weight as encoder.layer.1.attention.output.dense.weight.
SAVING bert.encoder.layer.1.attention.output.dense.bias as encoder.layer.1.attention.output.dense.bias.
SAVING bert.encoder.layer.1.attention.output.LayerNorm.weight as encoder.layer.1.attention.output.LayerNorm.weight.
SAVING bert.encoder.layer.1.attention.output.LayerNorm.bias as encoder.layer.1.attention.output.LayerNorm.bias.
SAVING bert.encoder.layer.1.intermediate.dense.weight as encoder.layer.1.intermediate.dense.weight.
SAVING bert.encoder.layer.1.intermediate.dense.bias as encoder.layer.1.intermediate.dense.bias.
SAVING bert.encoder.layer.1.output.dense.weight as encoder.layer.1.output.dense.weight.
SAVING bert.encoder.layer.1.output.dense.bias as encoder.layer.1.output.dense.bias.
SAVING bert.encoder.layer.1.output.LayerNorm.weight as encoder.layer.1.output.LayerNorm.weight.
SAVING bert.encoder.layer.1.output.LayerNorm.bias as encoder.layer.1.output.LayerNorm.bias.
SAVING bert.encoder.layer.2.attention.self.query.weight as encoder.layer.2.attention.self.query.weight.
SAVING bert.encoder.layer.2.attention.self.query.bias as encoder.layer.2.attention.self.query.bias.
SAVING bert.encoder.layer.2.attention.self.key.weight as encoder.layer.2.attention.self.key.weight.
SAVING bert.encoder.layer.2.attention.self.key.bias as encoder.layer.2.attention.self.key.bias.
SAVING bert.encoder.layer.2.attention.self.value.weight as encoder.layer.2.attention.self.value.weight.
SAVING bert.encoder.layer.2.attention.self.value.bias as encoder.layer.2.attention.self.value.bias.
SAVING bert.encoder.layer.2.attention.output.dense.weight as encoder.layer.2.attention.output.dense.weight.
SAVING bert.encoder.layer.2.attention.output.dense.bias as encoder.layer.2.attention.output.dense.bias.
SAVING bert.encoder.layer.2.attention.output.LayerNorm.weight as encoder.layer.2.attention.output.LayerNorm.weight.
SAVING bert.encoder.layer.2.attention.output.LayerNorm.bias as encoder.layer.2.attention.output.LayerNorm.bias.
SAVING bert.encoder.layer.2.intermediate.dense.weight as encoder.layer.2.intermediate.dense.weight.
SAVING bert.encoder.layer.2.intermediate.dense.bias as encoder.layer.2.intermediate.dense.bias.
SAVING bert.encoder.layer.2.output.dense.weight as encoder.layer.2.output.dense.weight.
SAVING bert.encoder.layer.2.output.dense.bias as encoder.layer.2.output.dense.bias.
SAVING bert.encoder.layer.2.output.LayerNorm.weight as encoder.layer.2.output.LayerNorm.weight.
SAVING bert.encoder.layer.2.output.LayerNorm.bias as encoder.layer.2.output.LayerNorm.bias.
SAVING bert.encoder.layer.3.attention.self.query.weight as encoder.layer.3.attention.self.query.weight.
SAVING bert.encoder.layer.3.attention.self.query.bias as encoder.layer.3.attention.self.query.bias.
SAVING bert.encoder.layer.3.attention.self.key.weight as encoder.layer.3.attention.self.key.weight.
SAVING bert.encoder.layer.3.attention.self.key.bias as encoder.layer.3.attention.self.key.bias.
SAVING bert.encoder.layer.3.attention.self.value.weight as encoder.layer.3.attention.self.value.weight.
SAVING bert.encoder.layer.3.attention.self.value.bias as encoder.layer.3.attention.self.value.bias.
SAVING bert.encoder.layer.3.attention.output.dense.weight as encoder.layer.3.attention.output.dense.weight.
SAVING bert.encoder.layer.3.attention.output.dense.bias as encoder.layer.3.attention.output.dense.bias.
SAVING bert.encoder.layer.3.attention.output.LayerNorm.weight as encoder.layer.3.attention.output.LayerNorm.weight.
SAVING bert.encoder.layer.3.attention.output.LayerNorm.bias as encoder.layer.3.attention.output.LayerNorm.bias.
SAVING bert.encoder.layer.3.intermediate.dense.weight as encoder.layer.3.intermediate.dense.weight.
SAVING bert.encoder.layer.3.intermediate.dense.bias as encoder.layer.3.intermediate.dense.bias.
SAVING bert.encoder.layer.3.output.dense.weight as encoder.layer.3.output.dense.weight.
SAVING bert.encoder.layer.3.output.dense.bias as encoder.layer.3.output.dense.bias.
SAVING bert.encoder.layer.3.output.LayerNorm.weight as encoder.layer.3.output.LayerNorm.weight.
SAVING bert.encoder.layer.3.output.LayerNorm.bias as encoder.layer.3.output.LayerNorm.bias.
SAVING bert.encoder.layer.4.attention.self.query.weight as encoder.layer.4.attention.self.query.weight.
SAVING bert.encoder.layer.4.attention.self.query.bias as encoder.layer.4.attention.self.query.bias.
SAVING bert.encoder.layer.4.attention.self.key.weight as encoder.layer.4.attention.self.key.weight.
SAVING bert.encoder.layer.4.attention.self.key.bias as encoder.layer.4.attention.self.key.bias.
SAVING bert.encoder.layer.4.attention.self.value.weight as encoder.layer.4.attention.self.value.weight.
SAVING bert.encoder.layer.4.attention.self.value.bias as encoder.layer.4.attention.self.value.bias.
SAVING bert.encoder.layer.4.attention.output.dense.weight as encoder.layer.4.attention.output.dense.weight.
SAVING bert.encoder.layer.4.attention.output.dense.bias as encoder.layer.4.attention.output.dense.bias.
SAVING bert.encoder.layer.4.attention.output.LayerNorm.weight as encoder.layer.4.attention.output.LayerNorm.weight.
SAVING bert.encoder.layer.4.attention.output.LayerNorm.bias as encoder.layer.4.attention.output.LayerNorm.bias.
SAVING bert.encoder.layer.4.intermediate.dense.weight as encoder.layer.4.intermediate.dense.weight.
SAVING bert.encoder.layer.4.intermediate.dense.bias as encoder.layer.4.intermediate.dense.bias.
SAVING bert.encoder.layer.4.output.dense.weight as encoder.layer.4.output.dense.weight.
SAVING bert.encoder.layer.4.output.dense.bias as encoder.layer.4.output.dense.bias.
SAVING bert.encoder.layer.4.output.LayerNorm.weight as encoder.layer.4.output.LayerNorm.weight.
SAVING bert.encoder.layer.4.output.LayerNorm.bias as encoder.layer.4.output.LayerNorm.bias.
SAVING bert.encoder.layer.5.attention.self.query.weight as encoder.layer.5.attention.self.query.weight.
SAVING bert.encoder.layer.5.attention.self.query.bias as encoder.layer.5.attention.self.query.bias.
SAVING bert.encoder.layer.5.attention.self.key.weight as encoder.layer.5.attention.self.key.weight.
SAVING bert.encoder.layer.5.attention.self.key.bias as encoder.layer.5.attention.self.key.bias.
SAVING bert.encoder.layer.5.attention.self.value.weight as encoder.layer.5.attention.self.value.weight.
SAVING bert.encoder.layer.5.attention.self.value.bias as encoder.layer.5.attention.self.value.bias.
SAVING bert.encoder.layer.5.attention.output.dense.weight as encoder.layer.5.attention.output.dense.weight.
SAVING bert.encoder.layer.5.attention.output.dense.bias as encoder.layer.5.attention.output.dense.bias.
SAVING bert.encoder.layer.5.attention.output.LayerNorm.weight as encoder.layer.5.attention.output.LayerNorm.weight.
SAVING bert.encoder.layer.5.attention.output.LayerNorm.bias as encoder.layer.5.attention.output.LayerNorm.bias.
SAVING bert.encoder.layer.5.intermediate.dense.weight as encoder.layer.5.intermediate.dense.weight.
SAVING bert.encoder.layer.5.intermediate.dense.bias as encoder.layer.5.intermediate.dense.bias.
SAVING bert.encoder.layer.5.output.dense.weight as encoder.layer.5.output.dense.weight.
SAVING bert.encoder.layer.5.output.dense.bias as encoder.layer.5.output.dense.bias.
SAVING bert.encoder.layer.5.output.LayerNorm.weight as encoder.layer.5.output.LayerNorm.weight.
SAVING bert.encoder.layer.5.output.LayerNorm.bias as encoder.layer.5.output.LayerNorm.bias.
SAVING bert.encoder.layer.6.attention.self.query.weight as encoder.layer.6.attention.self.query.weight.
SAVING bert.encoder.layer.6.attention.self.query.bias as encoder.layer.6.attention.self.query.bias.
SAVING bert.encoder.layer.6.attention.self.key.weight as encoder.layer.6.attention.self.key.weight.
SAVING bert.encoder.layer.6.attention.self.key.bias as encoder.layer.6.attention.self.key.bias.
SAVING bert.encoder.layer.6.attention.self.value.weight as encoder.layer.6.attention.self.value.weight.
SAVING bert.encoder.layer.6.attention.self.value.bias as encoder.layer.6.attention.self.value.bias.
SAVING bert.encoder.layer.6.attention.output.dense.weight as encoder.layer.6.attention.output.dense.weight.
SAVING bert.encoder.layer.6.attention.output.dense.bias as encoder.layer.6.attention.output.dense.bias.
SAVING bert.encoder.layer.6.attention.output.LayerNorm.weight as encoder.layer.6.attention.output.LayerNorm.weight.
SAVING bert.encoder.layer.6.attention.output.LayerNorm.bias as encoder.layer.6.attention.output.LayerNorm.bias.
SAVING bert.encoder.layer.6.intermediate.dense.weight as encoder.layer.6.intermediate.dense.weight.
SAVING bert.encoder.layer.6.intermediate.dense.bias as encoder.layer.6.intermediate.dense.bias.
SAVING bert.encoder.layer.6.output.dense.weight as encoder.layer.6.output.dense.weight.
SAVING bert.encoder.layer.6.output.dense.bias as encoder.layer.6.output.dense.bias.
SAVING bert.encoder.layer.6.output.LayerNorm.weight as encoder.layer.6.output.LayerNorm.weight.
SAVING bert.encoder.layer.6.output.LayerNorm.bias as encoder.layer.6.output.LayerNorm.bias.
SAVING bert.encoder.layer.7.attention.self.query.weight as encoder.layer.7.attention.self.query.weight.
SAVING bert.encoder.layer.7.attention.self.query.bias as encoder.layer.7.attention.self.query.bias.
SAVING bert.encoder.layer.7.attention.self.key.weight as encoder.layer.7.attention.self.key.weight.
SAVING bert.encoder.layer.7.attention.self.key.bias as encoder.layer.7.attention.self.key.bias.
SAVING bert.encoder.layer.7.attention.self.value.weight as encoder.layer.7.attention.self.value.weight.
SAVING bert.encoder.layer.7.attention.self.value.bias as encoder.layer.7.attention.self.value.bias.
SAVING bert.encoder.layer.7.attention.output.dense.weight as encoder.layer.7.attention.output.dense.weight.
SAVING bert.encoder.layer.7.attention.output.dense.bias as encoder.layer.7.attention.output.dense.bias.
SAVING bert.encoder.layer.7.attention.output.LayerNorm.weight as encoder.layer.7.attention.output.LayerNorm.weight.
SAVING bert.encoder.layer.7.attention.output.LayerNorm.bias as encoder.layer.7.attention.output.LayerNorm.bias.
SAVING bert.encoder.layer.7.intermediate.dense.weight as encoder.layer.7.intermediate.dense.weight.
SAVING bert.encoder.layer.7.intermediate.dense.bias as encoder.layer.7.intermediate.dense.bias.
SAVING bert.encoder.layer.7.output.dense.weight as encoder.layer.7.output.dense.weight.
SAVING bert.encoder.layer.7.output.dense.bias as encoder.layer.7.output.dense.bias.
SAVING bert.encoder.layer.7.output.LayerNorm.weight as encoder.layer.7.output.LayerNorm.weight.
SAVING bert.encoder.layer.7.output.LayerNorm.bias as encoder.layer.7.output.LayerNorm.bias.
SAVING bert.encoder.layer.8.attention.self.query.weight as encoder.layer.8.attention.self.query.weight.
SAVING bert.encoder.layer.8.attention.self.query.bias as encoder.layer.8.attention.self.query.bias.
SAVING bert.encoder.layer.8.attention.self.key.weight as encoder.layer.8.attention.self.key.weight.
SAVING bert.encoder.layer.8.attention.self.key.bias as encoder.layer.8.attention.self.key.bias.
SAVING bert.encoder.layer.8.attention.self.value.weight as encoder.layer.8.attention.self.value.weight.
SAVING bert.encoder.layer.8.attention.self.value.bias as encoder.layer.8.attention.self.value.bias.
SAVING bert.encoder.layer.8.attention.output.dense.weight as encoder.layer.8.attention.output.dense.weight.
SAVING bert.encoder.layer.8.attention.output.dense.bias as encoder.layer.8.attention.output.dense.bias.
SAVING bert.encoder.layer.8.attention.output.LayerNorm.weight as encoder.layer.8.attention.output.LayerNorm.weight.
SAVING bert.encoder.layer.8.attention.output.LayerNorm.bias as encoder.layer.8.attention.output.LayerNorm.bias.
SAVING bert.encoder.layer.8.intermediate.dense.weight as encoder.layer.8.intermediate.dense.weight.
SAVING bert.encoder.layer.8.intermediate.dense.bias as encoder.layer.8.intermediate.dense.bias.
SAVING bert.encoder.layer.8.output.dense.weight as encoder.layer.8.output.dense.weight.
SAVING bert.encoder.layer.8.output.dense.bias as encoder.layer.8.output.dense.bias.
SAVING bert.encoder.layer.8.output.LayerNorm.weight as encoder.layer.8.output.LayerNorm.weight.
SAVING bert.encoder.layer.8.output.LayerNorm.bias as encoder.layer.8.output.LayerNorm.bias.
SAVING bert.encoder.layer.9.attention.self.query.weight as encoder.layer.9.attention.self.query.weight.
SAVING bert.encoder.layer.9.attention.self.query.bias as encoder.layer.9.attention.self.query.bias.
SAVING bert.encoder.layer.9.attention.self.key.weight as encoder.layer.9.attention.self.key.weight.
SAVING bert.encoder.layer.9.attention.self.key.bias as encoder.layer.9.attention.self.key.bias.
SAVING bert.encoder.layer.9.attention.self.value.weight as encoder.layer.9.attention.self.value.weight.
SAVING bert.encoder.layer.9.attention.self.value.bias as encoder.layer.9.attention.self.value.bias.
SAVING bert.encoder.layer.9.attention.output.dense.weight as encoder.layer.9.attention.output.dense.weight.
SAVING bert.encoder.layer.9.attention.output.dense.bias as encoder.layer.9.attention.output.dense.bias.
SAVING bert.encoder.layer.9.attention.output.LayerNorm.weight as encoder.layer.9.attention.output.LayerNorm.weight.
SAVING bert.encoder.layer.9.attention.output.LayerNorm.bias as encoder.layer.9.attention.output.LayerNorm.bias.
SAVING bert.encoder.layer.9.intermediate.dense.weight as encoder.layer.9.intermediate.dense.weight.
SAVING bert.encoder.layer.9.intermediate.dense.bias as encoder.layer.9.intermediate.dense.bias.
SAVING bert.encoder.layer.9.output.dense.weight as encoder.layer.9.output.dense.weight.
SAVING bert.encoder.layer.9.output.dense.bias as encoder.layer.9.output.dense.bias.
SAVING bert.encoder.layer.9.output.LayerNorm.weight as encoder.layer.9.output.LayerNorm.weight.
SAVING bert.encoder.layer.9.output.LayerNorm.bias as encoder.layer.9.output.LayerNorm.bias.
SAVING bert.encoder.layer.10.attention.self.query.weight as encoder.layer.10.attention.self.query.weight.
SAVING bert.encoder.layer.10.attention.self.query.bias as encoder.layer.10.attention.self.query.bias.
SAVING bert.encoder.layer.10.attention.self.key.weight as encoder.layer.10.attention.self.key.weight.
SAVING bert.encoder.layer.10.attention.self.key.bias as encoder.layer.10.attention.self.key.bias.
SAVING bert.encoder.layer.10.attention.self.value.weight as encoder.layer.10.attention.self.value.weight.
SAVING bert.encoder.layer.10.attention.self.value.bias as encoder.layer.10.attention.self.value.bias.
SAVING bert.encoder.layer.10.attention.output.dense.weight as encoder.layer.10.attention.output.dense.weight.
SAVING bert.encoder.layer.10.attention.output.dense.bias as encoder.layer.10.attention.output.dense.bias.
SAVING bert.encoder.layer.10.attention.output.LayerNorm.weight as encoder.layer.10.attention.output.LayerNorm.weight.
SAVING bert.encoder.layer.10.attention.output.LayerNorm.bias as encoder.layer.10.attention.output.LayerNorm.bias.
SAVING bert.encoder.layer.10.intermediate.dense.weight as encoder.layer.10.intermediate.dense.weight.
SAVING bert.encoder.layer.10.intermediate.dense.bias as encoder.layer.10.intermediate.dense.bias.
SAVING bert.encoder.layer.10.output.dense.weight as encoder.layer.10.output.dense.weight.
SAVING bert.encoder.layer.10.output.dense.bias as encoder.layer.10.output.dense.bias.
SAVING bert.encoder.layer.10.output.LayerNorm.weight as encoder.layer.10.output.LayerNorm.weight.
SAVING bert.encoder.layer.10.output.LayerNorm.bias as encoder.layer.10.output.LayerNorm.bias.
SAVING bert.encoder.layer.11.attention.self.query.weight as encoder.layer.11.attention.self.query.weight.
SAVING bert.encoder.layer.11.attention.self.query.bias as encoder.layer.11.attention.self.query.bias.
SAVING bert.encoder.layer.11.attention.self.key.weight as encoder.layer.11.attention.self.key.weight.
SAVING bert.encoder.layer.11.attention.self.key.bias as encoder.layer.11.attention.self.key.bias.
SAVING bert.encoder.layer.11.attention.self.value.weight as encoder.layer.11.attention.self.value.weight.
SAVING bert.encoder.layer.11.attention.self.value.bias as encoder.layer.11.attention.self.value.bias.
SAVING bert.encoder.layer.11.attention.output.dense.weight as encoder.layer.11.attention.output.dense.weight.
SAVING bert.encoder.layer.11.attention.output.dense.bias as encoder.layer.11.attention.output.dense.bias.
SAVING bert.encoder.layer.11.attention.output.LayerNorm.weight as encoder.layer.11.attention.output.LayerNorm.weight.
SAVING bert.encoder.layer.11.attention.output.LayerNorm.bias as encoder.layer.11.attention.output.LayerNorm.bias.
SAVING bert.encoder.layer.11.intermediate.dense.weight as encoder.layer.11.intermediate.dense.weight.
SAVING bert.encoder.layer.11.intermediate.dense.bias as encoder.layer.11.intermediate.dense.bias.
SAVING bert.encoder.layer.11.output.dense.weight as encoder.layer.11.output.dense.weight.
SAVING bert.encoder.layer.11.output.dense.bias as encoder.layer.11.output.dense.bias.
SAVING bert.encoder.layer.11.output.LayerNorm.weight as encoder.layer.11.output.LayerNorm.weight.
SAVING bert.encoder.layer.11.output.LayerNorm.bias as encoder.layer.11.output.LayerNorm.bias.
SAVING bert.encoder.layer.12.attention.self.query.weight as encoder.layer.12.attention.self.query.weight.
SAVING bert.encoder.layer.12.attention.self.query.bias as encoder.layer.12.attention.self.query.bias.
SAVING bert.encoder.layer.12.attention.self.key.weight as encoder.layer.12.attention.self.key.weight.
SAVING bert.encoder.layer.12.attention.self.key.bias as encoder.layer.12.attention.self.key.bias.
SAVING bert.encoder.layer.12.attention.self.value.weight as encoder.layer.12.attention.self.value.weight.
SAVING bert.encoder.layer.12.attention.self.value.bias as encoder.layer.12.attention.self.value.bias.
SAVING bert.encoder.layer.12.attention.output.dense.weight as encoder.layer.12.attention.output.dense.weight.
SAVING bert.encoder.layer.12.attention.output.dense.bias as encoder.layer.12.attention.output.dense.bias.
SAVING bert.encoder.layer.12.attention.output.LayerNorm.weight as encoder.layer.12.attention.output.LayerNorm.weight.
SAVING bert.encoder.layer.12.attention.output.LayerNorm.bias as encoder.layer.12.attention.output.LayerNorm.bias.
SAVING bert.encoder.layer.12.intermediate.dense.weight as encoder.layer.12.intermediate.dense.weight.
SAVING bert.encoder.layer.12.intermediate.dense.bias as encoder.layer.12.intermediate.dense.bias.
SAVING bert.encoder.layer.12.output.dense.weight as encoder.layer.12.output.dense.weight.
SAVING bert.encoder.layer.12.output.dense.bias as encoder.layer.12.output.dense.bias.
SAVING bert.encoder.layer.12.output.LayerNorm.weight as encoder.layer.12.output.LayerNorm.weight.
SAVING bert.encoder.layer.12.output.LayerNorm.bias as encoder.layer.12.output.LayerNorm.bias.
SAVING bert.encoder.layer.13.attention.self.query.weight as encoder.layer.13.attention.self.query.weight.
SAVING bert.encoder.layer.13.attention.self.query.bias as encoder.layer.13.attention.self.query.bias.
SAVING bert.encoder.layer.13.attention.self.key.weight as encoder.layer.13.attention.self.key.weight.
SAVING bert.encoder.layer.13.attention.self.key.bias as encoder.layer.13.attention.self.key.bias.
SAVING bert.encoder.layer.13.attention.self.value.weight as encoder.layer.13.attention.self.value.weight.
SAVING bert.encoder.layer.13.attention.self.value.bias as encoder.layer.13.attention.self.value.bias.
SAVING bert.encoder.layer.13.attention.output.dense.weight as encoder.layer.13.attention.output.dense.weight.
SAVING bert.encoder.layer.13.attention.output.dense.bias as encoder.layer.13.attention.output.dense.bias.
SAVING bert.encoder.layer.13.attention.output.LayerNorm.weight as encoder.layer.13.attention.output.LayerNorm.weight.
SAVING bert.encoder.layer.13.attention.output.LayerNorm.bias as encoder.layer.13.attention.output.LayerNorm.bias.
SAVING bert.encoder.layer.13.intermediate.dense.weight as encoder.layer.13.intermediate.dense.weight.
SAVING bert.encoder.layer.13.intermediate.dense.bias as encoder.layer.13.intermediate.dense.bias.
SAVING bert.encoder.layer.13.output.dense.weight as encoder.layer.13.output.dense.weight.
SAVING bert.encoder.layer.13.output.dense.bias as encoder.layer.13.output.dense.bias.
SAVING bert.encoder.layer.13.output.LayerNorm.weight as encoder.layer.13.output.LayerNorm.weight.
SAVING bert.encoder.layer.13.output.LayerNorm.bias as encoder.layer.13.output.LayerNorm.bias.
SAVING bert.encoder.layer.14.attention.self.query.weight as encoder.layer.14.attention.self.query.weight.
SAVING bert.encoder.layer.14.attention.self.query.bias as encoder.layer.14.attention.self.query.bias.
SAVING bert.encoder.layer.14.attention.self.key.weight as encoder.layer.14.attention.self.key.weight.
SAVING bert.encoder.layer.14.attention.self.key.bias as encoder.layer.14.attention.self.key.bias.
SAVING bert.encoder.layer.14.attention.self.value.weight as encoder.layer.14.attention.self.value.weight.
SAVING bert.encoder.layer.14.attention.self.value.bias as encoder.layer.14.attention.self.value.bias.
SAVING bert.encoder.layer.14.attention.output.dense.weight as encoder.layer.14.attention.output.dense.weight.
SAVING bert.encoder.layer.14.attention.output.dense.bias as encoder.layer.14.attention.output.dense.bias.
SAVING bert.encoder.layer.14.attention.output.LayerNorm.weight as encoder.layer.14.attention.output.LayerNorm.weight.
SAVING bert.encoder.layer.14.attention.output.LayerNorm.bias as encoder.layer.14.attention.output.LayerNorm.bias.
SAVING bert.encoder.layer.14.intermediate.dense.weight as encoder.layer.14.intermediate.dense.weight.
SAVING bert.encoder.layer.14.intermediate.dense.bias as encoder.layer.14.intermediate.dense.bias.
SAVING bert.encoder.layer.14.output.dense.weight as encoder.layer.14.output.dense.weight.
SAVING bert.encoder.layer.14.output.dense.bias as encoder.layer.14.output.dense.bias.
SAVING bert.encoder.layer.14.output.LayerNorm.weight as encoder.layer.14.output.LayerNorm.weight.
SAVING bert.encoder.layer.14.output.LayerNorm.bias as encoder.layer.14.output.LayerNorm.bias.
SAVING bert.encoder.layer.15.attention.self.query.weight as encoder.layer.15.attention.self.query.weight.
SAVING bert.encoder.layer.15.attention.self.query.bias as encoder.layer.15.attention.self.query.bias.
SAVING bert.encoder.layer.15.attention.self.key.weight as encoder.layer.15.attention.self.key.weight.
SAVING bert.encoder.layer.15.attention.self.key.bias as encoder.layer.15.attention.self.key.bias.
SAVING bert.encoder.layer.15.attention.self.value.weight as encoder.layer.15.attention.self.value.weight.
SAVING bert.encoder.layer.15.attention.self.value.bias as encoder.layer.15.attention.self.value.bias.
SAVING bert.encoder.layer.15.attention.output.dense.weight as encoder.layer.15.attention.output.dense.weight.
SAVING bert.encoder.layer.15.attention.output.dense.bias as encoder.layer.15.attention.output.dense.bias.
SAVING bert.encoder.layer.15.attention.output.LayerNorm.weight as encoder.layer.15.attention.output.LayerNorm.weight.
SAVING bert.encoder.layer.15.attention.output.LayerNorm.bias as encoder.layer.15.attention.output.LayerNorm.bias.
SAVING bert.encoder.layer.15.intermediate.dense.weight as encoder.layer.15.intermediate.dense.weight.
SAVING bert.encoder.layer.15.intermediate.dense.bias as encoder.layer.15.intermediate.dense.bias.
SAVING bert.encoder.layer.15.output.dense.weight as encoder.layer.15.output.dense.weight.
SAVING bert.encoder.layer.15.output.dense.bias as encoder.layer.15.output.dense.bias.
SAVING bert.encoder.layer.15.output.LayerNorm.weight as encoder.layer.15.output.LayerNorm.weight.
SAVING bert.encoder.layer.15.output.LayerNorm.bias as encoder.layer.15.output.LayerNorm.bias.
SAVING bert.encoder.layer.16.attention.self.query.weight as encoder.layer.16.attention.self.query.weight.
SAVING bert.encoder.layer.16.attention.self.query.bias as encoder.layer.16.attention.self.query.bias.
SAVING bert.encoder.layer.16.attention.self.key.weight as encoder.layer.16.attention.self.key.weight.
SAVING bert.encoder.layer.16.attention.self.key.bias as encoder.layer.16.attention.self.key.bias.
SAVING bert.encoder.layer.16.attention.self.value.weight as encoder.layer.16.attention.self.value.weight.
SAVING bert.encoder.layer.16.attention.self.value.bias as encoder.layer.16.attention.self.value.bias.
SAVING bert.encoder.layer.16.attention.output.dense.weight as encoder.layer.16.attention.output.dense.weight.
SAVING bert.encoder.layer.16.attention.output.dense.bias as encoder.layer.16.attention.output.dense.bias.
SAVING bert.encoder.layer.16.attention.output.LayerNorm.weight as encoder.layer.16.attention.output.LayerNorm.weight.
SAVING bert.encoder.layer.16.attention.output.LayerNorm.bias as encoder.layer.16.attention.output.LayerNorm.bias.
SAVING bert.encoder.layer.16.intermediate.dense.weight as encoder.layer.16.intermediate.dense.weight.
SAVING bert.encoder.layer.16.intermediate.dense.bias as encoder.layer.16.intermediate.dense.bias.
SAVING bert.encoder.layer.16.output.dense.weight as encoder.layer.16.output.dense.weight.
SAVING bert.encoder.layer.16.output.dense.bias as encoder.layer.16.output.dense.bias.
SAVING bert.encoder.layer.16.output.LayerNorm.weight as encoder.layer.16.output.LayerNorm.weight.
SAVING bert.encoder.layer.16.output.LayerNorm.bias as encoder.layer.16.output.LayerNorm.bias.
SAVING bert.encoder.layer.17.attention.self.query.weight as encoder.layer.17.attention.self.query.weight.
SAVING bert.encoder.layer.17.attention.self.query.bias as encoder.layer.17.attention.self.query.bias.
SAVING bert.encoder.layer.17.attention.self.key.weight as encoder.layer.17.attention.self.key.weight.
SAVING bert.encoder.layer.17.attention.self.key.bias as encoder.layer.17.attention.self.key.bias.
SAVING bert.encoder.layer.17.attention.self.value.weight as encoder.layer.17.attention.self.value.weight.
SAVING bert.encoder.layer.17.attention.self.value.bias as encoder.layer.17.attention.self.value.bias.
SAVING bert.encoder.layer.17.attention.output.dense.weight as encoder.layer.17.attention.output.dense.weight.
SAVING bert.encoder.layer.17.attention.output.dense.bias as encoder.layer.17.attention.output.dense.bias.
SAVING bert.encoder.layer.17.attention.output.LayerNorm.weight as encoder.layer.17.attention.output.LayerNorm.weight.
SAVING bert.encoder.layer.17.attention.output.LayerNorm.bias as encoder.layer.17.attention.output.LayerNorm.bias.
SAVING bert.encoder.layer.17.intermediate.dense.weight as encoder.layer.17.intermediate.dense.weight.
SAVING bert.encoder.layer.17.intermediate.dense.bias as encoder.layer.17.intermediate.dense.bias.
SAVING bert.encoder.layer.17.output.dense.weight as encoder.layer.17.output.dense.weight.
SAVING bert.encoder.layer.17.output.dense.bias as encoder.layer.17.output.dense.bias.
SAVING bert.encoder.layer.17.output.LayerNorm.weight as encoder.layer.17.output.LayerNorm.weight.
SAVING bert.encoder.layer.17.output.LayerNorm.bias as encoder.layer.17.output.LayerNorm.bias.
SAVING bert.encoder.layer.18.attention.self.query.weight as encoder.layer.18.attention.self.query.weight.
SAVING bert.encoder.layer.18.attention.self.query.bias as encoder.layer.18.attention.self.query.bias.
SAVING bert.encoder.layer.18.attention.self.key.weight as encoder.layer.18.attention.self.key.weight.
SAVING bert.encoder.layer.18.attention.self.key.bias as encoder.layer.18.attention.self.key.bias.
SAVING bert.encoder.layer.18.attention.self.value.weight as encoder.layer.18.attention.self.value.weight.
SAVING bert.encoder.layer.18.attention.self.value.bias as encoder.layer.18.attention.self.value.bias.
SAVING bert.encoder.layer.18.attention.output.dense.weight as encoder.layer.18.attention.output.dense.weight.
SAVING bert.encoder.layer.18.attention.output.dense.bias as encoder.layer.18.attention.output.dense.bias.
SAVING bert.encoder.layer.18.attention.output.LayerNorm.weight as encoder.layer.18.attention.output.LayerNorm.weight.
SAVING bert.encoder.layer.18.attention.output.LayerNorm.bias as encoder.layer.18.attention.output.LayerNorm.bias.
SAVING bert.encoder.layer.18.intermediate.dense.weight as encoder.layer.18.intermediate.dense.weight.
SAVING bert.encoder.layer.18.intermediate.dense.bias as encoder.layer.18.intermediate.dense.bias.
SAVING bert.encoder.layer.18.output.dense.weight as encoder.layer.18.output.dense.weight.
SAVING bert.encoder.layer.18.output.dense.bias as encoder.layer.18.output.dense.bias.
SAVING bert.encoder.layer.18.output.LayerNorm.weight as encoder.layer.18.output.LayerNorm.weight.
SAVING bert.encoder.layer.18.output.LayerNorm.bias as encoder.layer.18.output.LayerNorm.bias.
SAVING bert.encoder.layer.19.attention.self.query.weight as encoder.layer.19.attention.self.query.weight.
SAVING bert.encoder.layer.19.attention.self.query.bias as encoder.layer.19.attention.self.query.bias.
SAVING bert.encoder.layer.19.attention.self.key.weight as encoder.layer.19.attention.self.key.weight.
SAVING bert.encoder.layer.19.attention.self.key.bias as encoder.layer.19.attention.self.key.bias.
SAVING bert.encoder.layer.19.attention.self.value.weight as encoder.layer.19.attention.self.value.weight.
SAVING bert.encoder.layer.19.attention.self.value.bias as encoder.layer.19.attention.self.value.bias.
SAVING bert.encoder.layer.19.attention.output.dense.weight as encoder.layer.19.attention.output.dense.weight.
SAVING bert.encoder.layer.19.attention.output.dense.bias as encoder.layer.19.attention.output.dense.bias.
SAVING bert.encoder.layer.19.attention.output.LayerNorm.weight as encoder.layer.19.attention.output.LayerNorm.weight.
SAVING bert.encoder.layer.19.attention.output.LayerNorm.bias as encoder.layer.19.attention.output.LayerNorm.bias.
SAVING bert.encoder.layer.19.intermediate.dense.weight as encoder.layer.19.intermediate.dense.weight.
SAVING bert.encoder.layer.19.intermediate.dense.bias as encoder.layer.19.intermediate.dense.bias.
SAVING bert.encoder.layer.19.output.dense.weight as encoder.layer.19.output.dense.weight.
SAVING bert.encoder.layer.19.output.dense.bias as encoder.layer.19.output.dense.bias.
SAVING bert.encoder.layer.19.output.LayerNorm.weight as encoder.layer.19.output.LayerNorm.weight.
SAVING bert.encoder.layer.19.output.LayerNorm.bias as encoder.layer.19.output.LayerNorm.bias.
SAVING bert.encoder.layer.20.attention.self.query.weight as encoder.layer.20.attention.self.query.weight.
SAVING bert.encoder.layer.20.attention.self.query.bias as encoder.layer.20.attention.self.query.bias.
SAVING bert.encoder.layer.20.attention.self.key.weight as encoder.layer.20.attention.self.key.weight.
SAVING bert.encoder.layer.20.attention.self.key.bias as encoder.layer.20.attention.self.key.bias.
SAVING bert.encoder.layer.20.attention.self.value.weight as encoder.layer.20.attention.self.value.weight.
SAVING bert.encoder.layer.20.attention.self.value.bias as encoder.layer.20.attention.self.value.bias.
SAVING bert.encoder.layer.20.attention.output.dense.weight as encoder.layer.20.attention.output.dense.weight.
SAVING bert.encoder.layer.20.attention.output.dense.bias as encoder.layer.20.attention.output.dense.bias.
SAVING bert.encoder.layer.20.attention.output.LayerNorm.weight as encoder.layer.20.attention.output.LayerNorm.weight.
SAVING bert.encoder.layer.20.attention.output.LayerNorm.bias as encoder.layer.20.attention.output.LayerNorm.bias.
SAVING bert.encoder.layer.20.intermediate.dense.weight as encoder.layer.20.intermediate.dense.weight.
SAVING bert.encoder.layer.20.intermediate.dense.bias as encoder.layer.20.intermediate.dense.bias.
SAVING bert.encoder.layer.20.output.dense.weight as encoder.layer.20.output.dense.weight.
SAVING bert.encoder.layer.20.output.dense.bias as encoder.layer.20.output.dense.bias.
SAVING bert.encoder.layer.20.output.LayerNorm.weight as encoder.layer.20.output.LayerNorm.weight.
SAVING bert.encoder.layer.20.output.LayerNorm.bias as encoder.layer.20.output.LayerNorm.bias.
SAVING bert.encoder.layer.21.attention.self.query.weight as encoder.layer.21.attention.self.query.weight.
SAVING bert.encoder.layer.21.attention.self.query.bias as encoder.layer.21.attention.self.query.bias.
SAVING bert.encoder.layer.21.attention.self.key.weight as encoder.layer.21.attention.self.key.weight.
SAVING bert.encoder.layer.21.attention.self.key.bias as encoder.layer.21.attention.self.key.bias.
SAVING bert.encoder.layer.21.attention.self.value.weight as encoder.layer.21.attention.self.value.weight.
SAVING bert.encoder.layer.21.attention.self.value.bias as encoder.layer.21.attention.self.value.bias.
SAVING bert.encoder.layer.21.attention.output.dense.weight as encoder.layer.21.attention.output.dense.weight.
SAVING bert.encoder.layer.21.attention.output.dense.bias as encoder.layer.21.attention.output.dense.bias.
SAVING bert.encoder.layer.21.attention.output.LayerNorm.weight as encoder.layer.21.attention.output.LayerNorm.weight.
SAVING bert.encoder.layer.21.attention.output.LayerNorm.bias as encoder.layer.21.attention.output.LayerNorm.bias.
SAVING bert.encoder.layer.21.intermediate.dense.weight as encoder.layer.21.intermediate.dense.weight.
SAVING bert.encoder.layer.21.intermediate.dense.bias as encoder.layer.21.intermediate.dense.bias.
SAVING bert.encoder.layer.21.output.dense.weight as encoder.layer.21.output.dense.weight.
SAVING bert.encoder.layer.21.output.dense.bias as encoder.layer.21.output.dense.bias.
SAVING bert.encoder.layer.21.output.LayerNorm.weight as encoder.layer.21.output.LayerNorm.weight.
SAVING bert.encoder.layer.21.output.LayerNorm.bias as encoder.layer.21.output.LayerNorm.bias.
SAVING bert.encoder.layer.22.attention.self.query.weight as encoder.layer.22.attention.self.query.weight.
SAVING bert.encoder.layer.22.attention.self.query.bias as encoder.layer.22.attention.self.query.bias.
SAVING bert.encoder.layer.22.attention.self.key.weight as encoder.layer.22.attention.self.key.weight.
SAVING bert.encoder.layer.22.attention.self.key.bias as encoder.layer.22.attention.self.key.bias.
SAVING bert.encoder.layer.22.attention.self.value.weight as encoder.layer.22.attention.self.value.weight.
SAVING bert.encoder.layer.22.attention.self.value.bias as encoder.layer.22.attention.self.value.bias.
SAVING bert.encoder.layer.22.attention.output.dense.weight as encoder.layer.22.attention.output.dense.weight.
SAVING bert.encoder.layer.22.attention.output.dense.bias as encoder.layer.22.attention.output.dense.bias.
SAVING bert.encoder.layer.22.attention.output.LayerNorm.weight as encoder.layer.22.attention.output.LayerNorm.weight.
SAVING bert.encoder.layer.22.attention.output.LayerNorm.bias as encoder.layer.22.attention.output.LayerNorm.bias.
SAVING bert.encoder.layer.22.intermediate.dense.weight as encoder.layer.22.intermediate.dense.weight.
SAVING bert.encoder.layer.22.intermediate.dense.bias as encoder.layer.22.intermediate.dense.bias.
SAVING bert.encoder.layer.22.output.dense.weight as encoder.layer.22.output.dense.weight.
SAVING bert.encoder.layer.22.output.dense.bias as encoder.layer.22.output.dense.bias.
SAVING bert.encoder.layer.22.output.LayerNorm.weight as encoder.layer.22.output.LayerNorm.weight.
SAVING bert.encoder.layer.22.output.LayerNorm.bias as encoder.layer.22.output.LayerNorm.bias.
SAVING bert.encoder.layer.23.attention.self.query.weight as encoder.layer.23.attention.self.query.weight.
SAVING bert.encoder.layer.23.attention.self.query.bias as encoder.layer.23.attention.self.query.bias.
SAVING bert.encoder.layer.23.attention.self.key.weight as encoder.layer.23.attention.self.key.weight.
SAVING bert.encoder.layer.23.attention.self.key.bias as encoder.layer.23.attention.self.key.bias.
SAVING bert.encoder.layer.23.attention.self.value.weight as encoder.layer.23.attention.self.value.weight.
SAVING bert.encoder.layer.23.attention.self.value.bias as encoder.layer.23.attention.self.value.bias.
SAVING bert.encoder.layer.23.attention.output.dense.weight as encoder.layer.23.attention.output.dense.weight.
SAVING bert.encoder.layer.23.attention.output.dense.bias as encoder.layer.23.attention.output.dense.bias.
SAVING bert.encoder.layer.23.attention.output.LayerNorm.weight as encoder.layer.23.attention.output.LayerNorm.weight.
SAVING bert.encoder.layer.23.attention.output.LayerNorm.bias as encoder.layer.23.attention.output.LayerNorm.bias.
SAVING bert.encoder.layer.23.intermediate.dense.weight as encoder.layer.23.intermediate.dense.weight.
SAVING bert.encoder.layer.23.intermediate.dense.bias as encoder.layer.23.intermediate.dense.bias.
SAVING bert.encoder.layer.23.output.dense.weight as encoder.layer.23.output.dense.weight.
SAVING bert.encoder.layer.23.output.dense.bias as encoder.layer.23.output.dense.bias.
SAVING bert.encoder.layer.23.output.LayerNorm.weight as encoder.layer.23.output.LayerNorm.weight.
SAVING bert.encoder.layer.23.output.LayerNorm.bias as encoder.layer.23.output.LayerNorm.bias.
SAVING bert.pooler.dense.weight as pooler.dense.weight.
SAVING bert.pooler.dense.bias as pooler.dense.bias.

Weights in loaded but not in model:
cls.predictions.bias
cls.predictions.decoder.weight
cls.predictions.transform.LayerNorm.bias
cls.predictions.transform.LayerNorm.weight
cls.predictions.transform.dense.bias
cls.predictions.transform.dense.weight
cls.seq_relationship.bias
cls.seq_relationship.weight
ctm_output.bias
ctm_output.weight

Weights in model but not in loaded:

Total Iters: 10750
Splits in Train data: ['train']
Splits in Valid data: ['dev_seen']
Batches: 1075
/home/ML_courses/DL2020/efratblaier/vilio_env/lib/python3.7/site-packages/torchcontrib/optim/swa.py:130: UserWarning: Casting swa_start, swa_freq to int
  warnings.warn("Casting swa_start, swa_freq to int")
tensor([-2.1392, -0.1253], device='cuda:0')

Epoch(U) 0(250): Train AC 56.40 RA 49.2844 LOSS 1497.0589

Epoch(U) 0(250): DEV AC 51.00 RA 52.2683 
Epoch(U) 0(250): BEST AC 51.00 RA 52.2683 

Epoch(U) 0(500): Train AC 60.17 RA 49.3571 LOSS 1341.0688

Epoch(U) 0(500): DEV AC 51.00 RA 55.0911 
Epoch(U) 0(500): BEST AC 51.00 RA 55.0911 

Epoch(U) 0(750): Train AC 61.47 RA 50.5708 LOSS 1323.1285

Epoch(U) 0(750): DEV AC 50.60 RA 57.3363 
Epoch(U) 0(750): BEST AC 50.60 RA 57.3363 

Epoch(U) 0(1000): Train AC 61.36 RA 51.8962 LOSS 1351.7698

Epoch(U) 0(1000): DEV AC 53.80 RA 53.9310 
Epoch(U) 0(1000): BEST AC 50.60 RA 57.3363 
tensor([-0.8239, -0.5775], device='cuda:0')

Epoch(U) 1(1250): Train AC 65.64 RA 61.4121 LOSS 1297.3560

Epoch(U) 1(1250): DEV AC 54.60 RA 58.5812 
Epoch(U) 1(1250): BEST AC 54.60 RA 58.5812 

Epoch(U) 1(1500): Train AC 67.09 RA 64.3819 LOSS 1258.7695

Epoch(U) 1(1500): DEV AC 59.20 RA 62.2970 
Epoch(U) 1(1500): BEST AC 59.20 RA 62.2970 

Epoch(U) 1(1750): Train AC 68.83 RA 67.5056 LOSS 1206.6571

Epoch(U) 1(1750): DEV AC 60.00 RA 65.6383 
Epoch(U) 1(1750): BEST AC 60.00 RA 65.6383 

Epoch(U) 1(2000): Train AC 70.97 RA 70.9362 LOSS 1077.7850

Epoch(U) 1(2000): DEV AC 61.40 RA 65.2222 
Epoch(U) 1(2000): BEST AC 60.00 RA 65.6383 
tensor([-0.3227, -1.2882], device='cuda:0')

Epoch(U) 2(2250): Train AC 82.12 RA 86.4983 LOSS 997.7359

Epoch(U) 2(2250): DEV AC 62.80 RA 68.5587 
Epoch(U) 2(2250): BEST AC 62.80 RA 68.5587 

Epoch(U) 2(2500): Train AC 81.36 RA 86.6235 LOSS 881.9600

Epoch(U) 2(2500): DEV AC 62.20 RA 68.5763 
Epoch(U) 2(2500): BEST AC 62.20 RA 68.5763 

Epoch(U) 2(2750): Train AC 81.40 RA 86.9103 LOSS 878.8854

Epoch(U) 2(2750): DEV AC 65.20 RA 70.7830 
Epoch(U) 2(2750): BEST AC 65.20 RA 70.7830 

Epoch(U) 2(3000): Train AC 82.15 RA 87.4815 LOSS 827.8868

Epoch(U) 2(3000): DEV AC 64.60 RA 71.8647 
Epoch(U) 2(3000): BEST AC 64.60 RA 71.8647 
tensor([-1.3171, -0.3119], device='cuda:0')

Epoch(U) 3(3250): Train AC 88.50 RA 94.9454 LOSS 787.8700

Epoch(U) 3(3250): DEV AC 64.20 RA 72.2472 
Epoch(U) 3(3250): BEST AC 64.20 RA 72.2472 

Epoch(U) 3(3500): Train AC 90.77 RA 95.5683 LOSS 665.9611

Epoch(U) 3(3500): DEV AC 66.00 RA 73.2922 
Epoch(U) 3(3500): BEST AC 66.00 RA 73.2922 

Epoch(U) 3(3750): Train AC 91.24 RA 95.3622 LOSS 684.3095

Epoch(U) 3(3750): DEV AC 65.80 RA 73.8330 
Epoch(U) 3(3750): BEST AC 65.80 RA 73.8330 

Epoch(U) 3(4000): Train AC 91.03 RA 95.4458 LOSS 708.3863

Epoch(U) 3(4000): DEV AC 64.60 RA 70.7782 
Epoch(U) 3(4000): BEST AC 65.80 RA 73.8330 

Epoch(U) 3(4250): Train AC 91.13 RA 95.6348 LOSS 629.6999

Epoch(U) 3(4250): DEV AC 66.00 RA 74.0523 
Epoch(U) 3(4250): BEST AC 66.00 RA 74.0523 
tensor([-1.8378e-03, -6.3001e+00], device='cuda:0')

Epoch(U) 4(4500): Train AC 95.75 RA 98.8102 LOSS 405.5791

Epoch(U) 4(4500): DEV AC 66.20 RA 73.2890 
Epoch(U) 4(4500): BEST AC 66.00 RA 74.0523 

Epoch(U) 4(4750): Train AC 95.47 RA 98.6443 LOSS 419.6500

Epoch(U) 4(4750): DEV AC 65.60 RA 73.8714 
Epoch(U) 4(4750): BEST AC 66.00 RA 74.0523 

Epoch(U) 4(5000): Train AC 95.41 RA 98.5089 LOSS 418.5166

Epoch(U) 4(5000): DEV AC 64.80 RA 73.1377 
Epoch(U) 4(5000): BEST AC 66.00 RA 74.0523 

Epoch(U) 4(5250): Train AC 95.25 RA 98.4045 LOSS 492.3196

Epoch(U) 4(5250): DEV AC 64.20 RA 70.5238 
Epoch(U) 4(5250): BEST AC 66.00 RA 74.0523 
tensor([-4.5719, -0.0104], device='cuda:0')

Epoch(U) 5(5500): Train AC 97.80 RA 99.5920 LOSS 327.8583

Epoch(U) 5(5500): DEV AC 67.00 RA 72.4152 
Epoch(U) 5(5500): BEST AC 66.00 RA 74.0523 

Epoch(U) 5(5750): Train AC 97.63 RA 99.5629 LOSS 252.7023

Epoch(U) 5(5750): DEV AC 66.20 RA 72.7465 
Epoch(U) 5(5750): BEST AC 66.00 RA 74.0523 

Epoch(U) 5(6000): Train AC 97.40 RA 99.4704 LOSS 284.2711

Epoch(U) 5(6000): DEV AC 65.00 RA 70.6374 
Epoch(U) 5(6000): BEST AC 66.00 RA 74.0523 

Epoch(U) 5(6250): Train AC 97.53 RA 99.4372 LOSS 228.5206

Epoch(U) 5(6250): DEV AC 64.60 RA 70.9222 
Epoch(U) 5(6250): BEST AC 66.00 RA 74.0523 
tensor([-1.0848e-05, -1.1433e+01], device='cuda:0')

Epoch(U) 6(6500): Train AC 98.50 RA 99.4745 LOSS 171.3015

Epoch(U) 6(6500): DEV AC 65.00 RA 71.8463 
Epoch(U) 6(6500): BEST AC 66.00 RA 74.0523 

Epoch(U) 6(6750): Train AC 99.08 RA 99.7440 LOSS 111.4942

Epoch(U) 6(6750): DEV AC 64.80 RA 73.5234 
Epoch(U) 6(6750): BEST AC 66.00 RA 74.0523 

Epoch(U) 6(7000): Train AC 99.18 RA 99.7784 LOSS 86.0509

Epoch(U) 6(7000): DEV AC 65.60 RA 73.2521 
Epoch(U) 6(7000): BEST AC 66.00 RA 74.0523 

Epoch(U) 6(7250): Train AC 98.98 RA 99.7905 LOSS 166.7729

Epoch(U) 6(7250): DEV AC 67.00 RA 72.8281 
Epoch(U) 6(7250): BEST AC 66.00 RA 74.0523 

Epoch(U) 6(7500): Train AC 99.00 RA 99.7870 LOSS 110.0508

Epoch(U) 6(7500): DEV AC 64.40 RA 71.2759 
Epoch(U) 6(7500): BEST AC 66.00 RA 74.0523 
tensor([-5.1260e-06, -1.2182e+01], device='cuda:0')

Epoch(U) 7(7750): Train AC 99.33 RA 99.9712 LOSS 51.6232

Epoch(U) 7(7750): DEV AC 68.00 RA 72.9689 
Epoch(U) 7(7750): BEST AC 66.00 RA 74.0523 

Epoch(U) 7(8000): Train AC 99.50 RA 99.9820 LOSS 39.9196

Epoch(U) 7(8000): DEV AC 64.60 RA 71.0366 
Epoch(U) 7(8000): BEST AC 66.00 RA 74.0523 

Epoch(U) 7(8250): Train AC 99.19 RA 99.8387 LOSS 171.6893

Epoch(U) 7(8250): DEV AC 64.60 RA 70.7750 
Epoch(U) 7(8250): BEST AC 66.00 RA 74.0523 

Epoch(U) 7(8500): Train AC 98.74 RA 99.7195 LOSS 307.7011

Epoch(U) 7(8500): DEV AC 68.20 RA 73.1161 
Epoch(U) 7(8500): BEST AC 66.00 RA 74.0523 
tensor([-1.4972e-04, -8.8066e+00], device='cuda:0')

Epoch(U) 8(8750): Train AC 97.25 RA 98.9848 LOSS 353.3308

Epoch(U) 8(8750): DEV AC 65.40 RA 71.2519 
Epoch(U) 8(8750): BEST AC 66.00 RA 74.0523 

Epoch(U) 8(9000): Train AC 97.12 RA 98.8451 LOSS 339.8122

Epoch(U) 8(9000): DEV AC 63.80 RA 69.5988 
Epoch(U) 8(9000): BEST AC 66.00 RA 74.0523 

Epoch(U) 8(9250): Train AC 96.90 RA 98.6478 LOSS 414.8222

Epoch(U) 8(9250): DEV AC 68.00 RA 70.4565 
Epoch(U) 8(9250): BEST AC 66.00 RA 74.0523 

Epoch(U) 8(9500): Train AC 96.72 RA 98.5314 LOSS 429.7404

Epoch(U) 8(9500): DEV AC 67.00 RA 74.2027 
Epoch(U) 8(9500): BEST AC 67.00 RA 74.2027 
tensor([-2.0264e-04, -8.5040e+00], device='cuda:0')

Epoch(U) 9(9750): Train AC 98.00 RA 98.9155 LOSS 393.6440

Epoch(U) 9(9750): DEV AC 68.00 RA 73.5834 
Epoch(U) 9(9750): BEST AC 67.00 RA 74.2027 

Epoch(U) 9(10000): Train AC 97.42 RA 98.5581 LOSS 336.4822

Epoch(U) 9(10000): DEV AC 61.60 RA 71.0406 
Epoch(U) 9(10000): BEST AC 67.00 RA 74.2027 

Epoch(U) 9(10250): Train AC 97.57 RA 98.9649 LOSS 241.8341

Epoch(U) 9(10250): DEV AC 64.40 RA 71.7703 
Epoch(U) 9(10250): BEST AC 67.00 RA 74.2027 

Epoch(U) 9(10500): Train AC 97.48 RA 99.0292 LOSS 301.1253

Epoch(U) 9(10500): DEV AC 67.20 RA 73.0265 
Epoch(U) 9(10500): BEST AC 67.00 RA 74.2027 

Epoch(U) 9(10750): Train AC 97.46 RA 98.9453 LOSS 310.6826

Epoch(U) 9(10750): DEV AC 67.00 RA 74.3291 
Epoch(U) 9(10750): BEST AC 67.00 RA 74.3291 
Load 500 data from split(s) dev_seen.
Start to load Faster-RCNN detected objects from data/HM_img.tsv
Loaded 500 images in file data/HM_img.tsv in 49 seconds.
Use 500 data in torch dataset

<class 'pandas.core.frame.DataFrame'>
RangeIndex: 500 entries, 0 to 499
Data columns (total 3 columns):
 #   Column  Non-Null Count  Dtype  
---  ------  --------------  -----  
 0   id      500 non-null    int64  
 1   proba   500 non-null    float64
 2   label   500 non-null    int64  
dtypes: float64(1), int64(2)
memory usage: 11.8 KB
None
(0.662, 0.7257765118177018)
Load 1000 data from split(s) test_seen.
Start to load Faster-RCNN detected objects from data/HM_img.tsv
Loaded 1000 images in file data/HM_img.tsv in 47 seconds.
Use 1000 data in torch dataset

<class 'pandas.core.frame.DataFrame'>
RangeIndex: 1000 entries, 0 to 999
Data columns (total 3 columns):
 #   Column  Non-Null Count  Dtype  
---  ------  --------------  -----  
 0   id      1000 non-null   int64  
 1   proba   1000 non-null   float64
 2   label   1000 non-null   int64  
dtypes: float64(1), int64(2)
memory usage: 23.6 KB
None
