2021-04-16 12:00:25.854800: I tensorflow/stream_executor/platform/default/dso_loader.cc:48] Successfully opened dynamic library libcudart.so.10.1
Some weights of BertU were not initialized from the model checkpoint at bert-large-cased and are newly initialized: ['bert.img_embeddings.img_linear.weight', 'bert.img_embeddings.img_linear.bias', 'bert.img_embeddings.img_layer_norm.weight', 'bert.img_embeddings.img_layer_norm.bias', 'bert.img_embeddings.pos_layer_norm.weight', 'bert.img_embeddings.pos_layer_norm.bias', 'bert.img_embeddings.pos_linear.weight', 'bert.img_embeddings.pos_linear.bias', 'bert.img_embeddings.LayerNorm.weight', 'bert.img_embeddings.LayerNorm.bias']
You should probably TRAIN this model on a down-stream task to be able to use it for predictions and inference.
Some weights of RobertaModel were not initialized from the model checkpoint at /home/ML_courses/DL2020/efratblaier/test-mlm-large-batch-roberta-100-epochs-captions-no-rand and are newly initialized: ['roberta.pooler.dense.weight', 'roberta.pooler.dense.bias']
You should probably TRAIN this model on a down-stream task to be able to use it for predictions and inference.
Load 9096 data from split(s) traindev.
Start to load Faster-RCNN detected objects from data/HM_img.tsv
Loaded 9096 images in file data/HM_img.tsv in 64 seconds.
Use 9096 data in torch dataset

Load 500 data from split(s) dev_seen.
Start to load Faster-RCNN detected objects from data/HM_img.tsv
Loaded 500 images in file data/HM_img.tsv in 46 seconds.
Use 500 data in torch dataset

UNEXPECTED:  []
MISSING:  ['bert.img_embeddings.img_linear.weight', 'bert.img_embeddings.img_linear.bias', 'bert.img_embeddings.img_layer_norm.weight', 'bert.img_embeddings.img_layer_norm.bias', 'bert.img_embeddings.pos_layer_norm.weight', 'bert.img_embeddings.pos_layer_norm.bias', 'bert.img_embeddings.pos_linear.weight', 'bert.img_embeddings.pos_linear.bias', 'bert.img_embeddings.LayerNorm.weight', 'bert.img_embeddings.LayerNorm.bias']
ERRORS:  []
REINITING:  Linear(in_features=1792, out_features=3584, bias=True)
REINITING:  GeLU()
REINITING:  LayerNorm((3584,), eps=1e-12, elementwise_affine=True)
REINITING:  Linear(in_features=3584, out_features=2, bias=True)
REINITING:  Sequential(
  (0): Linear(in_features=1792, out_features=3584, bias=True)
  (1): GeLU()
  (2): LayerNorm((3584,), eps=1e-12, elementwise_affine=True)
  (3): Linear(in_features=3584, out_features=2, bias=True)
)
Load pre-trained model from ./data/uniter-large.pt

Weights in loaded but not in model:
cls.predictions.bias
cls.predictions.decoder.weight
cls.predictions.transform.LayerNorm.bias
cls.predictions.transform.LayerNorm.weight
cls.predictions.transform.dense.bias
cls.predictions.transform.dense.weight
feat_regress.bias
feat_regress.net.0.bias
feat_regress.net.0.weight
feat_regress.net.2.bias
feat_regress.net.2.weight
feat_regress.weight
img_embeddings.mask_embedding.weight
itm_output.bias
itm_output.weight
region_classifier.net.0.bias
region_classifier.net.0.weight
region_classifier.net.2.bias
region_classifier.net.2.weight
region_classifier.net.3.bias
region_classifier.net.3.weight

Weights in model but not in loaded:
embeddings.position_ids

Total Iters: 2274
Splits in Train data: ['traindev']
Splits in Valid data: ['dev_seen']
Batches: 2274
/home/ML_courses/DL2020/efratblaier/vilio_env/lib/python3.7/site-packages/torchcontrib/optim/swa.py:130: UserWarning: Casting swa_start, swa_freq to int
  warnings.warn("Casting swa_start, swa_freq to int")
tensor([-0.1822, -1.7926], device='cuda:0')
/home/ML_courses/DL2020/efratblaier/vilio/entryU.py:174: UserWarning: To copy construct from a tensor, it is recommended to use sourceTensor.clone().detach() or sourceTensor.clone().detach().requires_grad_(True), rather than torch.tensor(sourceTensor).
  caption_input_ids = torch.tensor(input_ids)

Epoch(U) 0(250): Train AC 62.15 RA 58.2151 LOSS 698.0157

Epoch(U) 0(250): DEV AC 56.40 RA 61.1048 
Epoch(U) 0(250): BEST AC 56.40 RA 61.1048 
/home/ML_courses/DL2020/efratblaier/vilio/entryU.py:174: UserWarning: To copy construct from a tensor, it is recommended to use sourceTensor.clone().detach() or sourceTensor.clone().detach().requires_grad_(True), rather than torch.tensor(sourceTensor).
  caption_input_ids = torch.tensor(input_ids)
/home/ML_courses/DL2020/efratblaier/vilio/entryU.py:174: UserWarning: To copy construct from a tensor, it is recommended to use sourceTensor.clone().detach() or sourceTensor.clone().detach().requires_grad_(True), rather than torch.tensor(sourceTensor).
  caption_input_ids = torch.tensor(input_ids)

Epoch(U) 0(500): Train AC 61.38 RA 59.1090 LOSS 693.3704

Epoch(U) 0(500): DEV AC 53.80 RA 69.7876 
Epoch(U) 0(500): BEST AC 53.80 RA 69.7876 
/home/ML_courses/DL2020/efratblaier/vilio/entryU.py:174: UserWarning: To copy construct from a tensor, it is recommended to use sourceTensor.clone().detach() or sourceTensor.clone().detach().requires_grad_(True), rather than torch.tensor(sourceTensor).
  caption_input_ids = torch.tensor(input_ids)
/home/ML_courses/DL2020/efratblaier/vilio/entryU.py:174: UserWarning: To copy construct from a tensor, it is recommended to use sourceTensor.clone().detach() or sourceTensor.clone().detach().requires_grad_(True), rather than torch.tensor(sourceTensor).
  caption_input_ids = torch.tensor(input_ids)

Epoch(U) 0(750): Train AC 64.65 RA 63.4479 LOSS 604.7495

Epoch(U) 0(750): DEV AC 64.60 RA 76.3582 
Epoch(U) 0(750): BEST AC 64.60 RA 76.3582 
/home/ML_courses/DL2020/efratblaier/vilio/entryU.py:174: UserWarning: To copy construct from a tensor, it is recommended to use sourceTensor.clone().detach() or sourceTensor.clone().detach().requires_grad_(True), rather than torch.tensor(sourceTensor).
  caption_input_ids = torch.tensor(input_ids)
/home/ML_courses/DL2020/efratblaier/vilio/entryU.py:174: UserWarning: To copy construct from a tensor, it is recommended to use sourceTensor.clone().detach() or sourceTensor.clone().detach().requires_grad_(True), rather than torch.tensor(sourceTensor).
  caption_input_ids = torch.tensor(input_ids)

Epoch(U) 0(1000): Train AC 66.77 RA 66.9630 LOSS 568.3323

Epoch(U) 0(1000): DEV AC 68.00 RA 82.3911 
Epoch(U) 0(1000): BEST AC 68.00 RA 82.3911 
/home/ML_courses/DL2020/efratblaier/vilio/entryU.py:174: UserWarning: To copy construct from a tensor, it is recommended to use sourceTensor.clone().detach() or sourceTensor.clone().detach().requires_grad_(True), rather than torch.tensor(sourceTensor).
  caption_input_ids = torch.tensor(input_ids)
/home/ML_courses/DL2020/efratblaier/vilio/entryU.py:174: UserWarning: To copy construct from a tensor, it is recommended to use sourceTensor.clone().detach() or sourceTensor.clone().detach().requires_grad_(True), rather than torch.tensor(sourceTensor).
  caption_input_ids = torch.tensor(input_ids)
tensor([-2.2198, -0.1150], device='cuda:0')

Epoch(U) 1(1250): Train AC 82.74 RA 88.7249 LOSS 459.8515

Epoch(U) 1(1250): DEV AC 77.60 RA 84.9274 
Epoch(U) 1(1250): BEST AC 77.60 RA 84.9274 
/home/ML_courses/DL2020/efratblaier/vilio/entryU.py:174: UserWarning: To copy construct from a tensor, it is recommended to use sourceTensor.clone().detach() or sourceTensor.clone().detach().requires_grad_(True), rather than torch.tensor(sourceTensor).
  caption_input_ids = torch.tensor(input_ids)
/home/ML_courses/DL2020/efratblaier/vilio/entryU.py:174: UserWarning: To copy construct from a tensor, it is recommended to use sourceTensor.clone().detach() or sourceTensor.clone().detach().requires_grad_(True), rather than torch.tensor(sourceTensor).
  caption_input_ids = torch.tensor(input_ids)

Epoch(U) 1(1500): Train AC 83.61 RA 89.4639 LOSS 391.1204

Epoch(U) 1(1500): DEV AC 74.20 RA 87.6542 
Epoch(U) 1(1500): BEST AC 74.20 RA 87.6542 
/home/ML_courses/DL2020/efratblaier/vilio/entryU.py:174: UserWarning: To copy construct from a tensor, it is recommended to use sourceTensor.clone().detach() or sourceTensor.clone().detach().requires_grad_(True), rather than torch.tensor(sourceTensor).
  caption_input_ids = torch.tensor(input_ids)
/home/ML_courses/DL2020/efratblaier/vilio/entryU.py:174: UserWarning: To copy construct from a tensor, it is recommended to use sourceTensor.clone().detach() or sourceTensor.clone().detach().requires_grad_(True), rather than torch.tensor(sourceTensor).
  caption_input_ids = torch.tensor(input_ids)

Epoch(U) 1(1750): Train AC 83.75 RA 89.3973 LOSS 404.6241

Epoch(U) 1(1750): DEV AC 78.00 RA 88.0927 
Epoch(U) 1(1750): BEST AC 78.00 RA 88.0927 
/home/ML_courses/DL2020/efratblaier/vilio/entryU.py:174: UserWarning: To copy construct from a tensor, it is recommended to use sourceTensor.clone().detach() or sourceTensor.clone().detach().requires_grad_(True), rather than torch.tensor(sourceTensor).
  caption_input_ids = torch.tensor(input_ids)
/home/ML_courses/DL2020/efratblaier/vilio/entryU.py:174: UserWarning: To copy construct from a tensor, it is recommended to use sourceTensor.clone().detach() or sourceTensor.clone().detach().requires_grad_(True), rather than torch.tensor(sourceTensor).
  caption_input_ids = torch.tensor(input_ids)

Epoch(U) 1(2000): Train AC 82.65 RA 88.5735 LOSS 458.3825

Epoch(U) 1(2000): DEV AC 83.60 RA 89.5825 
Epoch(U) 1(2000): BEST AC 83.60 RA 89.5825 
/home/ML_courses/DL2020/efratblaier/vilio/entryU.py:174: UserWarning: To copy construct from a tensor, it is recommended to use sourceTensor.clone().detach() or sourceTensor.clone().detach().requires_grad_(True), rather than torch.tensor(sourceTensor).
  caption_input_ids = torch.tensor(input_ids)
/home/ML_courses/DL2020/efratblaier/vilio/entryU.py:174: UserWarning: To copy construct from a tensor, it is recommended to use sourceTensor.clone().detach() or sourceTensor.clone().detach().requires_grad_(True), rather than torch.tensor(sourceTensor).
  caption_input_ids = torch.tensor(input_ids)

Epoch(U) 1(2250): Train AC 82.42 RA 88.6024 LOSS 427.4789

Epoch(U) 1(2250): DEV AC 86.00 RA 93.0502 
Epoch(U) 1(2250): BEST AC 86.00 RA 93.0502 
Load model from ./data/LASTtraindev.pth
Load 1000 data from split(s) test_seen.
Start to load Faster-RCNN detected objects from data/HM_img.tsv
Loaded 1000 images in file data/HM_img.tsv in 56 seconds.
Use 1000 data in torch dataset

/home/ML_courses/DL2020/efratblaier/vilio/entryU.py:174: UserWarning: To copy construct from a tensor, it is recommended to use sourceTensor.clone().detach() or sourceTensor.clone().detach().requires_grad_(True), rather than torch.tensor(sourceTensor).
  caption_input_ids = torch.tensor(input_ids)
/home/ML_courses/DL2020/efratblaier/vilio/entryU.py:174: UserWarning: To copy construct from a tensor, it is recommended to use sourceTensor.clone().detach() or sourceTensor.clone().detach().requires_grad_(True), rather than torch.tensor(sourceTensor).
  caption_input_ids = torch.tensor(input_ids)
<class 'pandas.core.frame.DataFrame'>
RangeIndex: 1000 entries, 0 to 999
Data columns (total 3 columns):
 #   Column  Non-Null Count  Dtype  
---  ------  --------------  -----  
 0   id      1000 non-null   int64  
 1   proba   1000 non-null   float64
 2   label   1000 non-null   int64  
dtypes: float64(1), int64(2)
memory usage: 23.6 KB
None
Load 2000 data from split(s) test_unseen.
Start to load Faster-RCNN detected objects from data/HM_img.tsv
Loaded 2000 images in file data/HM_img.tsv in 59 seconds.
Use 2000 data in torch dataset

<class 'pandas.core.frame.DataFrame'>
RangeIndex: 2000 entries, 0 to 1999
Data columns (total 3 columns):
 #   Column  Non-Null Count  Dtype  
---  ------  --------------  -----  
 0   id      2000 non-null   int64  
 1   proba   2000 non-null   float64
 2   label   2000 non-null   int64  
dtypes: float64(1), int64(2)
memory usage: 47.0 KB
None
