2021-04-23 09:26:13.009286: I tensorflow/stream_executor/platform/default/dso_loader.cc:48] Successfully opened dynamic library libcudart.so.10.1
Some weights of BertU were not initialized from the model checkpoint at bert-large-cased and are newly initialized: ['bert.img_embeddings.img_linear.weight', 'bert.img_embeddings.img_linear.bias', 'bert.img_embeddings.img_layer_norm.weight', 'bert.img_embeddings.img_layer_norm.bias', 'bert.img_embeddings.pos_layer_norm.weight', 'bert.img_embeddings.pos_layer_norm.bias', 'bert.img_embeddings.pos_linear.weight', 'bert.img_embeddings.pos_linear.bias', 'bert.img_embeddings.LayerNorm.weight', 'bert.img_embeddings.LayerNorm.bias']
You should probably TRAIN this model on a down-stream task to be able to use it for predictions and inference.
Some weights of RobertaModel were not initialized from the model checkpoint at /home/ML_courses/DL2020/efratblaier/test-mlm-large-batch-roberta-100-epochs-captions-no-rand and are newly initialized: ['roberta.pooler.dense.weight', 'roberta.pooler.dense.bias']
You should probably TRAIN this model on a down-stream task to be able to use it for predictions and inference.
Load 8596 data from split(s) train.
Start to load Faster-RCNN detected objects from data/HM_img.tsv
Loaded 8596 images in file data/HM_img.tsv in 48 seconds.
Use 8596 data in torch dataset

Load 500 data from split(s) dev_seen.
Start to load Faster-RCNN detected objects from data/HM_img.tsv
Loaded 500 images in file data/HM_img.tsv in 37 seconds.
Use 500 data in torch dataset

UNEXPECTED:  []
MISSING:  ['bert.img_embeddings.img_linear.weight', 'bert.img_embeddings.img_linear.bias', 'bert.img_embeddings.img_layer_norm.weight', 'bert.img_embeddings.img_layer_norm.bias', 'bert.img_embeddings.pos_layer_norm.weight', 'bert.img_embeddings.pos_layer_norm.bias', 'bert.img_embeddings.pos_linear.weight', 'bert.img_embeddings.pos_linear.bias', 'bert.img_embeddings.LayerNorm.weight', 'bert.img_embeddings.LayerNorm.bias']
ERRORS:  []
REINITING:  Linear(in_features=1792, out_features=3584, bias=True)
REINITING:  GeLU()
REINITING:  LayerNorm((3584,), eps=1e-12, elementwise_affine=True)
REINITING:  Linear(in_features=3584, out_features=2, bias=True)
REINITING:  Sequential(
  (0): Linear(in_features=1792, out_features=3584, bias=True)
  (1): GeLU()
  (2): LayerNorm((3584,), eps=1e-12, elementwise_affine=True)
  (3): Linear(in_features=3584, out_features=2, bias=True)
)
Load pre-trained model from ./data/uniter-large.pt

Weights in loaded but not in model:
cls.predictions.bias
cls.predictions.decoder.weight
cls.predictions.transform.LayerNorm.bias
cls.predictions.transform.LayerNorm.weight
cls.predictions.transform.dense.bias
cls.predictions.transform.dense.weight
feat_regress.bias
feat_regress.net.0.bias
feat_regress.net.0.weight
feat_regress.net.2.bias
feat_regress.net.2.weight
feat_regress.weight
img_embeddings.mask_embedding.weight
itm_output.bias
itm_output.weight
region_classifier.net.0.bias
region_classifier.net.0.weight
region_classifier.net.2.bias
region_classifier.net.2.weight
region_classifier.net.3.bias
region_classifier.net.3.weight

Weights in model but not in loaded:
embeddings.position_ids

Total Iters: 3582
Splits in Train data: ['train']
Splits in Valid data: ['dev_seen']
Batches: 1433
/home/ML_courses/DL2020/efratblaier/vilio_env/lib/python3.7/site-packages/torchcontrib/optim/swa.py:130: UserWarning: Casting swa_start, swa_freq to int
  warnings.warn("Casting swa_start, swa_freq to int")
tensor([-0.1160, -2.2119], device='cuda:0')

Epoch(U) 0(250): Train AC 63.33 RA 58.8430 LOSS 997.8014

Epoch(U) 0(250): DEV AC 57.60 RA 64.1532 
Epoch(U) 0(250): BEST AC 57.60 RA 64.1532 

Epoch(U) 0(500): Train AC 66.17 RA 64.3016 LOSS 933.2031

Epoch(U) 0(500): DEV AC 56.00 RA 69.0211 
Epoch(U) 0(500): BEST AC 56.00 RA 69.0211 
tensor([-1.4120, -0.2793], device='cuda:0')

Epoch(U) 1(750): Train AC 77.21 RA 84.6230 LOSS 830.3469

Epoch(U) 1(750): DEV AC 59.60 RA 72.4744 
Epoch(U) 1(750): BEST AC 59.60 RA 72.4744 

Epoch(U) 1(1000): Train AC 80.08 RA 86.0755 LOSS 674.0116

Epoch(U) 1(1000): DEV AC 63.80 RA 76.0830 
Epoch(U) 1(1000): BEST AC 63.80 RA 76.0830 

Epoch(U) 1(1250): Train AC 80.93 RA 87.0639 LOSS 630.5310

Epoch(U) 1(1250): DEV AC 59.20 RA 75.0844 
Epoch(U) 1(1250): BEST AC 63.80 RA 76.0830 
tensor([-3.4371, -0.0327], device='cuda:0')
Load 1000 data from split(s) test_seen.
Start to load Faster-RCNN detected objects from data/HM_img.tsv
Loaded 1000 images in file data/HM_img.tsv in 38 seconds.
Use 1000 data in torch dataset

<class 'pandas.core.frame.DataFrame'>
RangeIndex: 1000 entries, 0 to 999
Data columns (total 3 columns):
 #   Column  Non-Null Count  Dtype  
---  ------  --------------  -----  
 0   id      1000 non-null   int64  
 1   proba   1000 non-null   float64
 2   label   1000 non-null   int64  
dtypes: float64(1), int64(2)
memory usage: 23.6 KB
None

Epoch(U) 2(1500): Train AC 91.91 RA 96.9013 LOSS 539.9947

Epoch(U) 2(1500): DEV AC 69.20 RA 78.1393 
Epoch(U) 2(1500): BEST AC 69.20 RA 78.1393 

Epoch(U) 2(1750): Train AC 91.14 RA 96.3100 LOSS 382.7353

Epoch(U) 2(1750): DEV AC 66.40 RA 77.5008 
Epoch(U) 2(1750): BEST AC 69.20 RA 78.1393 
Load 1000 data from split(s) test_seen.
Start to load Faster-RCNN detected objects from data/HM_img.tsv
Loaded 1000 images in file data/HM_img.tsv in 38 seconds.
Use 1000 data in torch dataset

<class 'pandas.core.frame.DataFrame'>
RangeIndex: 1000 entries, 0 to 999
Data columns (total 3 columns):
 #   Column  Non-Null Count  Dtype  
---  ------  --------------  -----  
 0   id      1000 non-null   int64  
 1   proba   1000 non-null   float64
 2   label   1000 non-null   int64  
dtypes: float64(1), int64(2)
memory usage: 23.6 KB
None

Epoch(U) 2(2000): Train AC 90.89 RA 96.1987 LOSS 386.2232

Epoch(U) 2(2000): DEV AC 66.80 RA 78.2881 
Epoch(U) 2(2000): BEST AC 66.80 RA 78.2881 
tensor([-1.0331e+01, -3.2663e-05], device='cuda:0')

Epoch(U) 3(2250): Train AC 97.22 RA 99.1834 LOSS 248.4539

Epoch(U) 3(2250): DEV AC 68.40 RA 77.1727 
Epoch(U) 3(2250): BEST AC 66.80 RA 78.2881 

Epoch(U) 3(2500): Train AC 97.04 RA 99.3198 LOSS 172.9447

Epoch(U) 3(2500): DEV AC 68.00 RA 77.7264 
Epoch(U) 3(2500): BEST AC 66.80 RA 78.2881 

Epoch(U) 3(2750): Train AC 96.76 RA 99.1253 LOSS 260.2596

Epoch(U) 3(2750): DEV AC 63.80 RA 77.1631 
Epoch(U) 3(2750): BEST AC 66.80 RA 78.2881 
tensor([-3.0398e-05, -1.0402e+01], device='cuda:0')

Epoch(U) 4(3000): Train AC 97.12 RA 99.1690 LOSS 218.6425

Epoch(U) 4(3000): DEV AC 70.20 RA 76.8535 
Epoch(U) 4(3000): BEST AC 66.80 RA 78.2881 

Epoch(U) 4(3250): Train AC 96.68 RA 98.9291 LOSS 254.0376

Epoch(U) 4(3250): DEV AC 70.40 RA 76.7727 
Epoch(U) 4(3250): BEST AC 66.80 RA 78.2881 

Epoch(U) 4(3500): Train AC 96.50 RA 98.9080 LOSS 253.4430

Epoch(U) 4(3500): DEV AC 68.60 RA 76.9311 
Epoch(U) 4(3500): BEST AC 66.80 RA 78.2881 
Load 500 data from split(s) dev_seen.
Start to load Faster-RCNN detected objects from data/HM_img.tsv
Loaded 500 images in file data/HM_img.tsv in 42 seconds.
Use 500 data in torch dataset

<class 'pandas.core.frame.DataFrame'>
RangeIndex: 500 entries, 0 to 499
Data columns (total 3 columns):
 #   Column  Non-Null Count  Dtype  
---  ------  --------------  -----  
 0   id      500 non-null    int64  
 1   proba   500 non-null    float64
 2   label   500 non-null    int64  
dtypes: float64(1), int64(2)
memory usage: 11.8 KB
None
(0.694, 0.7725752508361204)
Load 1000 data from split(s) test_seen.
Start to load Faster-RCNN detected objects from data/HM_img.tsv
Loaded 1000 images in file data/HM_img.tsv in 47 seconds.
Use 1000 data in torch dataset

<class 'pandas.core.frame.DataFrame'>
RangeIndex: 1000 entries, 0 to 999
Data columns (total 3 columns):
 #   Column  Non-Null Count  Dtype  
---  ------  --------------  -----  
 0   id      1000 non-null   int64  
 1   proba   1000 non-null   float64
 2   label   1000 non-null   int64  
dtypes: float64(1), int64(2)
memory usage: 23.6 KB
None
