2021-04-16 09:22:01.403371: I tensorflow/stream_executor/platform/default/dso_loader.cc:48] Successfully opened dynamic library libcudart.so.10.1
Some weights of BertU were not initialized from the model checkpoint at bert-large-cased and are newly initialized: ['bert.img_embeddings.img_linear.weight', 'bert.img_embeddings.img_linear.bias', 'bert.img_embeddings.img_layer_norm.weight', 'bert.img_embeddings.img_layer_norm.bias', 'bert.img_embeddings.pos_layer_norm.weight', 'bert.img_embeddings.pos_layer_norm.bias', 'bert.img_embeddings.pos_linear.weight', 'bert.img_embeddings.pos_linear.bias', 'bert.img_embeddings.LayerNorm.weight', 'bert.img_embeddings.LayerNorm.bias']
You should probably TRAIN this model on a down-stream task to be able to use it for predictions and inference.
Some weights of the model checkpoint at /home/ML_courses/DL2020/efratblaier/test-mlm-large-batch-roberta-100-epochs-captions-no-rand were not used when initializing RobertaForSequenceClassification: ['lm_head.bias', 'lm_head.dense.weight', 'lm_head.dense.bias', 'lm_head.layer_norm.weight', 'lm_head.layer_norm.bias', 'lm_head.decoder.weight', 'lm_head.decoder.bias']
- This IS expected if you are initializing RobertaForSequenceClassification from the checkpoint of a model trained on another task or with another architecture (e.g. initializing a BertForSequenceClassification model from a BertForPretraining model).
- This IS NOT expected if you are initializing RobertaForSequenceClassification from the checkpoint of a model that you expect to be exactly identical (initializing a BertForSequenceClassification model from a BertForSequenceClassification model).
Some weights of RobertaForSequenceClassification were not initialized from the model checkpoint at /home/ML_courses/DL2020/efratblaier/test-mlm-large-batch-roberta-100-epochs-captions-no-rand and are newly initialized: ['roberta.pooler.dense.weight', 'roberta.pooler.dense.bias', 'classifier.dense.weight', 'classifier.dense.bias', 'classifier.out_proj.weight', 'classifier.out_proj.bias']
You should probably TRAIN this model on a down-stream task to be able to use it for predictions and inference.
Load 8596 data from split(s) train.
Start to load Faster-RCNN detected objects from data/HM_img.tsv
Loaded 7164 images in file data/HM_img.tsv in 42 seconds.
Use 7164 data in torch dataset

Load 500 data from split(s) dev_seen.
Start to load Faster-RCNN detected objects from data/HM_img.tsv
Loaded 500 images in file data/HM_img.tsv in 82 seconds.
Use 500 data in torch dataset

UNEXPECTED:  []
MISSING:  ['bert.img_embeddings.img_linear.weight', 'bert.img_embeddings.img_linear.bias', 'bert.img_embeddings.img_layer_norm.weight', 'bert.img_embeddings.img_layer_norm.bias', 'bert.img_embeddings.pos_layer_norm.weight', 'bert.img_embeddings.pos_layer_norm.bias', 'bert.img_embeddings.pos_linear.weight', 'bert.img_embeddings.pos_linear.bias', 'bert.img_embeddings.LayerNorm.weight', 'bert.img_embeddings.LayerNorm.bias']
ERRORS:  []
REINITING:  Linear(in_features=1792, out_features=3584, bias=True)
REINITING:  GeLU()
REINITING:  LayerNorm((3584,), eps=1e-12, elementwise_affine=True)
REINITING:  Linear(in_features=3584, out_features=2, bias=True)
REINITING:  Sequential(
  (0): Linear(in_features=1792, out_features=3584, bias=True)
  (1): GeLU()
  (2): LayerNorm((3584,), eps=1e-12, elementwise_affine=True)
  (3): Linear(in_features=3584, out_features=2, bias=True)
)
Load pre-trained model from ./data/uniter-large.pt

Weights in loaded but not in model:
cls.predictions.bias
cls.predictions.decoder.weight
cls.predictions.transform.LayerNorm.bias
cls.predictions.transform.LayerNorm.weight
cls.predictions.transform.dense.bias
cls.predictions.transform.dense.weight
feat_regress.bias
feat_regress.net.0.bias
feat_regress.net.0.weight
feat_regress.net.2.bias
feat_regress.net.2.weight
feat_regress.weight
img_embeddings.mask_embedding.weight
itm_output.bias
itm_output.weight
region_classifier.net.0.bias
region_classifier.net.0.weight
region_classifier.net.2.bias
region_classifier.net.2.weight
region_classifier.net.3.bias
region_classifier.net.3.weight

Weights in model but not in loaded:
embeddings.position_ids

Total Iters: 4477
Splits in Train data: ['train']
Splits in Valid data: ['dev_seen']
Batches: 1791
/home/ML_courses/DL2020/efratblaier/vilio_env/lib/python3.7/site-packages/torchcontrib/optim/swa.py:130: UserWarning: Casting swa_start, swa_freq to int
  warnings.warn("Casting swa_start, swa_freq to int")
tensor([-1.5261, -0.2451], device='cuda:0')
/home/ML_courses/DL2020/efratblaier/vilio/entryU.py:174: UserWarning: To copy construct from a tensor, it is recommended to use sourceTensor.clone().detach() or sourceTensor.clone().detach().requires_grad_(True), rather than torch.tensor(sourceTensor).
  caption_input_ids = torch.tensor(input_ids)

Epoch(U) 0(250): Train AC 64.85 RA 52.8438 LOSS 672.5748

Epoch(U) 0(250): DEV AC 51.20 RA 62.6042 
Epoch(U) 0(250): BEST AC 51.20 RA 62.6042 
/home/ML_courses/DL2020/efratblaier/vilio/entryU.py:174: UserWarning: To copy construct from a tensor, it is recommended to use sourceTensor.clone().detach() or sourceTensor.clone().detach().requires_grad_(True), rather than torch.tensor(sourceTensor).
  caption_input_ids = torch.tensor(input_ids)
/home/ML_courses/DL2020/efratblaier/vilio/entryU.py:174: UserWarning: To copy construct from a tensor, it is recommended to use sourceTensor.clone().detach() or sourceTensor.clone().detach().requires_grad_(True), rather than torch.tensor(sourceTensor).
  caption_input_ids = torch.tensor(input_ids)

Epoch(U) 0(500): Train AC 64.22 RA 59.9616 LOSS 661.6773

Epoch(U) 0(500): DEV AC 50.80 RA 68.5347 
Epoch(U) 0(500): BEST AC 50.80 RA 68.5347 
/home/ML_courses/DL2020/efratblaier/vilio/entryU.py:174: UserWarning: To copy construct from a tensor, it is recommended to use sourceTensor.clone().detach() or sourceTensor.clone().detach().requires_grad_(True), rather than torch.tensor(sourceTensor).
  caption_input_ids = torch.tensor(input_ids)
/home/ML_courses/DL2020/efratblaier/vilio/entryU.py:174: UserWarning: To copy construct from a tensor, it is recommended to use sourceTensor.clone().detach() or sourceTensor.clone().detach().requires_grad_(True), rather than torch.tensor(sourceTensor).
  caption_input_ids = torch.tensor(input_ids)

Epoch(U) 0(750): Train AC 66.25 RA 64.4798 LOSS 596.1315

Epoch(U) 0(750): DEV AC 61.80 RA 72.5865 
Epoch(U) 0(750): BEST AC 61.80 RA 72.5865 
/home/ML_courses/DL2020/efratblaier/vilio/entryU.py:174: UserWarning: To copy construct from a tensor, it is recommended to use sourceTensor.clone().detach() or sourceTensor.clone().detach().requires_grad_(True), rather than torch.tensor(sourceTensor).
  caption_input_ids = torch.tensor(input_ids)
/home/ML_courses/DL2020/efratblaier/vilio/entryU.py:174: UserWarning: To copy construct from a tensor, it is recommended to use sourceTensor.clone().detach() or sourceTensor.clone().detach().requires_grad_(True), rather than torch.tensor(sourceTensor).
  caption_input_ids = torch.tensor(input_ids)
tensor([-0.0425, -3.1797], device='cuda:0')

Epoch(U) 1(1000): Train AC 79.40 RA 86.1345 LOSS 532.4946

Epoch(U) 1(1000): DEV AC 56.00 RA 70.4629 
Epoch(U) 1(1000): BEST AC 61.80 RA 72.5865 
/home/ML_courses/DL2020/efratblaier/vilio/entryU.py:174: UserWarning: To copy construct from a tensor, it is recommended to use sourceTensor.clone().detach() or sourceTensor.clone().detach().requires_grad_(True), rather than torch.tensor(sourceTensor).
  caption_input_ids = torch.tensor(input_ids)
/home/ML_courses/DL2020/efratblaier/vilio/entryU.py:174: UserWarning: To copy construct from a tensor, it is recommended to use sourceTensor.clone().detach() or sourceTensor.clone().detach().requires_grad_(True), rather than torch.tensor(sourceTensor).
  caption_input_ids = torch.tensor(input_ids)

Epoch(U) 1(1250): Train AC 80.49 RA 86.6679 LOSS 453.7821

Epoch(U) 1(1250): DEV AC 64.80 RA 73.7658 
Epoch(U) 1(1250): BEST AC 64.80 RA 73.7658 
/home/ML_courses/DL2020/efratblaier/vilio/entryU.py:174: UserWarning: To copy construct from a tensor, it is recommended to use sourceTensor.clone().detach() or sourceTensor.clone().detach().requires_grad_(True), rather than torch.tensor(sourceTensor).
  caption_input_ids = torch.tensor(input_ids)
/home/ML_courses/DL2020/efratblaier/vilio/entryU.py:174: UserWarning: To copy construct from a tensor, it is recommended to use sourceTensor.clone().detach() or sourceTensor.clone().detach().requires_grad_(True), rather than torch.tensor(sourceTensor).
  caption_input_ids = torch.tensor(input_ids)

Epoch(U) 1(1500): Train AC 80.35 RA 86.4874 LOSS 462.6447

Epoch(U) 1(1500): DEV AC 68.00 RA 76.3886 
Epoch(U) 1(1500): BEST AC 68.00 RA 76.3886 
/home/ML_courses/DL2020/efratblaier/vilio/entryU.py:174: UserWarning: To copy construct from a tensor, it is recommended to use sourceTensor.clone().detach() or sourceTensor.clone().detach().requires_grad_(True), rather than torch.tensor(sourceTensor).
  caption_input_ids = torch.tensor(input_ids)
/home/ML_courses/DL2020/efratblaier/vilio/entryU.py:174: UserWarning: To copy construct from a tensor, it is recommended to use sourceTensor.clone().detach() or sourceTensor.clone().detach().requires_grad_(True), rather than torch.tensor(sourceTensor).
  caption_input_ids = torch.tensor(input_ids)

Epoch(U) 1(1750): Train AC 80.85 RA 86.9060 LOSS 435.2009

Epoch(U) 1(1750): DEV AC 65.00 RA 76.1006 
Epoch(U) 1(1750): BEST AC 68.00 RA 76.3886 
/home/ML_courses/DL2020/efratblaier/vilio/entryU.py:174: UserWarning: To copy construct from a tensor, it is recommended to use sourceTensor.clone().detach() or sourceTensor.clone().detach().requires_grad_(True), rather than torch.tensor(sourceTensor).
  caption_input_ids = torch.tensor(input_ids)
/home/ML_courses/DL2020/efratblaier/vilio/entryU.py:174: UserWarning: To copy construct from a tensor, it is recommended to use sourceTensor.clone().detach() or sourceTensor.clone().detach().requires_grad_(True), rather than torch.tensor(sourceTensor).
  caption_input_ids = torch.tensor(input_ids)
tensor([-0.0118, -4.4472], device='cuda:0')

Epoch(U) 2(2000): Train AC 90.42 RA 96.1891 LOSS 317.1546

Epoch(U) 2(2000): DEV AC 71.00 RA 77.6816 
Epoch(U) 2(2000): BEST AC 71.00 RA 77.6816 
/home/ML_courses/DL2020/efratblaier/vilio/entryU.py:174: UserWarning: To copy construct from a tensor, it is recommended to use sourceTensor.clone().detach() or sourceTensor.clone().detach().requires_grad_(True), rather than torch.tensor(sourceTensor).
  caption_input_ids = torch.tensor(input_ids)
/home/ML_courses/DL2020/efratblaier/vilio/entryU.py:174: UserWarning: To copy construct from a tensor, it is recommended to use sourceTensor.clone().detach() or sourceTensor.clone().detach().requires_grad_(True), rather than torch.tensor(sourceTensor).
  caption_input_ids = torch.tensor(input_ids)

Epoch(U) 2(2250): Train AC 91.49 RA 96.4255 LOSS 284.9495

Epoch(U) 2(2250): DEV AC 68.80 RA 76.5854 
Epoch(U) 2(2250): BEST AC 71.00 RA 77.6816 
/home/ML_courses/DL2020/efratblaier/vilio/entryU.py:174: UserWarning: To copy construct from a tensor, it is recommended to use sourceTensor.clone().detach() or sourceTensor.clone().detach().requires_grad_(True), rather than torch.tensor(sourceTensor).
  caption_input_ids = torch.tensor(input_ids)
/home/ML_courses/DL2020/efratblaier/vilio/entryU.py:174: UserWarning: To copy construct from a tensor, it is recommended to use sourceTensor.clone().detach() or sourceTensor.clone().detach().requires_grad_(True), rather than torch.tensor(sourceTensor).
  caption_input_ids = torch.tensor(input_ids)

Epoch(U) 2(2500): Train AC 91.80 RA 96.4102 LOSS 292.8754

Epoch(U) 2(2500): DEV AC 63.80 RA 75.8813 
Epoch(U) 2(2500): BEST AC 71.00 RA 77.6816 
/home/ML_courses/DL2020/efratblaier/vilio/entryU.py:174: UserWarning: To copy construct from a tensor, it is recommended to use sourceTensor.clone().detach() or sourceTensor.clone().detach().requires_grad_(True), rather than torch.tensor(sourceTensor).
  caption_input_ids = torch.tensor(input_ids)
/home/ML_courses/DL2020/efratblaier/vilio/entryU.py:174: UserWarning: To copy construct from a tensor, it is recommended to use sourceTensor.clone().detach() or sourceTensor.clone().detach().requires_grad_(True), rather than torch.tensor(sourceTensor).
  caption_input_ids = torch.tensor(input_ids)
tensor([-1.6829e-03, -6.3881e+00], device='cuda:0')

Epoch(U) 3(2750): Train AC 96.35 RA 99.2473 LOSS 275.1400

Epoch(U) 3(2750): DEV AC 69.20 RA 77.1727 
Epoch(U) 3(2750): BEST AC 71.00 RA 77.6816 
/home/ML_courses/DL2020/efratblaier/vilio/entryU.py:174: UserWarning: To copy construct from a tensor, it is recommended to use sourceTensor.clone().detach() or sourceTensor.clone().detach().requires_grad_(True), rather than torch.tensor(sourceTensor).
  caption_input_ids = torch.tensor(input_ids)
/home/ML_courses/DL2020/efratblaier/vilio/entryU.py:174: UserWarning: To copy construct from a tensor, it is recommended to use sourceTensor.clone().detach() or sourceTensor.clone().detach().requires_grad_(True), rather than torch.tensor(sourceTensor).
  caption_input_ids = torch.tensor(input_ids)

Epoch(U) 3(3000): Train AC 97.22 RA 99.0533 LOSS 124.1677

Epoch(U) 3(3000): DEV AC 67.20 RA 75.6237 
Epoch(U) 3(3000): BEST AC 71.00 RA 77.6816 
/home/ML_courses/DL2020/efratblaier/vilio/entryU.py:174: UserWarning: To copy construct from a tensor, it is recommended to use sourceTensor.clone().detach() or sourceTensor.clone().detach().requires_grad_(True), rather than torch.tensor(sourceTensor).
  caption_input_ids = torch.tensor(input_ids)
/home/ML_courses/DL2020/efratblaier/vilio/entryU.py:174: UserWarning: To copy construct from a tensor, it is recommended to use sourceTensor.clone().detach() or sourceTensor.clone().detach().requires_grad_(True), rather than torch.tensor(sourceTensor).
  caption_input_ids = torch.tensor(input_ids)

Epoch(U) 3(3250): Train AC 97.04 RA 99.1064 LOSS 140.1357

Epoch(U) 3(3250): DEV AC 68.60 RA 75.8573 
Epoch(U) 3(3250): BEST AC 71.00 RA 77.6816 
/home/ML_courses/DL2020/efratblaier/vilio/entryU.py:174: UserWarning: To copy construct from a tensor, it is recommended to use sourceTensor.clone().detach() or sourceTensor.clone().detach().requires_grad_(True), rather than torch.tensor(sourceTensor).
  caption_input_ids = torch.tensor(input_ids)
/home/ML_courses/DL2020/efratblaier/vilio/entryU.py:174: UserWarning: To copy construct from a tensor, it is recommended to use sourceTensor.clone().detach() or sourceTensor.clone().detach().requires_grad_(True), rather than torch.tensor(sourceTensor).
  caption_input_ids = torch.tensor(input_ids)

Epoch(U) 3(3500): Train AC 96.64 RA 98.8118 LOSS 213.6664

Epoch(U) 3(3500): DEV AC 66.80 RA 76.1166 
Epoch(U) 3(3500): BEST AC 71.00 RA 77.6816 
/home/ML_courses/DL2020/efratblaier/vilio/entryU.py:174: UserWarning: To copy construct from a tensor, it is recommended to use sourceTensor.clone().detach() or sourceTensor.clone().detach().requires_grad_(True), rather than torch.tensor(sourceTensor).
  caption_input_ids = torch.tensor(input_ids)
/home/ML_courses/DL2020/efratblaier/vilio/entryU.py:174: UserWarning: To copy construct from a tensor, it is recommended to use sourceTensor.clone().detach() or sourceTensor.clone().detach().requires_grad_(True), rather than torch.tensor(sourceTensor).
  caption_input_ids = torch.tensor(input_ids)
tensor([-9.3041e+00, -9.1072e-05], device='cuda:0')

Epoch(U) 4(3750): Train AC 96.84 RA 98.7215 LOSS 169.6493

Epoch(U) 4(3750): DEV AC 67.20 RA 76.0446 
Epoch(U) 4(3750): BEST AC 71.00 RA 77.6816 
/home/ML_courses/DL2020/efratblaier/vilio/entryU.py:174: UserWarning: To copy construct from a tensor, it is recommended to use sourceTensor.clone().detach() or sourceTensor.clone().detach().requires_grad_(True), rather than torch.tensor(sourceTensor).
  caption_input_ids = torch.tensor(input_ids)
/home/ML_courses/DL2020/efratblaier/vilio/entryU.py:174: UserWarning: To copy construct from a tensor, it is recommended to use sourceTensor.clone().detach() or sourceTensor.clone().detach().requires_grad_(True), rather than torch.tensor(sourceTensor).
  caption_input_ids = torch.tensor(input_ids)

Epoch(U) 4(4000): Train AC 96.76 RA 98.5719 LOSS 165.5664

Epoch(U) 4(4000): DEV AC 68.00 RA 76.5974 
Epoch(U) 4(4000): BEST AC 71.00 RA 77.6816 
/home/ML_courses/DL2020/efratblaier/vilio/entryU.py:174: UserWarning: To copy construct from a tensor, it is recommended to use sourceTensor.clone().detach() or sourceTensor.clone().detach().requires_grad_(True), rather than torch.tensor(sourceTensor).
  caption_input_ids = torch.tensor(input_ids)
/home/ML_courses/DL2020/efratblaier/vilio/entryU.py:174: UserWarning: To copy construct from a tensor, it is recommended to use sourceTensor.clone().detach() or sourceTensor.clone().detach().requires_grad_(True), rather than torch.tensor(sourceTensor).
  caption_input_ids = torch.tensor(input_ids)

Epoch(U) 4(4250): Train AC 96.49 RA 98.6933 LOSS 185.5339

Epoch(U) 4(4250): DEV AC 69.80 RA 76.0694 
Epoch(U) 4(4250): BEST AC 71.00 RA 77.6816 
Load model from ./data/LASTtrain.pth
Load 500 data from split(s) dev_seen.
Start to load Faster-RCNN detected objects from data/HM_img.tsv
Loaded 500 images in file data/HM_img.tsv in 37 seconds.
Use 500 data in torch dataset

/home/ML_courses/DL2020/efratblaier/vilio/entryU.py:174: UserWarning: To copy construct from a tensor, it is recommended to use sourceTensor.clone().detach() or sourceTensor.clone().detach().requires_grad_(True), rather than torch.tensor(sourceTensor).
  caption_input_ids = torch.tensor(input_ids)
/home/ML_courses/DL2020/efratblaier/vilio/entryU.py:174: UserWarning: To copy construct from a tensor, it is recommended to use sourceTensor.clone().detach() or sourceTensor.clone().detach().requires_grad_(True), rather than torch.tensor(sourceTensor).
  caption_input_ids = torch.tensor(input_ids)
<class 'pandas.core.frame.DataFrame'>
RangeIndex: 500 entries, 0 to 499
Data columns (total 3 columns):
 #   Column  Non-Null Count  Dtype  
---  ------  --------------  -----  
 0   id      500 non-null    int64  
 1   proba   500 non-null    float64
 2   label   500 non-null    int64  
dtypes: float64(1), int64(2)
memory usage: 11.8 KB
None
(0.692, 0.770446944359988)
2021-04-16 10:20:35.869067: I tensorflow/stream_executor/platform/default/dso_loader.cc:48] Successfully opened dynamic library libcudart.so.10.1
Some weights of BertU were not initialized from the model checkpoint at bert-large-cased and are newly initialized: ['bert.img_embeddings.img_linear.weight', 'bert.img_embeddings.img_linear.bias', 'bert.img_embeddings.img_layer_norm.weight', 'bert.img_embeddings.img_layer_norm.bias', 'bert.img_embeddings.pos_layer_norm.weight', 'bert.img_embeddings.pos_layer_norm.bias', 'bert.img_embeddings.pos_linear.weight', 'bert.img_embeddings.pos_linear.bias', 'bert.img_embeddings.LayerNorm.weight', 'bert.img_embeddings.LayerNorm.bias']
You should probably TRAIN this model on a down-stream task to be able to use it for predictions and inference.
Some weights of RobertaModel were not initialized from the model checkpoint at /home/ML_courses/DL2020/efratblaier/test-mlm-large-batch-roberta-100-epochs-captions-no-rand and are newly initialized: ['roberta.pooler.dense.weight', 'roberta.pooler.dense.bias']
You should probably TRAIN this model on a down-stream task to be able to use it for predictions and inference.
Load 9096 data from split(s) traindev.
Start to load Faster-RCNN detected objects from data/HM_img.tsv
Loaded 9096 images in file data/HM_img.tsv in 58 seconds.
Use 9096 data in torch dataset

Load 500 data from split(s) dev_seen.
Start to load Faster-RCNN detected objects from data/HM_img.tsv
Loaded 500 images in file data/HM_img.tsv in 41 seconds.
Use 500 data in torch dataset

UNEXPECTED:  []
MISSING:  ['bert.img_embeddings.img_linear.weight', 'bert.img_embeddings.img_linear.bias', 'bert.img_embeddings.img_layer_norm.weight', 'bert.img_embeddings.img_layer_norm.bias', 'bert.img_embeddings.pos_layer_norm.weight', 'bert.img_embeddings.pos_layer_norm.bias', 'bert.img_embeddings.pos_linear.weight', 'bert.img_embeddings.pos_linear.bias', 'bert.img_embeddings.LayerNorm.weight', 'bert.img_embeddings.LayerNorm.bias']
ERRORS:  []
REINITING:  Linear(in_features=1792, out_features=3584, bias=True)
REINITING:  GeLU()
REINITING:  LayerNorm((3584,), eps=1e-12, elementwise_affine=True)
REINITING:  Linear(in_features=3584, out_features=2, bias=True)
REINITING:  Sequential(
  (0): Linear(in_features=1792, out_features=3584, bias=True)
  (1): GeLU()
  (2): LayerNorm((3584,), eps=1e-12, elementwise_affine=True)
  (3): Linear(in_features=3584, out_features=2, bias=True)
)
Load pre-trained model from ./data/uniter-large.pt

Weights in loaded but not in model:
cls.predictions.bias
cls.predictions.decoder.weight
cls.predictions.transform.LayerNorm.bias
cls.predictions.transform.LayerNorm.weight
cls.predictions.transform.dense.bias
cls.predictions.transform.dense.weight
feat_regress.bias
feat_regress.net.0.bias
feat_regress.net.0.weight
feat_regress.net.2.bias
feat_regress.net.2.weight
feat_regress.weight
img_embeddings.mask_embedding.weight
itm_output.bias
itm_output.weight
region_classifier.net.0.bias
region_classifier.net.0.weight
region_classifier.net.2.bias
region_classifier.net.2.weight
region_classifier.net.3.bias
region_classifier.net.3.weight

Weights in model but not in loaded:
embeddings.position_ids

Total Iters: 5685
Splits in Train data: ['traindev']
Splits in Valid data: ['dev_seen']
Batches: 2274
/home/ML_courses/DL2020/efratblaier/vilio_env/lib/python3.7/site-packages/torchcontrib/optim/swa.py:130: UserWarning: Casting swa_start, swa_freq to int
  warnings.warn("Casting swa_start, swa_freq to int")
tensor([-0.1822, -1.7926], device='cuda:0')
/home/ML_courses/DL2020/efratblaier/vilio/entryU.py:174: UserWarning: To copy construct from a tensor, it is recommended to use sourceTensor.clone().detach() or sourceTensor.clone().detach().requires_grad_(True), rather than torch.tensor(sourceTensor).
  caption_input_ids = torch.tensor(input_ids)

Epoch(U) 0(250): Train AC 61.80 RA 58.9694 LOSS 682.6611

Epoch(U) 0(250): DEV AC 51.80 RA 60.7816 
Epoch(U) 0(250): BEST AC 51.80 RA 60.7816 
/home/ML_courses/DL2020/efratblaier/vilio/entryU.py:174: UserWarning: To copy construct from a tensor, it is recommended to use sourceTensor.clone().detach() or sourceTensor.clone().detach().requires_grad_(True), rather than torch.tensor(sourceTensor).
  caption_input_ids = torch.tensor(input_ids)
/home/ML_courses/DL2020/efratblaier/vilio/entryU.py:174: UserWarning: To copy construct from a tensor, it is recommended to use sourceTensor.clone().detach() or sourceTensor.clone().detach().requires_grad_(True), rather than torch.tensor(sourceTensor).
  caption_input_ids = torch.tensor(input_ids)

Epoch(U) 0(500): Train AC 62.55 RA 61.5910 LOSS 655.7555

Epoch(U) 0(500): DEV AC 53.40 RA 68.8707 
Epoch(U) 0(500): BEST AC 53.40 RA 68.8707 
/home/ML_courses/DL2020/efratblaier/vilio/entryU.py:174: UserWarning: To copy construct from a tensor, it is recommended to use sourceTensor.clone().detach() or sourceTensor.clone().detach().requires_grad_(True), rather than torch.tensor(sourceTensor).
  caption_input_ids = torch.tensor(input_ids)
/home/ML_courses/DL2020/efratblaier/vilio/entryU.py:174: UserWarning: To copy construct from a tensor, it is recommended to use sourceTensor.clone().detach() or sourceTensor.clone().detach().requires_grad_(True), rather than torch.tensor(sourceTensor).
  caption_input_ids = torch.tensor(input_ids)

Epoch(U) 0(750): Train AC 63.50 RA 62.8156 LOSS 660.7864

Epoch(U) 0(750): DEV AC 67.00 RA 73.5130 
Epoch(U) 0(750): BEST AC 67.00 RA 73.5130 
/home/ML_courses/DL2020/efratblaier/vilio/entryU.py:174: UserWarning: To copy construct from a tensor, it is recommended to use sourceTensor.clone().detach() or sourceTensor.clone().detach().requires_grad_(True), rather than torch.tensor(sourceTensor).
  caption_input_ids = torch.tensor(input_ids)
/home/ML_courses/DL2020/efratblaier/vilio/entryU.py:174: UserWarning: To copy construct from a tensor, it is recommended to use sourceTensor.clone().detach() or sourceTensor.clone().detach().requires_grad_(True), rather than torch.tensor(sourceTensor).
  caption_input_ids = torch.tensor(input_ids)

Epoch(U) 0(1000): Train AC 65.49 RA 66.0683 LOSS 586.9032

Epoch(U) 0(1000): DEV AC 61.60 RA 79.2930 
Epoch(U) 0(1000): BEST AC 61.60 RA 79.2930 
/home/ML_courses/DL2020/efratblaier/vilio/entryU.py:174: UserWarning: To copy construct from a tensor, it is recommended to use sourceTensor.clone().detach() or sourceTensor.clone().detach().requires_grad_(True), rather than torch.tensor(sourceTensor).
  caption_input_ids = torch.tensor(input_ids)
/home/ML_courses/DL2020/efratblaier/vilio/entryU.py:174: UserWarning: To copy construct from a tensor, it is recommended to use sourceTensor.clone().detach() or sourceTensor.clone().detach().requires_grad_(True), rather than torch.tensor(sourceTensor).
  caption_input_ids = torch.tensor(input_ids)
tensor([-2.9356, -0.0546], device='cuda:0')

Epoch(U) 1(1250): Train AC 81.31 RA 84.7316 LOSS 510.0876

Epoch(U) 1(1250): DEV AC 73.20 RA 83.9705 
Epoch(U) 1(1250): BEST AC 73.20 RA 83.9705 
/home/ML_courses/DL2020/efratblaier/vilio/entryU.py:174: UserWarning: To copy construct from a tensor, it is recommended to use sourceTensor.clone().detach() or sourceTensor.clone().detach().requires_grad_(True), rather than torch.tensor(sourceTensor).
  caption_input_ids = torch.tensor(input_ids)
/home/ML_courses/DL2020/efratblaier/vilio/entryU.py:174: UserWarning: To copy construct from a tensor, it is recommended to use sourceTensor.clone().detach() or sourceTensor.clone().detach().requires_grad_(True), rather than torch.tensor(sourceTensor).
  caption_input_ids = torch.tensor(input_ids)

Epoch(U) 1(1500): Train AC 81.34 RA 86.5515 LOSS 439.3252

Epoch(U) 1(1500): DEV AC 65.80 RA 86.7933 
Epoch(U) 1(1500): BEST AC 65.80 RA 86.7933 
/home/ML_courses/DL2020/efratblaier/vilio/entryU.py:174: UserWarning: To copy construct from a tensor, it is recommended to use sourceTensor.clone().detach() or sourceTensor.clone().detach().requires_grad_(True), rather than torch.tensor(sourceTensor).
  caption_input_ids = torch.tensor(input_ids)
/home/ML_courses/DL2020/efratblaier/vilio/entryU.py:174: UserWarning: To copy construct from a tensor, it is recommended to use sourceTensor.clone().detach() or sourceTensor.clone().detach().requires_grad_(True), rather than torch.tensor(sourceTensor).
  caption_input_ids = torch.tensor(input_ids)

Epoch(U) 1(1750): Train AC 81.61 RA 86.8542 LOSS 445.3778

Epoch(U) 1(1750): DEV AC 78.00 RA 89.1648 
Epoch(U) 1(1750): BEST AC 78.00 RA 89.1648 
/home/ML_courses/DL2020/efratblaier/vilio/entryU.py:174: UserWarning: To copy construct from a tensor, it is recommended to use sourceTensor.clone().detach() or sourceTensor.clone().detach().requires_grad_(True), rather than torch.tensor(sourceTensor).
  caption_input_ids = torch.tensor(input_ids)
/home/ML_courses/DL2020/efratblaier/vilio/entryU.py:174: UserWarning: To copy construct from a tensor, it is recommended to use sourceTensor.clone().detach() or sourceTensor.clone().detach().requires_grad_(True), rather than torch.tensor(sourceTensor).
  caption_input_ids = torch.tensor(input_ids)

Epoch(U) 1(2000): Train AC 81.55 RA 87.1017 LOSS 429.5505

Epoch(U) 1(2000): DEV AC 87.40 RA 92.8934 
Epoch(U) 1(2000): BEST AC 87.40 RA 92.8934 
/home/ML_courses/DL2020/efratblaier/vilio/entryU.py:174: UserWarning: To copy construct from a tensor, it is recommended to use sourceTensor.clone().detach() or sourceTensor.clone().detach().requires_grad_(True), rather than torch.tensor(sourceTensor).
  caption_input_ids = torch.tensor(input_ids)
/home/ML_courses/DL2020/efratblaier/vilio/entryU.py:174: UserWarning: To copy construct from a tensor, it is recommended to use sourceTensor.clone().detach() or sourceTensor.clone().detach().requires_grad_(True), rather than torch.tensor(sourceTensor).
  caption_input_ids = torch.tensor(input_ids)

Epoch(U) 1(2250): Train AC 81.97 RA 87.7411 LOSS 404.9048

Epoch(U) 1(2250): DEV AC 87.80 RA 94.4280 
Epoch(U) 1(2250): BEST AC 87.80 RA 94.4280 
/home/ML_courses/DL2020/efratblaier/vilio/entryU.py:174: UserWarning: To copy construct from a tensor, it is recommended to use sourceTensor.clone().detach() or sourceTensor.clone().detach().requires_grad_(True), rather than torch.tensor(sourceTensor).
  caption_input_ids = torch.tensor(input_ids)
/home/ML_courses/DL2020/efratblaier/vilio/entryU.py:174: UserWarning: To copy construct from a tensor, it is recommended to use sourceTensor.clone().detach() or sourceTensor.clone().detach().requires_grad_(True), rather than torch.tensor(sourceTensor).
  caption_input_ids = torch.tensor(input_ids)
tensor([-0.9953, -0.4614], device='cuda:0')

Epoch(U) 2(2500): Train AC 92.37 RA 96.6328 LOSS 306.0444

Epoch(U) 2(2500): DEV AC 89.20 RA 95.7514 
Epoch(U) 2(2500): BEST AC 89.20 RA 95.7514 
/home/ML_courses/DL2020/efratblaier/vilio/entryU.py:174: UserWarning: To copy construct from a tensor, it is recommended to use sourceTensor.clone().detach() or sourceTensor.clone().detach().requires_grad_(True), rather than torch.tensor(sourceTensor).
  caption_input_ids = torch.tensor(input_ids)
/home/ML_courses/DL2020/efratblaier/vilio/entryU.py:174: UserWarning: To copy construct from a tensor, it is recommended to use sourceTensor.clone().detach() or sourceTensor.clone().detach().requires_grad_(True), rather than torch.tensor(sourceTensor).
  caption_input_ids = torch.tensor(input_ids)

Epoch(U) 2(2750): Train AC 92.28 RA 96.7552 LOSS 281.0386

Epoch(U) 2(2750): DEV AC 90.20 RA 97.0348 
Epoch(U) 2(2750): BEST AC 90.20 RA 97.0348 
/home/ML_courses/DL2020/efratblaier/vilio/entryU.py:174: UserWarning: To copy construct from a tensor, it is recommended to use sourceTensor.clone().detach() or sourceTensor.clone().detach().requires_grad_(True), rather than torch.tensor(sourceTensor).
  caption_input_ids = torch.tensor(input_ids)
/home/ML_courses/DL2020/efratblaier/vilio/entryU.py:174: UserWarning: To copy construct from a tensor, it is recommended to use sourceTensor.clone().detach() or sourceTensor.clone().detach().requires_grad_(True), rather than torch.tensor(sourceTensor).
  caption_input_ids = torch.tensor(input_ids)

Epoch(U) 2(3000): Train AC 92.32 RA 96.7002 LOSS 281.0304

Epoch(U) 2(3000): DEV AC 91.00 RA 97.6829 
Epoch(U) 2(3000): BEST AC 91.00 RA 97.6829 
/home/ML_courses/DL2020/efratblaier/vilio/entryU.py:174: UserWarning: To copy construct from a tensor, it is recommended to use sourceTensor.clone().detach() or sourceTensor.clone().detach().requires_grad_(True), rather than torch.tensor(sourceTensor).
  caption_input_ids = torch.tensor(input_ids)
/home/ML_courses/DL2020/efratblaier/vilio/entryU.py:174: UserWarning: To copy construct from a tensor, it is recommended to use sourceTensor.clone().detach() or sourceTensor.clone().detach().requires_grad_(True), rather than torch.tensor(sourceTensor).
  caption_input_ids = torch.tensor(input_ids)

Epoch(U) 2(3250): Train AC 92.33 RA 96.7170 LOSS 274.9442

Epoch(U) 2(3250): DEV AC 94.80 RA 98.4718 
Epoch(U) 2(3250): BEST AC 94.80 RA 98.4718 
/home/ML_courses/DL2020/efratblaier/vilio/entryU.py:174: UserWarning: To copy construct from a tensor, it is recommended to use sourceTensor.clone().detach() or sourceTensor.clone().detach().requires_grad_(True), rather than torch.tensor(sourceTensor).
  caption_input_ids = torch.tensor(input_ids)
/home/ML_courses/DL2020/efratblaier/vilio/entryU.py:174: UserWarning: To copy construct from a tensor, it is recommended to use sourceTensor.clone().detach() or sourceTensor.clone().detach().requires_grad_(True), rather than torch.tensor(sourceTensor).
  caption_input_ids = torch.tensor(input_ids)
tensor([-4.7207, -0.0089], device='cuda:0')

Epoch(U) 3(3500): Train AC 97.05 RA 99.5654 LOSS 242.5195

Epoch(U) 3(3500): DEV AC 95.20 RA 99.0671 
Epoch(U) 3(3500): BEST AC 95.20 RA 99.0671 
/home/ML_courses/DL2020/efratblaier/vilio/entryU.py:174: UserWarning: To copy construct from a tensor, it is recommended to use sourceTensor.clone().detach() or sourceTensor.clone().detach().requires_grad_(True), rather than torch.tensor(sourceTensor).
  caption_input_ids = torch.tensor(input_ids)
/home/ML_courses/DL2020/efratblaier/vilio/entryU.py:174: UserWarning: To copy construct from a tensor, it is recommended to use sourceTensor.clone().detach() or sourceTensor.clone().detach().requires_grad_(True), rather than torch.tensor(sourceTensor).
  caption_input_ids = torch.tensor(input_ids)

Epoch(U) 3(3750): Train AC 97.46 RA 99.3227 LOSS 125.2610

Epoch(U) 3(3750): DEV AC 96.20 RA 99.2815 
Epoch(U) 3(3750): BEST AC 96.20 RA 99.2815 
/home/ML_courses/DL2020/efratblaier/vilio/entryU.py:174: UserWarning: To copy construct from a tensor, it is recommended to use sourceTensor.clone().detach() or sourceTensor.clone().detach().requires_grad_(True), rather than torch.tensor(sourceTensor).
  caption_input_ids = torch.tensor(input_ids)
/home/ML_courses/DL2020/efratblaier/vilio/entryU.py:174: UserWarning: To copy construct from a tensor, it is recommended to use sourceTensor.clone().detach() or sourceTensor.clone().detach().requires_grad_(True), rather than torch.tensor(sourceTensor).
  caption_input_ids = torch.tensor(input_ids)

Epoch(U) 3(4000): Train AC 97.52 RA 99.2503 LOSS 124.0316

Epoch(U) 3(4000): DEV AC 96.80 RA 99.5071 
Epoch(U) 3(4000): BEST AC 96.80 RA 99.5071 
/home/ML_courses/DL2020/efratblaier/vilio/entryU.py:174: UserWarning: To copy construct from a tensor, it is recommended to use sourceTensor.clone().detach() or sourceTensor.clone().detach().requires_grad_(True), rather than torch.tensor(sourceTensor).
  caption_input_ids = torch.tensor(input_ids)
/home/ML_courses/DL2020/efratblaier/vilio/entryU.py:174: UserWarning: To copy construct from a tensor, it is recommended to use sourceTensor.clone().detach() or sourceTensor.clone().detach().requires_grad_(True), rather than torch.tensor(sourceTensor).
  caption_input_ids = torch.tensor(input_ids)

Epoch(U) 3(4250): Train AC 97.48 RA 99.2717 LOSS 117.3522

Epoch(U) 3(4250): DEV AC 98.00 RA 99.7792 
Epoch(U) 3(4250): BEST AC 98.00 RA 99.7792 
/home/ML_courses/DL2020/efratblaier/vilio/entryU.py:174: UserWarning: To copy construct from a tensor, it is recommended to use sourceTensor.clone().detach() or sourceTensor.clone().detach().requires_grad_(True), rather than torch.tensor(sourceTensor).
  caption_input_ids = torch.tensor(input_ids)
/home/ML_courses/DL2020/efratblaier/vilio/entryU.py:174: UserWarning: To copy construct from a tensor, it is recommended to use sourceTensor.clone().detach() or sourceTensor.clone().detach().requires_grad_(True), rather than torch.tensor(sourceTensor).
  caption_input_ids = torch.tensor(input_ids)

Epoch(U) 3(4500): Train AC 97.19 RA 99.2257 LOSS 173.1623

Epoch(U) 3(4500): DEV AC 95.20 RA 99.4015 
Epoch(U) 3(4500): BEST AC 98.00 RA 99.7792 
/home/ML_courses/DL2020/efratblaier/vilio/entryU.py:174: UserWarning: To copy construct from a tensor, it is recommended to use sourceTensor.clone().detach() or sourceTensor.clone().detach().requires_grad_(True), rather than torch.tensor(sourceTensor).
  caption_input_ids = torch.tensor(input_ids)
/home/ML_courses/DL2020/efratblaier/vilio/entryU.py:174: UserWarning: To copy construct from a tensor, it is recommended to use sourceTensor.clone().detach() or sourceTensor.clone().detach().requires_grad_(True), rather than torch.tensor(sourceTensor).
  caption_input_ids = torch.tensor(input_ids)
tensor([-1.2392e-03, -6.6938e+00], device='cuda:0')

Epoch(U) 4(4750): Train AC 97.09 RA 99.0679 LOSS 174.5567

Epoch(U) 4(4750): DEV AC 97.00 RA 99.6608 
Epoch(U) 4(4750): BEST AC 98.00 RA 99.7792 
/home/ML_courses/DL2020/efratblaier/vilio/entryU.py:174: UserWarning: To copy construct from a tensor, it is recommended to use sourceTensor.clone().detach() or sourceTensor.clone().detach().requires_grad_(True), rather than torch.tensor(sourceTensor).
  caption_input_ids = torch.tensor(input_ids)
/home/ML_courses/DL2020/efratblaier/vilio/entryU.py:174: UserWarning: To copy construct from a tensor, it is recommended to use sourceTensor.clone().detach() or sourceTensor.clone().detach().requires_grad_(True), rather than torch.tensor(sourceTensor).
  caption_input_ids = torch.tensor(input_ids)

Epoch(U) 4(5000): Train AC 97.12 RA 99.1643 LOSS 128.3021

Epoch(U) 4(5000): DEV AC 97.80 RA 99.7008 
Epoch(U) 4(5000): BEST AC 98.00 RA 99.7792 
/home/ML_courses/DL2020/efratblaier/vilio/entryU.py:174: UserWarning: To copy construct from a tensor, it is recommended to use sourceTensor.clone().detach() or sourceTensor.clone().detach().requires_grad_(True), rather than torch.tensor(sourceTensor).
  caption_input_ids = torch.tensor(input_ids)
/home/ML_courses/DL2020/efratblaier/vilio/entryU.py:174: UserWarning: To copy construct from a tensor, it is recommended to use sourceTensor.clone().detach() or sourceTensor.clone().detach().requires_grad_(True), rather than torch.tensor(sourceTensor).
  caption_input_ids = torch.tensor(input_ids)

Epoch(U) 4(5250): Train AC 96.78 RA 99.0786 LOSS 177.7958

Epoch(U) 4(5250): DEV AC 98.40 RA 99.5743 
Epoch(U) 4(5250): BEST AC 98.00 RA 99.7792 
/home/ML_courses/DL2020/efratblaier/vilio/entryU.py:174: UserWarning: To copy construct from a tensor, it is recommended to use sourceTensor.clone().detach() or sourceTensor.clone().detach().requires_grad_(True), rather than torch.tensor(sourceTensor).
  caption_input_ids = torch.tensor(input_ids)
/home/ML_courses/DL2020/efratblaier/vilio/entryU.py:174: UserWarning: To copy construct from a tensor, it is recommended to use sourceTensor.clone().detach() or sourceTensor.clone().detach().requires_grad_(True), rather than torch.tensor(sourceTensor).
  caption_input_ids = torch.tensor(input_ids)

Epoch(U) 4(5500): Train AC 96.78 RA 99.0766 LOSS 160.7972

Epoch(U) 4(5500): DEV AC 98.40 RA 99.6487 
Epoch(U) 4(5500): BEST AC 98.00 RA 99.7792 
Load model from ./data/LASTtraindev.pth
Load 1000 data from split(s) test_seen.
Start to load Faster-RCNN detected objects from data/HM_img.tsv
Loaded 1000 images in file data/HM_img.tsv in 66 seconds.
Use 1000 data in torch dataset

/home/ML_courses/DL2020/efratblaier/vilio/entryU.py:174: UserWarning: To copy construct from a tensor, it is recommended to use sourceTensor.clone().detach() or sourceTensor.clone().detach().requires_grad_(True), rather than torch.tensor(sourceTensor).
  caption_input_ids = torch.tensor(input_ids)
/home/ML_courses/DL2020/efratblaier/vilio/entryU.py:174: UserWarning: To copy construct from a tensor, it is recommended to use sourceTensor.clone().detach() or sourceTensor.clone().detach().requires_grad_(True), rather than torch.tensor(sourceTensor).
  caption_input_ids = torch.tensor(input_ids)
<class 'pandas.core.frame.DataFrame'>
RangeIndex: 1000 entries, 0 to 999
Data columns (total 3 columns):
 #   Column  Non-Null Count  Dtype  
---  ------  --------------  -----  
 0   id      1000 non-null   int64  
 1   proba   1000 non-null   float64
 2   label   1000 non-null   int64  
dtypes: float64(1), int64(2)
memory usage: 23.6 KB
None
Load 2000 data from split(s) test_unseen.
Start to load Faster-RCNN detected objects from data/HM_img.tsv
Loaded 2000 images in file data/HM_img.tsv in 67 seconds.
Use 2000 data in torch dataset

<class 'pandas.core.frame.DataFrame'>
RangeIndex: 2000 entries, 0 to 1999
Data columns (total 3 columns):
 #   Column  Non-Null Count  Dtype  
---  ------  --------------  -----  
 0   id      2000 non-null   int64  
 1   proba   2000 non-null   float64
 2   label   2000 non-null   int64  
dtypes: float64(1), int64(2)
memory usage: 47.0 KB
None
